12:55:43.996 [http-nio-8090-exec-1] INFO  o.a.c.c.C.[Tomcat].[localhost].[/] - Initializing Spring DispatcherServlet 'dispatcherServlet'
12:55:44.000 [http-nio-8090-exec-1] INFO  o.s.web.servlet.DispatcherServlet - Initializing Servlet 'dispatcherServlet'
12:55:44.001 [http-nio-8090-exec-1] DEBUG o.s.web.servlet.DispatcherServlet - Detected StandardServletMultipartResolver
12:55:44.009 [http-nio-8090-exec-1] DEBUG o.s.web.servlet.DispatcherServlet - enableLoggingRequestDetails='false': request parameters and headers will be masked to prevent unsafe logging of potentially sensitive data
12:55:44.009 [http-nio-8090-exec-1] INFO  o.s.web.servlet.DispatcherServlet - Completed initialization in 8 ms
12:55:44.026 [http-nio-8090-exec-1] DEBUG o.s.web.servlet.DispatcherServlet - GET "/item/publishpromo?id=1", parameters={masked}
12:55:44.027 [http-nio-8090-exec-1] DEBUG o.s.s.w.h.S.SESSION_LOGGER - No session found by id: Caching result for getSession(false) for this HttpServletRequest.
12:55:44.031 [http-nio-8090-exec-1] DEBUG o.s.w.s.m.m.a.RequestMappingHandlerMapping - Mapped to com.miaoshaproject.controller.ItemController#publishpromo(Integer)
12:55:44.057 [http-nio-8090-exec-1] DEBUG org.mybatis.spring.SqlSessionUtils - Creating a new SqlSession
12:55:44.061 [http-nio-8090-exec-1] DEBUG org.mybatis.spring.SqlSessionUtils - SqlSession [org.apache.ibatis.session.defaults.DefaultSqlSession@716e868c] was not registered for synchronization because synchronization is not active
12:55:44.072 [http-nio-8090-exec-1] DEBUG o.s.jdbc.datasource.DataSourceUtils - Fetching JDBC Connection from DataSource
12:55:44.116 [http-nio-8090-exec-1] INFO  c.alibaba.druid.pool.DruidDataSource - {dataSource-1} inited
12:55:44.326 [http-nio-8090-exec-1] DEBUG o.m.s.t.SpringManagedTransaction - JDBC Connection [com.mysql.jdbc.JDBC4Connection@a89cf1c] will not be managed by Spring
12:55:44.330 [http-nio-8090-exec-1] DEBUG c.m.d.P.selectByPrimaryKey - ==>  Preparing: select id, promo_name, start_time, end_time, item_id, promo_item_price from promo where id = ? 
12:55:44.342 [http-nio-8090-exec-1] DEBUG c.m.d.P.selectByPrimaryKey - ==> Parameters: 1(Integer)
12:55:44.372 [http-nio-8090-exec-1] DEBUG c.m.d.P.selectByPrimaryKey - <==      Total: 1
12:55:44.373 [http-nio-8090-exec-1] DEBUG org.mybatis.spring.SqlSessionUtils - Closing non transactional SqlSession [org.apache.ibatis.session.defaults.DefaultSqlSession@716e868c]
12:55:44.377 [http-nio-8090-exec-1] DEBUG org.mybatis.spring.SqlSessionUtils - Creating a new SqlSession
12:55:44.377 [http-nio-8090-exec-1] DEBUG org.mybatis.spring.SqlSessionUtils - SqlSession [org.apache.ibatis.session.defaults.DefaultSqlSession@3a8c85e9] was not registered for synchronization because synchronization is not active
12:55:44.377 [http-nio-8090-exec-1] DEBUG o.s.jdbc.datasource.DataSourceUtils - Fetching JDBC Connection from DataSource
12:55:44.377 [http-nio-8090-exec-1] DEBUG o.m.s.t.SpringManagedTransaction - JDBC Connection [com.mysql.jdbc.JDBC4Connection@a89cf1c] will not be managed by Spring
12:55:44.377 [http-nio-8090-exec-1] DEBUG c.m.d.I.selectByPrimaryKey - ==>  Preparing: select id, title, price, description, sales, img_url from item where id = ? 
12:55:44.378 [http-nio-8090-exec-1] DEBUG c.m.d.I.selectByPrimaryKey - ==> Parameters: 2(Integer)
12:55:44.381 [http-nio-8090-exec-1] DEBUG c.m.d.I.selectByPrimaryKey - <==      Total: 1
12:55:44.381 [http-nio-8090-exec-1] DEBUG org.mybatis.spring.SqlSessionUtils - Closing non transactional SqlSession [org.apache.ibatis.session.defaults.DefaultSqlSession@3a8c85e9]
12:55:44.381 [http-nio-8090-exec-1] DEBUG org.mybatis.spring.SqlSessionUtils - Creating a new SqlSession
12:55:44.381 [http-nio-8090-exec-1] DEBUG org.mybatis.spring.SqlSessionUtils - SqlSession [org.apache.ibatis.session.defaults.DefaultSqlSession@565cabcd] was not registered for synchronization because synchronization is not active
12:55:44.382 [http-nio-8090-exec-1] DEBUG o.s.jdbc.datasource.DataSourceUtils - Fetching JDBC Connection from DataSource
