12:55:44.382 [http-nio-8090-exec-1] DEBUG o.m.s.t.SpringManagedTransaction - JDBC Connection [com.mysql.jdbc.JDBC4Connection@a89cf1c] will not be managed by Spring
12:55:44.386 [http-nio-8090-exec-1] DEBUG c.m.d.I.selectByItemId - ==>  Preparing: select id, stock, item_id from item_stock where item_id = ? 
12:55:44.386 [http-nio-8090-exec-1] DEBUG c.m.d.I.selectByItemId - ==> Parameters: 2(Integer)
12:55:44.389 [http-nio-8090-exec-1] DEBUG c.m.d.I.selectByItemId - <==      Total: 1
12:55:44.390 [http-nio-8090-exec-1] DEBUG org.mybatis.spring.SqlSessionUtils - Closing non transactional SqlSession [org.apache.ibatis.session.defaults.DefaultSqlSession@565cabcd]
12:55:44.394 [http-nio-8090-exec-1] DEBUG org.mybatis.spring.SqlSessionUtils - Creating a new SqlSession
12:55:44.394 [http-nio-8090-exec-1] DEBUG org.mybatis.spring.SqlSessionUtils - SqlSession [org.apache.ibatis.session.defaults.DefaultSqlSession@48768acf] was not registered for synchronization because synchronization is not active
12:55:44.394 [http-nio-8090-exec-1] DEBUG o.s.jdbc.datasource.DataSourceUtils - Fetching JDBC Connection from DataSource
12:55:44.394 [http-nio-8090-exec-1] DEBUG o.m.s.t.SpringManagedTransaction - JDBC Connection [com.mysql.jdbc.JDBC4Connection@a89cf1c] will not be managed by Spring
12:55:44.394 [http-nio-8090-exec-1] DEBUG c.m.dao.PromoDOMapper.selectByItemId - ==>  Preparing: select id, promo_name, start_time, end_time, item_id, promo_item_price from promo where item_id = ? 
12:55:44.394 [http-nio-8090-exec-1] DEBUG c.m.dao.PromoDOMapper.selectByItemId - ==> Parameters: 2(Integer)
12:55:44.396 [http-nio-8090-exec-1] DEBUG c.m.dao.PromoDOMapper.selectByItemId - <==      Total: 1
12:55:44.397 [http-nio-8090-exec-1] DEBUG org.mybatis.spring.SqlSessionUtils - Closing non transactional SqlSession [org.apache.ibatis.session.defaults.DefaultSqlSession@48768acf]
12:55:44.483 [http-nio-8090-exec-1] DEBUG o.s.d.r.core.RedisConnectionUtils - Opening RedisConnection
12:55:44.488 [http-nio-8090-exec-1] DEBUG o.s.d.r.core.RedisConnectionUtils - Closing Redis Connection.
12:55:44.489 [http-nio-8090-exec-1] DEBUG o.s.d.r.core.RedisConnectionUtils - Opening RedisConnection
12:55:44.491 [http-nio-8090-exec-1] DEBUG o.s.d.r.core.RedisConnectionUtils - Closing Redis Connection.
12:55:44.525 [http-nio-8090-exec-1] DEBUG o.s.w.s.m.m.a.RequestResponseBodyMethodProcessor - Using 'application/json;q=0.8', given [text/html, application/xhtml+xml, image/webp, image/apng, application/signed-exchange;v=b3, application/xml;q=0.9, */*;q=0.8] and supported [application/json, application/*+json, application/json, application/*+json]
12:55:44.525 [http-nio-8090-exec-1] DEBUG o.s.w.s.m.m.a.RequestResponseBodyMethodProcessor - Writing [com.miaoshaproject.response.CommonReturnType@296d1ab8]
12:55:44.535 [http-nio-8090-exec-1] DEBUG o.s.web.servlet.DispatcherServlet - Completed 200 OK
12:55:44.536 [http-nio-8090-exec-1] DEBUG o.s.s.w.h.S.SESSION_LOGGER - No session found by id: Caching result for getSession(false) for this HttpServletRequest.
12:55:44.563 [http-nio-8090-exec-2] DEBUG o.s.web.servlet.DispatcherServlet - GET "/favicon.ico", parameters={}
12:55:44.563 [http-nio-8090-exec-2] DEBUG o.s.s.w.h.S.SESSION_LOGGER - No session found by id: Caching result for getSession(false) for this HttpServletRequest.
12:55:44.566 [http-nio-8090-exec-2] WARN  o.s.web.servlet.PageNotFound - No mapping for GET /favicon.ico
12:55:44.569 [http-nio-8090-exec-2] DEBUG o.s.w.s.m.m.a.ExceptionHandlerExceptionResolver - Using @ExceptionHandler com.miaoshaproject.controller.GlobalExceptionHandler#doError(HttpServletRequest, HttpServletResponse, Exception)
12:55:44.573 [http-nio-8090-exec-2] DEBUG o.s.w.s.m.m.a.RequestResponseBodyMethodProcessor - Using 'application/json;q=0.8', given [image/webp, image/apng, image/*, */*;q=0.8] and supported [application/json, application/*+json, application/json, application/*+json]
12:55:44.573 [http-nio-8090-exec-2] DEBUG o.s.w.s.m.m.a.RequestResponseBodyMethodProcessor - Writing [com.miaoshaproject.response.CommonReturnType@2d9d5b40]
12:55:44.602 [http-nio-8090-exec-2] DEBUG o.s.w.s.m.m.a.ExceptionHandlerExceptionResolver - Resolved [org.springframework.web.servlet.NoHandlerFoundException: No handler found for GET /favicon.ico]
12:55:44.602 [http-nio-8090-exec-2] DEBUG o.s.web.servlet.DispatcherServlet - Completed 200 OK
12:55:44.602 [http-nio-8090-exec-2] DEBUG o.s.s.w.h.S.SESSION_LOGGER - No session found by id: Caching result for getSession(false) for this HttpServletRequest.
