22:25:23.070 [http-nio-8090-exec-3] DEBUG org.mybatis.spring.SqlSessionUtils - Creating a new SqlSession
22:25:23.074 [http-nio-8090-exec-3] DEBUG org.mybatis.spring.SqlSessionUtils - SqlSession [org.apache.ibatis.session.defaults.DefaultSqlSession@4e35cf49] was not registered for synchronization because synchronization is not active
22:25:23.075 [http-nio-8090-exec-3] DEBUG o.s.jdbc.datasource.DataSourceUtils - Fetching JDBC Connection from DataSource
22:25:23.075 [http-nio-8090-exec-3] DEBUG o.m.s.t.SpringManagedTransaction - JDBC Connection [com.mysql.jdbc.JDBC4Connection@43fda471] will not be managed by Spring
22:25:23.075 [http-nio-8090-exec-3] DEBUG c.m.d.I.selectByItemId - ==>  Preparing: select id, stock, item_id from item_stock where item_id = ? 
22:25:23.075 [http-nio-8090-exec-3] DEBUG c.m.d.I.selectByItemId - ==> Parameters: 2(Integer)
22:25:23.076 [http-nio-8090-exec-3] DEBUG c.m.d.I.selectByItemId - <==      Total: 1
22:25:23.076 [http-nio-8090-exec-3] DEBUG org.mybatis.spring.SqlSessionUtils - Closing non transactional SqlSession [org.apache.ibatis.session.defaults.DefaultSqlSession@4e35cf49]
22:25:23.076 [http-nio-8090-exec-3] DEBUG org.mybatis.spring.SqlSessionUtils - Creating a new SqlSession
22:25:23.076 [http-nio-8090-exec-3] DEBUG org.mybatis.spring.SqlSessionUtils - SqlSession [org.apache.ibatis.session.defaults.DefaultSqlSession@cd5e577] was not registered for synchronization because synchronization is not active
22:25:23.077 [http-nio-8090-exec-3] DEBUG o.s.jdbc.datasource.DataSourceUtils - Fetching JDBC Connection from DataSource
22:25:23.077 [http-nio-8090-exec-3] DEBUG o.m.s.t.SpringManagedTransaction - JDBC Connection [com.mysql.jdbc.JDBC4Connection@43fda471] will not be managed by Spring
22:25:23.077 [http-nio-8090-exec-3] DEBUG c.m.dao.PromoDOMapper.selectByItemId - ==>  Preparing: select id, promo_name, start_time, end_time, item_id, promo_item_price from promo where item_id = ? 
22:25:23.077 [http-nio-8090-exec-3] DEBUG c.m.dao.PromoDOMapper.selectByItemId - ==> Parameters: 2(Integer)
22:25:23.078 [http-nio-8090-exec-3] DEBUG c.m.dao.PromoDOMapper.selectByItemId - <==      Total: 1
22:25:23.078 [http-nio-8090-exec-3] DEBUG org.mybatis.spring.SqlSessionUtils - Closing non transactional SqlSession [org.apache.ibatis.session.defaults.DefaultSqlSession@cd5e577]
22:25:23.078 [http-nio-8090-exec-3] DEBUG o.s.d.r.core.RedisConnectionUtils - Opening RedisConnection
22:25:23.079 [http-nio-8090-exec-3] DEBUG o.s.d.r.core.RedisConnectionUtils - Closing Redis Connection.
22:25:23.079 [http-nio-8090-exec-3] DEBUG o.s.d.r.core.RedisConnectionUtils - Opening RedisConnection
22:25:23.080 [http-nio-8090-exec-3] DEBUG o.s.d.r.core.RedisConnectionUtils - Closing Redis Connection.
22:25:23.080 [http-nio-8090-exec-3] DEBUG o.s.w.s.m.m.a.RequestResponseBodyMethodProcessor - Using 'application/json', given [*/*] and supported [application/json, application/*+json, application/json, application/*+json]
22:25:23.080 [http-nio-8090-exec-3] DEBUG o.s.w.s.m.m.a.RequestResponseBodyMethodProcessor - Writing [com.miaoshaproject.response.CommonReturnType@421df054]
22:25:23.081 [http-nio-8090-exec-3] DEBUG o.s.web.servlet.DispatcherServlet - Completed 200 OK
22:25:23.081 [http-nio-8090-exec-3] DEBUG o.s.s.w.h.S.SESSION_LOGGER - No session found by id: Caching result for getSession(false) for this HttpServletRequest.
