22:25:34.278 [http-nio-8090-exec-1] DEBUG o.s.d.r.core.RedisConnectionUtils - Closing Redis Connection.
22:25:34.281 [http-nio-8090-exec-1] DEBUG o.s.d.r.core.RedisConnectionUtils - Opening RedisConnection
22:25:34.282 [http-nio-8090-exec-1] DEBUG o.s.d.r.core.RedisConnectionUtils - Closing Redis Connection.
22:25:34.282 [http-nio-8090-exec-1] DEBUG o.s.d.r.core.RedisConnectionUtils - Opening RedisConnection
22:25:34.283 [http-nio-8090-exec-1] DEBUG o.s.d.r.core.RedisConnectionUtils - Closing Redis Connection.
22:25:34.283 [http-nio-8090-exec-1] DEBUG org.mybatis.spring.SqlSessionUtils - Fetched SqlSession [org.apache.ibatis.session.defaults.DefaultSqlSession@d692520] from current transaction
22:25:34.283 [http-nio-8090-exec-1] DEBUG c.m.d.U.selectByPrimaryKey - ==>  Preparing: select id, name, gender, age, telphone, register_mode, third_party_id from user_info where id = ? 
22:25:34.283 [http-nio-8090-exec-1] DEBUG c.m.d.U.selectByPrimaryKey - ==> Parameters: 8(Integer)
22:25:34.284 [http-nio-8090-exec-1] DEBUG c.m.d.U.selectByPrimaryKey - <==      Total: 1
22:25:34.284 [http-nio-8090-exec-1] DEBUG org.mybatis.spring.SqlSessionUtils - Releasing transactional SqlSession [org.apache.ibatis.session.defaults.DefaultSqlSession@d692520]
22:25:34.284 [http-nio-8090-exec-1] DEBUG org.mybatis.spring.SqlSessionUtils - Fetched SqlSession [org.apache.ibatis.session.defaults.DefaultSqlSession@d692520] from current transaction
22:25:34.284 [http-nio-8090-exec-1] DEBUG c.m.d.U.selectByUserId - ==>  Preparing: select id, encrpt_password, user_id from user_password where user_id = ? 
22:25:34.284 [http-nio-8090-exec-1] DEBUG c.m.d.U.selectByUserId - ==> Parameters: 8(Integer)
22:25:34.285 [http-nio-8090-exec-1] DEBUG c.m.d.U.selectByUserId - <==      Total: 1
22:25:34.285 [http-nio-8090-exec-1] DEBUG org.mybatis.spring.SqlSessionUtils - Releasing transactional SqlSession [org.apache.ibatis.session.defaults.DefaultSqlSession@d692520]
22:25:34.285 [http-nio-8090-exec-1] DEBUG o.s.d.r.core.RedisConnectionUtils - Opening RedisConnection
22:25:34.286 [http-nio-8090-exec-1] DEBUG o.s.d.r.core.RedisConnectionUtils - Closing Redis Connection.
22:25:34.286 [http-nio-8090-exec-1] DEBUG o.s.d.r.core.RedisConnectionUtils - Opening RedisConnection
22:25:34.286 [http-nio-8090-exec-1] DEBUG o.s.d.r.core.RedisConnectionUtils - Closing Redis Connection.
22:25:34.286 [http-nio-8090-exec-1] DEBUG o.s.j.d.DataSourceTransactionManager - Participating in existing transaction
22:25:34.286 [http-nio-8090-exec-1] DEBUG o.s.d.r.core.RedisConnectionUtils - Opening RedisConnection
22:25:34.287 [http-nio-8090-exec-1] DEBUG o.s.d.r.core.RedisConnectionUtils - Closing Redis Connection.
22:25:34.287 [http-nio-8090-exec-1] DEBUG o.s.d.r.core.RedisConnectionUtils - Opening RedisConnection
22:25:34.287 [http-nio-8090-exec-1] DEBUG o.s.d.r.core.RedisConnectionUtils - Closing Redis Connection.
22:25:34.287 [http-nio-8090-exec-1] DEBUG org.mybatis.spring.SqlSessionUtils - Transaction synchronization committing SqlSession [org.apache.ibatis.session.defaults.DefaultSqlSession@d692520]
22:25:34.287 [http-nio-8090-exec-1] DEBUG org.mybatis.spring.SqlSessionUtils - Transaction synchronization deregistering SqlSession [org.apache.ibatis.session.defaults.DefaultSqlSession@d692520]
22:25:34.287 [http-nio-8090-exec-1] DEBUG org.mybatis.spring.SqlSessionUtils - Transaction synchronization closing SqlSession [org.apache.ibatis.session.defaults.DefaultSqlSession@d692520]
22:25:34.287 [http-nio-8090-exec-1] DEBUG o.s.j.d.DataSourceTransactionManager - Initiating transaction commit
22:25:34.287 [http-nio-8090-exec-1] DEBUG o.s.j.d.DataSourceTransactionManager - Committing JDBC transaction on Connection [com.mysql.jdbc.JDBC4Connection@43fda471]
22:25:34.288 [http-nio-8090-exec-1] DEBUG o.s.j.d.DataSourceTransactionManager - Releasing JDBC Connection [com.mysql.jdbc.JDBC4Connection@43fda471] after transaction
22:25:34.288 [http-nio-8090-exec-1] DEBUG o.s.w.s.m.m.a.ExceptionHandlerExceptionResolver - Using @ExceptionHandler com.miaoshaproject.controller.OrderController#handlerException(HttpServletRequest, Exception)
22:25:34.289 [http-nio-8090-exec-1] DEBUG o.s.w.s.m.m.a.RequestResponseBodyMethodProcessor - Using 'application/json', given [*/*] and supported [application/json, application/*+json, application/json, application/*+json]
22:25:34.289 [http-nio-8090-exec-1] DEBUG o.s.w.s.m.m.a.RequestResponseBodyMethodProcessor - Writing [com.miaoshaproject.response.CommonReturnType@7fda833a]
22:25:34.290 [http-nio-8090-exec-1] DEBUG o.s.w.s.m.m.a.ExceptionHandlerExceptionResolver - Resolved [com.miaoshaproject.error.BusinessException]
22:25:34.290 [http-nio-8090-exec-1] DEBUG o.s.web.servlet.DispatcherServlet - Completed 200 OK
22:25:34.290 [http-nio-8090-exec-1] DEBUG o.s.s.w.h.S.SESSION_LOGGER - No session found by id: Caching result for getSession(false) for this HttpServletRequest.
