22:21:27.361 [main] DEBUG i.n.u.i.InternalThreadLocalMap - -Dio.netty.threadLocalMap.stringBuilder.initialSize: 1024
22:21:27.368 [main] DEBUG i.n.u.i.InternalThreadLocalMap - -Dio.netty.threadLocalMap.stringBuilder.maxSize: 4096
22:21:27.383 [main] DEBUG io.netty.util.ResourceLeakDetector - -Dio.netty.leakDetection.level: simple
22:21:27.383 [main] DEBUG io.netty.util.ResourceLeakDetector - -Dio.netty.leakDetection.targetRecords: 4
22:21:27.407 [main] DEBUG i.n.util.internal.PlatformDependent - Platform: Windows
22:21:27.409 [main] DEBUG i.n.util.internal.PlatformDependent0 - -Dio.netty.noUnsafe: false
22:21:27.409 [main] DEBUG i.n.util.internal.PlatformDependent0 - Java version: 8
22:21:27.411 [main] DEBUG i.n.util.internal.PlatformDependent0 - sun.misc.Unsafe.theUnsafe: available
22:21:27.413 [main] DEBUG i.n.util.internal.PlatformDependent0 - sun.misc.Unsafe.copyMemory: available
22:21:27.414 [main] DEBUG i.n.util.internal.PlatformDependent0 - java.nio.Buffer.address: available
22:21:27.415 [main] DEBUG i.n.util.internal.PlatformDependent0 - direct buffer constructor: available
22:21:27.416 [main] DEBUG i.n.util.internal.PlatformDependent0 - java.nio.Bits.unaligned: available, true
22:21:27.416 [main] DEBUG i.n.util.internal.PlatformDependent0 - jdk.internal.misc.Unsafe.allocateUninitializedArray(int): unavailable prior to Java9
22:21:27.416 [main] DEBUG i.n.util.internal.PlatformDependent0 - java.nio.DirectByteBuffer.<init>(long, int): available
22:21:27.416 [main] DEBUG i.n.util.internal.PlatformDependent - sun.misc.Unsafe: available
22:21:27.417 [main] DEBUG i.n.util.internal.PlatformDependent - -Dio.netty.tmpdir: C:\Users\Lijian\AppData\Local\Temp (java.io.tmpdir)
22:21:27.417 [main] DEBUG i.n.util.internal.PlatformDependent - -Dio.netty.bitMode: 64 (sun.arch.data.model)
22:21:27.421 [main] DEBUG i.n.util.internal.PlatformDependent - -Dio.netty.maxDirectMemory: 1883242496 bytes
22:21:27.421 [main] DEBUG i.n.util.internal.PlatformDependent - -Dio.netty.uninitializedArrayAllocationThreshold: -1
22:21:27.422 [main] DEBUG io.netty.util.internal.CleanerJava6 - java.nio.ByteBuffer.cleaner(): available
22:21:27.422 [main] DEBUG i.n.util.internal.PlatformDependent - -Dio.netty.noPreferDirect: false
22:21:27.422 [main] DEBUG i.n.util.ResourceLeakDetectorFactory - Loaded default ResourceLeakDetector: io.netty.util.ResourceLeakDetector@5c6a5192
22:21:27.437 [main] DEBUG i.n.util.internal.PlatformDependent - org.jctools-core.MpscChunkedArrayQueue: available
22:21:27.452 [main] DEBUG reactor.util.Loggers$LoggerFactory - Using Slf4j logging framework
22:21:27.501 [main] DEBUG i.l.c.r.DefaultClientResources - LatencyUtils/HdrUtils are not available, metrics are disabled
22:21:27.504 [main] DEBUG o.s.b.f.s.DefaultListableBeanFactory - Autowiring by type from bean name 'redisConnectionFactory' via factory method to bean named 'lettuceClientResources'
22:21:27.593 [main] DEBUG i.n.buffer.PooledByteBufAllocator - -Dio.netty.allocator.numHeapArenas: 16
22:21:27.593 [main] DEBUG i.n.buffer.PooledByteBufAllocator - -Dio.netty.allocator.numDirectArenas: 16
22:21:27.593 [main] DEBUG i.n.buffer.PooledByteBufAllocator - -Dio.netty.allocator.pageSize: 8192
22:21:27.593 [main] DEBUG i.n.buffer.PooledByteBufAllocator - -Dio.netty.allocator.maxOrder: 11
22:21:27.593 [main] DEBUG i.n.buffer.PooledByteBufAllocator - -Dio.netty.allocator.chunkSize: 16777216
22:21:27.593 [main] DEBUG i.n.buffer.PooledByteBufAllocator - -Dio.netty.allocator.tinyCacheSize: 512
