16:18:59.318 [http-nio-8090-exec-3] DEBUG org.mybatis.spring.SqlSessionUtils - SqlSession [org.apache.ibatis.session.defaults.DefaultSqlSession@3505c1fd] was not registered for synchronization because synchronization is not active
16:18:59.322 [http-nio-8090-exec-3] DEBUG o.s.jdbc.datasource.DataSourceUtils - Fetching JDBC Connection from DataSource
16:18:59.322 [http-nio-8090-exec-3] DEBUG o.m.s.t.SpringManagedTransaction - JDBC Connection [com.mysql.jdbc.JDBC4Connection@36bc3369] will not be managed by Spring
16:18:59.322 [http-nio-8090-exec-3] DEBUG c.m.d.I.selectByItemId - ==>  Preparing: select id, stock, item_id from item_stock where item_id = ? 
16:18:59.323 [http-nio-8090-exec-3] DEBUG c.m.d.I.selectByItemId - ==> Parameters: 2(Integer)
16:18:59.323 [http-nio-8090-exec-3] DEBUG c.m.d.I.selectByItemId - <==      Total: 1
16:18:59.324 [http-nio-8090-exec-3] DEBUG org.mybatis.spring.SqlSessionUtils - Closing non transactional SqlSession [org.apache.ibatis.session.defaults.DefaultSqlSession@3505c1fd]
16:18:59.324 [http-nio-8090-exec-3] DEBUG org.mybatis.spring.SqlSessionUtils - Creating a new SqlSession
16:18:59.324 [http-nio-8090-exec-3] DEBUG org.mybatis.spring.SqlSessionUtils - SqlSession [org.apache.ibatis.session.defaults.DefaultSqlSession@1e4b23ad] was not registered for synchronization because synchronization is not active
16:18:59.324 [http-nio-8090-exec-3] DEBUG o.s.jdbc.datasource.DataSourceUtils - Fetching JDBC Connection from DataSource
16:18:59.324 [http-nio-8090-exec-3] DEBUG o.m.s.t.SpringManagedTransaction - JDBC Connection [com.mysql.jdbc.JDBC4Connection@36bc3369] will not be managed by Spring
16:18:59.324 [http-nio-8090-exec-3] DEBUG c.m.dao.PromoDOMapper.selectByItemId - ==>  Preparing: select id, promo_name, start_time, end_time, item_id, promo_item_price from promo where item_id = ? 
16:18:59.324 [http-nio-8090-exec-3] DEBUG c.m.dao.PromoDOMapper.selectByItemId - ==> Parameters: 2(Integer)
16:18:59.326 [http-nio-8090-exec-3] DEBUG c.m.dao.PromoDOMapper.selectByItemId - <==      Total: 1
16:18:59.326 [http-nio-8090-exec-3] DEBUG org.mybatis.spring.SqlSessionUtils - Closing non transactional SqlSession [org.apache.ibatis.session.defaults.DefaultSqlSession@1e4b23ad]
16:18:59.448 [http-nio-8090-exec-3] DEBUG o.s.d.r.core.RedisConnectionUtils - Opening RedisConnection
16:18:59.449 [http-nio-8090-exec-3] DEBUG o.s.d.r.core.RedisConnectionUtils - Closing Redis Connection.
16:18:59.620 [http-nio-8090-exec-3] DEBUG o.s.w.s.m.m.a.RequestResponseBodyMethodProcessor - Using 'application/json;q=0.8', given [text/html, application/xhtml+xml, image/webp, image/apng, application/signed-exchange;v=b3, application/xml;q=0.9, */*;q=0.8] and supported [application/json, application/*+json, application/json, application/*+json]
16:18:59.621 [http-nio-8090-exec-3] DEBUG o.s.w.s.m.m.a.RequestResponseBodyMethodProcessor - Writing [com.miaoshaproject.response.CommonReturnType@176c9ef3]
16:18:59.621 [http-nio-8090-exec-3] DEBUG o.s.web.servlet.DispatcherServlet - Completed 200 OK
16:18:59.621 [http-nio-8090-exec-3] DEBUG o.s.s.w.h.S.SESSION_LOGGER - No session found by id: Caching result for getSession(false) for this HttpServletRequest.
16:18:59.693 [http-nio-8090-exec-5] DEBUG o.s.web.servlet.DispatcherServlet - GET "/favicon.ico", parameters={}
16:18:59.697 [http-nio-8090-exec-5] DEBUG o.s.s.w.h.S.SESSION_LOGGER - No session found by id: Caching result for getSession(false) for this HttpServletRequest.
16:18:59.698 [http-nio-8090-exec-5] WARN  o.s.web.servlet.PageNotFound - No mapping for GET /favicon.ico
16:18:59.699 [http-nio-8090-exec-5] DEBUG o.s.w.s.m.m.a.ExceptionHandlerExceptionResolver - Using @ExceptionHandler com.miaoshaproject.controller.GlobalExceptionHandler#doError(HttpServletRequest, HttpServletResponse, Exception)
16:18:59.701 [http-nio-8090-exec-5] DEBUG o.s.w.s.m.m.a.RequestResponseBodyMethodProcessor - Using 'application/json;q=0.8', given [image/webp, image/apng, image/*, */*;q=0.8] and supported [application/json, application/*+json, application/json, application/*+json]
16:18:59.702 [http-nio-8090-exec-5] DEBUG o.s.w.s.m.m.a.RequestResponseBodyMethodProcessor - Writing [com.miaoshaproject.response.CommonReturnType@1c7d6f94]
16:18:59.703 [http-nio-8090-exec-5] DEBUG o.s.w.s.m.m.a.ExceptionHandlerExceptionResolver - Resolved [org.springframework.web.servlet.NoHandlerFoundException: No handler found for GET /favicon.ico]
16:18:59.704 [http-nio-8090-exec-5] DEBUG o.s.web.servlet.DispatcherServlet - Completed 200 OK
16:18:59.704 [http-nio-8090-exec-5] DEBUG o.s.s.w.h.S.SESSION_LOGGER - No session found by id: Caching result for getSession(false) for this HttpServletRequest.
16:19:00.001 [pool-2-thread-1] DEBUG o.s.s.d.r.RedisSessionExpirationPolicy - Cleaning up sessions expiring at Sat Jan 18 16:19:00 CST 2020
16:19:00.001 [pool-2-thread-1] DEBUG o.s.d.r.core.RedisConnectionUtils - Opening RedisConnection
