16:06:43.444 [http-nio-8090-exec-1] DEBUG org.mybatis.spring.SqlSessionUtils - Closing non transactional SqlSession [org.apache.ibatis.session.defaults.DefaultSqlSession@a2d9469]
16:06:43.448 [http-nio-8090-exec-1] DEBUG org.mybatis.spring.SqlSessionUtils - Creating a new SqlSession
16:06:43.448 [http-nio-8090-exec-1] DEBUG org.mybatis.spring.SqlSessionUtils - SqlSession [org.apache.ibatis.session.defaults.DefaultSqlSession@f254e08] was not registered for synchronization because synchronization is not active
16:06:43.448 [http-nio-8090-exec-1] DEBUG o.s.jdbc.datasource.DataSourceUtils - Fetching JDBC Connection from DataSource
16:06:43.448 [http-nio-8090-exec-1] DEBUG o.m.s.t.SpringManagedTransaction - JDBC Connection [com.mysql.jdbc.JDBC4Connection@789fc5f] will not be managed by Spring
16:06:43.448 [http-nio-8090-exec-1] DEBUG c.m.d.I.selectByItemId - ==>  Preparing: select id, stock, item_id from item_stock where item_id = ? 
16:06:43.449 [http-nio-8090-exec-1] DEBUG c.m.d.I.selectByItemId - ==> Parameters: 1(Integer)
16:06:43.449 [http-nio-8090-exec-1] DEBUG c.m.d.I.selectByItemId - <==      Total: 1
16:06:43.449 [http-nio-8090-exec-1] DEBUG org.mybatis.spring.SqlSessionUtils - Closing non transactional SqlSession [org.apache.ibatis.session.defaults.DefaultSqlSession@f254e08]
16:06:43.450 [http-nio-8090-exec-1] DEBUG o.s.w.s.m.m.a.RequestResponseBodyMethodProcessor - Using 'application/json;q=0.8', given [text/html, application/xhtml+xml, image/webp, image/apng, application/signed-exchange;v=b3, application/xml;q=0.9, */*;q=0.8] and supported [application/json, application/*+json, application/json, application/*+json]
16:06:43.450 [http-nio-8090-exec-1] DEBUG o.s.w.s.m.m.a.RequestResponseBodyMethodProcessor - Writing [com.miaoshaproject.response.CommonReturnType@753b7020]
16:06:43.451 [http-nio-8090-exec-1] DEBUG o.s.web.servlet.DispatcherServlet - Completed 200 OK
16:06:43.451 [http-nio-8090-exec-1] DEBUG o.s.s.w.h.S.SESSION_LOGGER - No session found by id: Caching result for getSession(false) for this HttpServletRequest.
16:06:43.485 [http-nio-8090-exec-4] DEBUG o.s.web.servlet.DispatcherServlet - GET "/favicon.ico", parameters={}
16:06:43.486 [http-nio-8090-exec-4] DEBUG o.s.s.w.h.S.SESSION_LOGGER - No session found by id: Caching result for getSession(false) for this HttpServletRequest.
16:06:43.490 [http-nio-8090-exec-4] WARN  o.s.web.servlet.PageNotFound - No mapping for GET /favicon.ico
16:06:43.492 [http-nio-8090-exec-4] DEBUG o.s.w.s.m.m.a.ExceptionHandlerExceptionResolver - Using @ExceptionHandler com.miaoshaproject.controller.GlobalExceptionHandler#doError(HttpServletRequest, HttpServletResponse, Exception)
16:06:43.495 [http-nio-8090-exec-4] DEBUG o.s.w.s.m.m.a.RequestResponseBodyMethodProcessor - Using 'application/json;q=0.8', given [image/webp, image/apng, image/*, */*;q=0.8] and supported [application/json, application/*+json, application/json, application/*+json]
16:06:43.495 [http-nio-8090-exec-4] DEBUG o.s.w.s.m.m.a.RequestResponseBodyMethodProcessor - Writing [com.miaoshaproject.response.CommonReturnType@60543b36]
16:06:43.518 [http-nio-8090-exec-4] DEBUG o.s.w.s.m.m.a.ExceptionHandlerExceptionResolver - Resolved [org.springframework.web.servlet.NoHandlerFoundException: No handler found for GET /favicon.ico]
16:06:43.518 [http-nio-8090-exec-4] DEBUG o.s.web.servlet.DispatcherServlet - Completed 200 OK
16:06:43.518 [http-nio-8090-exec-4] DEBUG o.s.s.w.h.S.SESSION_LOGGER - No session found by id: Caching result for getSession(false) for this HttpServletRequest.
