15:57:15.674 [http-nio-8090-exec-10] DEBUG o.s.d.r.core.RedisConnectionUtils - Closing Redis Connection.
15:57:15.675 [http-nio-8090-exec-9] DEBUG o.s.d.r.core.RedisConnectionUtils - Closing Redis Connection.
15:57:15.682 [http-nio-8090-exec-10] DEBUG o.s.j.d.DataSourceTransactionManager - Creating new transaction with name [com.miaoshaproject.service.Impl.OrderServiceImpl.createOrder]: PROPAGATION_REQUIRES_NEW,ISOLATION_DEFAULT
15:57:15.682 [http-nio-8090-exec-9] DEBUG o.s.j.d.DataSourceTransactionManager - Creating new transaction with name [com.miaoshaproject.service.Impl.OrderServiceImpl.createOrder]: PROPAGATION_REQUIRES_NEW,ISOLATION_DEFAULT
15:57:15.690 [http-nio-8090-exec-10] DEBUG o.s.j.d.DataSourceTransactionManager - Acquired Connection [com.mysql.jdbc.JDBC4Connection@36bc3369] for JDBC transaction
15:57:15.690 [http-nio-8090-exec-10] DEBUG o.s.j.d.DataSourceTransactionManager - Switching JDBC Connection [com.mysql.jdbc.JDBC4Connection@36bc3369] to manual commit
15:57:15.691 [http-nio-8090-exec-10] DEBUG o.s.d.r.core.RedisConnectionUtils - Opening RedisConnection
15:57:15.700 [http-nio-8090-exec-9] DEBUG o.s.j.d.DataSourceTransactionManager - Acquired Connection [com.mysql.jdbc.JDBC4Connection@617bf0af] for JDBC transaction
15:57:15.700 [http-nio-8090-exec-9] DEBUG o.s.j.d.DataSourceTransactionManager - Switching JDBC Connection [com.mysql.jdbc.JDBC4Connection@617bf0af] to manual commit
15:57:15.701 [http-nio-8090-exec-9] DEBUG o.s.d.r.core.RedisConnectionUtils - Opening RedisConnection
15:57:15.713 [http-nio-8090-exec-9] DEBUG o.s.d.r.core.RedisConnectionUtils - Closing Redis Connection.
15:57:15.713 [http-nio-8090-exec-10] DEBUG o.s.d.r.core.RedisConnectionUtils - Closing Redis Connection.
15:57:15.713 [http-nio-8090-exec-9] DEBUG o.s.j.d.DataSourceTransactionManager - Initiating transaction rollback
15:57:15.713 [http-nio-8090-exec-10] DEBUG o.s.j.d.DataSourceTransactionManager - Initiating transaction rollback
15:57:15.713 [http-nio-8090-exec-9] DEBUG o.s.j.d.DataSourceTransactionManager - Rolling back JDBC transaction on Connection [com.mysql.jdbc.JDBC4Connection@617bf0af]
15:57:15.714 [http-nio-8090-exec-10] DEBUG o.s.j.d.DataSourceTransactionManager - Rolling back JDBC transaction on Connection [com.mysql.jdbc.JDBC4Connection@36bc3369]
15:57:15.714 [http-nio-8090-exec-9] DEBUG o.s.j.d.DataSourceTransactionManager - Releasing JDBC Connection [com.mysql.jdbc.JDBC4Connection@617bf0af] after transaction
15:57:15.714 [http-nio-8090-exec-10] DEBUG o.s.j.d.DataSourceTransactionManager - Releasing JDBC Connection [com.mysql.jdbc.JDBC4Connection@36bc3369] after transaction
15:57:15.714 [http-nio-8090-exec-9] DEBUG o.s.w.s.m.m.a.ExceptionHandlerExceptionResolver - Using @ExceptionHandler com.miaoshaproject.controller.OrderController#handlerException(HttpServletRequest, Exception)
15:57:15.714 [http-nio-8090-exec-10] DEBUG o.s.w.s.m.m.a.ExceptionHandlerExceptionResolver - Using @ExceptionHandler com.miaoshaproject.controller.OrderController#handlerException(HttpServletRequest, Exception)
15:57:15.715 [http-nio-8090-exec-10] DEBUG o.s.w.s.m.m.a.RequestResponseBodyMethodProcessor - Using 'application/json', given [*/*] and supported [application/json, application/*+json, application/json, application/*+json]
15:57:15.715 [http-nio-8090-exec-10] DEBUG o.s.w.s.m.m.a.RequestResponseBodyMethodProcessor - Writing [com.miaoshaproject.response.CommonReturnType@71e06951]
15:57:15.715 [http-nio-8090-exec-9] DEBUG o.s.w.s.m.m.a.RequestResponseBodyMethodProcessor - Using 'application/json', given [*/*] and supported [application/json, application/*+json, application/json, application/*+json]
15:57:15.715 [http-nio-8090-exec-9] DEBUG o.s.w.s.m.m.a.RequestResponseBodyMethodProcessor - Writing [com.miaoshaproject.response.CommonReturnType@5c9ee285]
15:57:15.715 [http-nio-8090-exec-9] DEBUG o.s.w.s.m.m.a.ExceptionHandlerExceptionResolver - Resolved [org.springframework.data.redis.serializer.SerializationException: Could not read JSON: Invalid format: "2019-12-07 13:14:27" is malformed at " 13:14:27" (through reference chain: com.miaoshaproject.service.model.ItemModel["promoModel"]->com.miaoshaproject.service.model.PromoModel["startTime"]); nested exception is com.fasterxml.jackson.databind.JsonMappingException: Invalid format: "2019-12-07 13:14:27" is malformed at " 13:14:27" (through reference chain: com.miaoshaproject.service.model.ItemModel["promoModel"]->com.miaoshaproject.service.model.PromoModel["startTime"])]
15:57:15.715 [http-nio-8090-exec-10] DEBUG o.s.w.s.m.m.a.ExceptionHandlerExceptionResolver - Resolved [org.springframework.data.redis.serializer.SerializationException: Could not read JSON: Invalid format: "2019-12-07 13:14:27" is malformed at " 13:14:27" (through reference chain: com.miaoshaproject.service.model.ItemModel["promoModel"]->com.miaoshaproject.service.model.PromoModel["startTime"]); nested exception is com.fasterxml.jackson.databind.JsonMappingException: Invalid format: "2019-12-07 13:14:27" is malformed at " 13:14:27" (through reference chain: com.miaoshaproject.service.model.ItemModel["promoModel"]->com.miaoshaproject.service.model.PromoModel["startTime"])]
15:57:15.715 [http-nio-8090-exec-9] DEBUG o.s.web.servlet.DispatcherServlet - Completed 200 OK
15:57:15.715 [http-nio-8090-exec-10] DEBUG o.s.web.servlet.DispatcherServlet - Completed 200 OK
15:57:15.715 [http-nio-8090-exec-9] DEBUG o.s.s.w.h.S.SESSION_LOGGER - No session found by id: Caching result for getSession(false) for this HttpServletRequest.
15:57:15.715 [http-nio-8090-exec-10] DEBUG o.s.s.w.h.S.SESSION_LOGGER - No session found by id: Caching result for getSession(false) for this HttpServletRequest.
15:57:15.763 [http-nio-8090-exec-8] DEBUG o.s.d.r.core.RedisConnectionUtils - Opening RedisConnection
15:57:15.764 [http-nio-8090-exec-8] DEBUG o.s.d.r.core.RedisConnectionUtils - Closing Redis Connection.
