22:08:41.757 [main] DEBUG i.n.u.i.InternalThreadLocalMap - -Dio.netty.threadLocalMap.stringBuilder.initialSize: 1024
22:08:41.761 [main] DEBUG i.n.u.i.InternalThreadLocalMap - -Dio.netty.threadLocalMap.stringBuilder.maxSize: 4096
22:08:41.769 [main] DEBUG io.netty.util.ResourceLeakDetector - -Dio.netty.leakDetection.level: simple
22:08:41.769 [main] DEBUG io.netty.util.ResourceLeakDetector - -Dio.netty.leakDetection.targetRecords: 4
22:08:41.786 [main] DEBUG i.n.util.internal.PlatformDependent - Platform: Windows
22:08:41.787 [main] DEBUG i.n.util.internal.PlatformDependent0 - -Dio.netty.noUnsafe: false
22:08:41.788 [main] DEBUG i.n.util.internal.PlatformDependent0 - Java version: 8
22:08:41.788 [main] DEBUG i.n.util.internal.PlatformDependent0 - sun.misc.Unsafe.theUnsafe: available
22:08:41.789 [main] DEBUG i.n.util.internal.PlatformDependent0 - sun.misc.Unsafe.copyMemory: available
22:08:41.789 [main] DEBUG i.n.util.internal.PlatformDependent0 - java.nio.Buffer.address: available
22:08:41.790 [main] DEBUG i.n.util.internal.PlatformDependent0 - direct buffer constructor: available
22:08:41.790 [main] DEBUG i.n.util.internal.PlatformDependent0 - java.nio.Bits.unaligned: available, true
22:08:41.790 [main] DEBUG i.n.util.internal.PlatformDependent0 - jdk.internal.misc.Unsafe.allocateUninitializedArray(int): unavailable prior to Java9
22:08:41.790 [main] DEBUG i.n.util.internal.PlatformDependent0 - java.nio.DirectByteBuffer.<init>(long, int): available
22:08:41.790 [main] DEBUG i.n.util.internal.PlatformDependent - sun.misc.Unsafe: available
22:08:41.791 [main] DEBUG i.n.util.internal.PlatformDependent - -Dio.netty.tmpdir: C:\Users\Lijian\AppData\Local\Temp (java.io.tmpdir)
22:08:41.791 [main] DEBUG i.n.util.internal.PlatformDependent - -Dio.netty.bitMode: 64 (sun.arch.data.model)
22:08:41.792 [main] DEBUG i.n.util.internal.PlatformDependent - -Dio.netty.maxDirectMemory: 1883242496 bytes
22:08:41.792 [main] DEBUG i.n.util.internal.PlatformDependent - -Dio.netty.uninitializedArrayAllocationThreshold: -1
22:08:41.793 [main] DEBUG io.netty.util.internal.CleanerJava6 - java.nio.ByteBuffer.cleaner(): available
22:08:41.793 [main] DEBUG i.n.util.internal.PlatformDependent - -Dio.netty.noPreferDirect: false
22:08:41.793 [main] DEBUG i.n.util.ResourceLeakDetectorFactory - Loaded default ResourceLeakDetector: io.netty.util.ResourceLeakDetector@6f31df32
22:08:41.801 [main] DEBUG i.n.util.internal.PlatformDependent - org.jctools-core.MpscChunkedArrayQueue: available
22:08:41.813 [main] DEBUG reactor.util.Loggers$LoggerFactory - Using Slf4j logging framework
22:08:41.849 [main] DEBUG i.l.c.r.DefaultClientResources - LatencyUtils/HdrUtils are not available, metrics are disabled
22:08:41.854 [main] DEBUG o.s.b.f.s.DefaultListableBeanFactory - Autowiring by type from bean name 'redisConnectionFactory' via factory method to bean named 'lettuceClientResources'
22:08:41.940 [main] DEBUG i.n.buffer.PooledByteBufAllocator - -Dio.netty.allocator.numHeapArenas: 16
22:08:41.940 [main] DEBUG i.n.buffer.PooledByteBufAllocator - -Dio.netty.allocator.numDirectArenas: 16
22:08:41.940 [main] DEBUG i.n.buffer.PooledByteBufAllocator - -Dio.netty.allocator.pageSize: 8192
22:08:41.940 [main] DEBUG i.n.buffer.PooledByteBufAllocator - -Dio.netty.allocator.maxOrder: 11
22:08:41.940 [main] DEBUG i.n.buffer.PooledByteBufAllocator - -Dio.netty.allocator.chunkSize: 16777216
22:08:41.940 [main] DEBUG i.n.buffer.PooledByteBufAllocator - -Dio.netty.allocator.tinyCacheSize: 512
