22:09:23.082 [http-nio-8090-exec-9] DEBUG org.mybatis.spring.SqlSessionUtils - Closing non transactional SqlSession [org.apache.ibatis.session.defaults.DefaultSqlSession@3addd4f7]
22:09:23.088 [http-nio-8090-exec-9] DEBUG org.mybatis.spring.SqlSessionUtils - Creating a new SqlSession
22:09:23.088 [http-nio-8090-exec-9] DEBUG org.mybatis.spring.SqlSessionUtils - SqlSession [org.apache.ibatis.session.defaults.DefaultSqlSession@f695890] was not registered for synchronization because synchronization is not active
22:09:23.088 [http-nio-8090-exec-9] DEBUG o.s.jdbc.datasource.DataSourceUtils - Fetching JDBC Connection from DataSource
22:09:23.089 [http-nio-8090-exec-9] DEBUG o.m.s.t.SpringManagedTransaction - JDBC Connection [com.mysql.jdbc.JDBC4Connection@5af47924] will not be managed by Spring
22:09:23.089 [http-nio-8090-exec-9] DEBUG c.m.d.I.selectByItemId - ==>  Preparing: select id, stock, item_id from item_stock where item_id = ? 
22:09:23.089 [http-nio-8090-exec-9] DEBUG c.m.d.I.selectByItemId - ==> Parameters: 2(Integer)
22:09:23.090 [http-nio-8090-exec-9] DEBUG c.m.d.I.selectByItemId - <==      Total: 1
22:09:23.090 [http-nio-8090-exec-9] DEBUG org.mybatis.spring.SqlSessionUtils - Closing non transactional SqlSession [org.apache.ibatis.session.defaults.DefaultSqlSession@f695890]
22:09:23.090 [http-nio-8090-exec-9] DEBUG org.mybatis.spring.SqlSessionUtils - Creating a new SqlSession
22:09:23.090 [http-nio-8090-exec-9] DEBUG org.mybatis.spring.SqlSessionUtils - SqlSession [org.apache.ibatis.session.defaults.DefaultSqlSession@51d2f2ff] was not registered for synchronization because synchronization is not active
22:09:23.090 [http-nio-8090-exec-9] DEBUG o.s.jdbc.datasource.DataSourceUtils - Fetching JDBC Connection from DataSource
22:09:23.090 [http-nio-8090-exec-9] DEBUG o.m.s.t.SpringManagedTransaction - JDBC Connection [com.mysql.jdbc.JDBC4Connection@5af47924] will not be managed by Spring
22:09:23.090 [http-nio-8090-exec-9] DEBUG c.m.d.I.selectByItemId - ==>  Preparing: select id, stock, item_id from item_stock where item_id = ? 
22:09:23.090 [http-nio-8090-exec-9] DEBUG c.m.d.I.selectByItemId - ==> Parameters: 1(Integer)
22:09:23.092 [http-nio-8090-exec-9] DEBUG c.m.d.I.selectByItemId - <==      Total: 1
22:09:23.092 [http-nio-8090-exec-9] DEBUG org.mybatis.spring.SqlSessionUtils - Closing non transactional SqlSession [org.apache.ibatis.session.defaults.DefaultSqlSession@51d2f2ff]
22:09:23.093 [http-nio-8090-exec-9] DEBUG o.s.w.s.m.m.a.RequestResponseBodyMethodProcessor - Using 'application/json', given [*/*] and supported [application/json, application/*+json, application/json, application/*+json]
22:09:23.093 [http-nio-8090-exec-9] DEBUG o.s.w.s.m.m.a.RequestResponseBodyMethodProcessor - Writing [com.miaoshaproject.response.CommonReturnType@1783a791]
22:09:23.098 [http-nio-8090-exec-9] DEBUG o.s.web.servlet.DispatcherServlet - Completed 200 OK
22:09:23.098 [http-nio-8090-exec-9] DEBUG o.s.s.w.h.S.SESSION_LOGGER - No session found by id: Caching result for getSession(false) for this HttpServletRequest.
