22:35:27.044 [main] DEBUG o.s.c.a.ClassPathBeanDefinitionScanner - Identified candidate component class: file [C:\Users\Lijian\Desktop\miaosha\target\classes\com\miaoshaproject\service\Impl\OrderServiceImpl.class]
22:35:27.055 [main] DEBUG o.s.c.a.ClassPathBeanDefinitionScanner - Identified candidate component class: file [C:\Users\Lijian\Desktop\miaosha\target\classes\com\miaoshaproject\service\Impl\PromoServiceImpl.class]
22:35:27.059 [main] DEBUG o.s.c.a.ClassPathBeanDefinitionScanner - Identified candidate component class: file [C:\Users\Lijian\Desktop\miaosha\target\classes\com\miaoshaproject\service\Impl\UserServiceImpl.class]
22:35:27.074 [main] DEBUG o.s.c.a.ClassPathBeanDefinitionScanner - Identified candidate component class: file [C:\Users\Lijian\Desktop\miaosha\target\classes\com\miaoshaproject\validator\ValidatorImpl.class]
22:35:27.430 [main] DEBUG o.s.c.e.PropertySourcesPropertyResolver - Found key 'spring.datasource.type' in PropertySource 'configurationProperties' with value of type String
22:35:27.434 [main] DEBUG o.s.c.e.PropertySourcesPropertyResolver - Found key 'spring.datasource.type' in PropertySource 'configurationProperties' with value of type String
22:35:27.436 [main] DEBUG o.s.c.e.PropertySourcesPropertyResolver - Found key 'spring.datasource.type' in PropertySource 'configurationProperties' with value of type String
22:35:27.442 [main] DEBUG o.s.c.e.PropertySourcesPropertyResolver - Found key 'spring.datasource.type' in PropertySource 'configurationProperties' with value of type String
22:35:27.620 [main] DEBUG o.m.s.mapper.ClassPathMapperScanner - Identified candidate component class: file [C:\Users\Lijian\Desktop\miaosha\target\classes\com\miaoshaproject\dao\ItemDOMapper.class]
22:35:27.620 [main] DEBUG o.m.s.mapper.ClassPathMapperScanner - Identified candidate component class: file [C:\Users\Lijian\Desktop\miaosha\target\classes\com\miaoshaproject\dao\ItemStockDOMapper.class]
22:35:27.620 [main] DEBUG o.m.s.mapper.ClassPathMapperScanner - Identified candidate component class: file [C:\Users\Lijian\Desktop\miaosha\target\classes\com\miaoshaproject\dao\OrderInfoDOMapper.class]
22:35:27.620 [main] DEBUG o.m.s.mapper.ClassPathMapperScanner - Identified candidate component class: file [C:\Users\Lijian\Desktop\miaosha\target\classes\com\miaoshaproject\dao\PromoDOMapper.class]
22:35:27.621 [main] DEBUG o.m.s.mapper.ClassPathMapperScanner - Identified candidate component class: file [C:\Users\Lijian\Desktop\miaosha\target\classes\com\miaoshaproject\dao\SequenceDoMapper.class]
22:35:27.621 [main] DEBUG o.m.s.mapper.ClassPathMapperScanner - Identified candidate component class: file [C:\Users\Lijian\Desktop\miaosha\target\classes\com\miaoshaproject\dao\UserDOMapper.class]
22:35:27.621 [main] DEBUG o.m.s.mapper.ClassPathMapperScanner - Identified candidate component class: file [C:\Users\Lijian\Desktop\miaosha\target\classes\com\miaoshaproject\dao\UserPasswordDOMapper.class]
22:35:27.622 [main] DEBUG o.m.s.mapper.ClassPathMapperScanner - Creating MapperFactoryBean with name 'itemDOMapper' and 'com.miaoshaproject.dao.ItemDOMapper' mapperInterface
22:35:27.622 [main] DEBUG o.m.s.mapper.ClassPathMapperScanner - Enabling autowire by type for MapperFactoryBean with name 'itemDOMapper'.
22:35:27.625 [main] DEBUG o.m.s.mapper.ClassPathMapperScanner - Creating MapperFactoryBean with name 'itemStockDOMapper' and 'com.miaoshaproject.dao.ItemStockDOMapper' mapperInterface
22:35:27.625 [main] DEBUG o.m.s.mapper.ClassPathMapperScanner - Enabling autowire by type for MapperFactoryBean with name 'itemStockDOMapper'.
22:35:27.625 [main] DEBUG o.m.s.mapper.ClassPathMapperScanner - Creating MapperFactoryBean with name 'orderInfoDOMapper' and 'com.miaoshaproject.dao.OrderInfoDOMapper' mapperInterface
22:35:27.625 [main] DEBUG o.m.s.mapper.ClassPathMapperScanner - Enabling autowire by type for MapperFactoryBean with name 'orderInfoDOMapper'.
22:35:27.625 [main] DEBUG o.m.s.mapper.ClassPathMapperScanner - Creating MapperFactoryBean with name 'promoDOMapper' and 'com.miaoshaproject.dao.PromoDOMapper' mapperInterface
22:35:27.625 [main] DEBUG o.m.s.mapper.ClassPathMapperScanner - Enabling autowire by type for MapperFactoryBean with name 'promoDOMapper'.
22:35:27.625 [main] DEBUG o.m.s.mapper.ClassPathMapperScanner - Creating MapperFactoryBean with name 'sequenceDoMapper' and 'com.miaoshaproject.dao.SequenceDoMapper' mapperInterface
22:35:27.625 [main] DEBUG o.m.s.mapper.ClassPathMapperScanner - Enabling autowire by type for MapperFactoryBean with name 'sequenceDoMapper'.
22:35:27.625 [main] DEBUG o.m.s.mapper.ClassPathMapperScanner - Creating MapperFactoryBean with name 'userDOMapper' and 'com.miaoshaproject.dao.UserDOMapper' mapperInterface
22:35:27.625 [main] DEBUG o.m.s.mapper.ClassPathMapperScanner - Enabling autowire by type for MapperFactoryBean with name 'userDOMapper'.
22:35:27.625 [main] DEBUG o.m.s.mapper.ClassPathMapperScanner - Creating MapperFactoryBean with name 'userPasswordDOMapper' and 'com.miaoshaproject.dao.UserPasswordDOMapper' mapperInterface
22:35:27.625 [main] DEBUG o.m.s.mapper.ClassPathMapperScanner - Enabling autowire by type for MapperFactoryBean with name 'userPasswordDOMapper'.
22:35:27.792 [main] DEBUG o.s.c.e.PropertySourcesPropertyResolver - Found key 'spring.datasource.type' in PropertySource 'configurationProperties' with value of type String
