16:23:34.048 [main] DEBUG i.n.u.i.InternalThreadLocalMap - -Dio.netty.threadLocalMap.stringBuilder.initialSize: 1024
16:23:34.050 [main] DEBUG i.n.u.i.InternalThreadLocalMap - -Dio.netty.threadLocalMap.stringBuilder.maxSize: 4096
16:23:34.057 [main] DEBUG io.netty.util.ResourceLeakDetector - -Dio.netty.leakDetection.level: simple
16:23:34.057 [main] DEBUG io.netty.util.ResourceLeakDetector - -Dio.netty.leakDetection.targetRecords: 4
16:23:34.074 [main] DEBUG i.n.util.internal.PlatformDependent - Platform: Windows
16:23:34.076 [main] DEBUG i.n.util.internal.PlatformDependent0 - -Dio.netty.noUnsafe: false
16:23:34.076 [main] DEBUG i.n.util.internal.PlatformDependent0 - Java version: 8
16:23:34.077 [main] DEBUG i.n.util.internal.PlatformDependent0 - sun.misc.Unsafe.theUnsafe: available
16:23:34.078 [main] DEBUG i.n.util.internal.PlatformDependent0 - sun.misc.Unsafe.copyMemory: available
16:23:34.078 [main] DEBUG i.n.util.internal.PlatformDependent0 - java.nio.Buffer.address: available
16:23:34.078 [main] DEBUG i.n.util.internal.PlatformDependent0 - direct buffer constructor: available
16:23:34.079 [main] DEBUG i.n.util.internal.PlatformDependent0 - java.nio.Bits.unaligned: available, true
16:23:34.079 [main] DEBUG i.n.util.internal.PlatformDependent0 - jdk.internal.misc.Unsafe.allocateUninitializedArray(int): unavailable prior to Java9
16:23:34.079 [main] DEBUG i.n.util.internal.PlatformDependent0 - java.nio.DirectByteBuffer.<init>(long, int): available
16:23:34.079 [main] DEBUG i.n.util.internal.PlatformDependent - sun.misc.Unsafe: available
16:23:34.080 [main] DEBUG i.n.util.internal.PlatformDependent - -Dio.netty.tmpdir: C:\Users\Lijian\AppData\Local\Temp (java.io.tmpdir)
16:23:34.080 [main] DEBUG i.n.util.internal.PlatformDependent - -Dio.netty.bitMode: 64 (sun.arch.data.model)
16:23:34.081 [main] DEBUG i.n.util.internal.PlatformDependent - -Dio.netty.maxDirectMemory: 1883242496 bytes
16:23:34.081 [main] DEBUG i.n.util.internal.PlatformDependent - -Dio.netty.uninitializedArrayAllocationThreshold: -1
16:23:34.082 [main] DEBUG io.netty.util.internal.CleanerJava6 - java.nio.ByteBuffer.cleaner(): available
16:23:34.082 [main] DEBUG i.n.util.internal.PlatformDependent - -Dio.netty.noPreferDirect: false
16:23:34.082 [main] DEBUG i.n.util.ResourceLeakDetectorFactory - Loaded default ResourceLeakDetector: io.netty.util.ResourceLeakDetector@5403799b
16:23:34.090 [main] DEBUG i.n.util.internal.PlatformDependent - org.jctools-core.MpscChunkedArrayQueue: available
16:23:34.100 [main] DEBUG reactor.util.Loggers$LoggerFactory - Using Slf4j logging framework
16:23:34.131 [main] DEBUG i.l.c.r.DefaultClientResources - LatencyUtils/HdrUtils are not available, metrics are disabled
16:23:34.133 [main] DEBUG o.s.b.f.s.DefaultListableBeanFactory - Autowiring by type from bean name 'redisConnectionFactory' via factory method to bean named 'lettuceClientResources'
16:23:34.206 [main] DEBUG i.n.buffer.PooledByteBufAllocator - -Dio.netty.allocator.numHeapArenas: 16
16:23:34.206 [main] DEBUG i.n.buffer.PooledByteBufAllocator - -Dio.netty.allocator.numDirectArenas: 16
16:23:34.206 [main] DEBUG i.n.buffer.PooledByteBufAllocator - -Dio.netty.allocator.pageSize: 8192
16:23:34.206 [main] DEBUG i.n.buffer.PooledByteBufAllocator - -Dio.netty.allocator.maxOrder: 11
16:23:34.207 [main] DEBUG i.n.buffer.PooledByteBufAllocator - -Dio.netty.allocator.chunkSize: 16777216
16:23:34.207 [main] DEBUG i.n.buffer.PooledByteBufAllocator - -Dio.netty.allocator.tinyCacheSize: 512
