16:17:40.573 [http-nio-8090-exec-5] DEBUG c.m.dao.ItemDOMapper.listItem - <==      Total: 2
16:17:40.579 [http-nio-8090-exec-5] DEBUG org.mybatis.spring.SqlSessionUtils - Closing non transactional SqlSession [org.apache.ibatis.session.defaults.DefaultSqlSession@7d3c6e17]
16:17:40.580 [http-nio-8090-exec-5] DEBUG org.mybatis.spring.SqlSessionUtils - Creating a new SqlSession
16:17:40.580 [http-nio-8090-exec-5] DEBUG org.mybatis.spring.SqlSessionUtils - SqlSession [org.apache.ibatis.session.defaults.DefaultSqlSession@770cd881] was not registered for synchronization because synchronization is not active
16:17:40.580 [http-nio-8090-exec-5] DEBUG o.s.jdbc.datasource.DataSourceUtils - Fetching JDBC Connection from DataSource
16:17:40.580 [http-nio-8090-exec-5] DEBUG o.m.s.t.SpringManagedTransaction - JDBC Connection [com.mysql.jdbc.JDBC4Connection@36bc3369] will not be managed by Spring
16:17:40.580 [http-nio-8090-exec-5] DEBUG c.m.d.I.selectByItemId - ==>  Preparing: select id, stock, item_id from item_stock where item_id = ? 
16:17:40.580 [http-nio-8090-exec-5] DEBUG c.m.d.I.selectByItemId - ==> Parameters: 2(Integer)
16:17:40.581 [http-nio-8090-exec-5] DEBUG c.m.d.I.selectByItemId - <==      Total: 1
16:17:40.581 [http-nio-8090-exec-5] DEBUG org.mybatis.spring.SqlSessionUtils - Closing non transactional SqlSession [org.apache.ibatis.session.defaults.DefaultSqlSession@770cd881]
16:17:40.581 [http-nio-8090-exec-5] DEBUG org.mybatis.spring.SqlSessionUtils - Creating a new SqlSession
16:17:40.581 [http-nio-8090-exec-5] DEBUG org.mybatis.spring.SqlSessionUtils - SqlSession [org.apache.ibatis.session.defaults.DefaultSqlSession@60f35c69] was not registered for synchronization because synchronization is not active
16:17:40.581 [http-nio-8090-exec-5] DEBUG o.s.jdbc.datasource.DataSourceUtils - Fetching JDBC Connection from DataSource
16:17:40.582 [http-nio-8090-exec-5] DEBUG o.m.s.t.SpringManagedTransaction - JDBC Connection [com.mysql.jdbc.JDBC4Connection@36bc3369] will not be managed by Spring
16:17:40.582 [http-nio-8090-exec-5] DEBUG c.m.d.I.selectByItemId - ==>  Preparing: select id, stock, item_id from item_stock where item_id = ? 
16:17:40.582 [http-nio-8090-exec-5] DEBUG c.m.d.I.selectByItemId - ==> Parameters: 1(Integer)
16:17:40.582 [http-nio-8090-exec-5] DEBUG c.m.d.I.selectByItemId - <==      Total: 1
16:17:40.582 [http-nio-8090-exec-5] DEBUG org.mybatis.spring.SqlSessionUtils - Closing non transactional SqlSession [org.apache.ibatis.session.defaults.DefaultSqlSession@60f35c69]
16:17:40.583 [http-nio-8090-exec-5] DEBUG o.s.w.s.m.m.a.RequestResponseBodyMethodProcessor - Using 'application/json', given [*/*] and supported [application/json, application/*+json, application/json, application/*+json]
16:17:40.583 [http-nio-8090-exec-5] DEBUG o.s.w.s.m.m.a.RequestResponseBodyMethodProcessor - Writing [com.miaoshaproject.response.CommonReturnType@6a9465b3]
16:17:40.583 [http-nio-8090-exec-5] DEBUG o.s.web.servlet.DispatcherServlet - Completed 200 OK
16:17:40.583 [http-nio-8090-exec-5] DEBUG o.s.s.w.h.S.SESSION_LOGGER - No session found by id: Caching result for getSession(false) for this HttpServletRequest.
