22:34:05.110 [http-nio-8090-exec-5] DEBUG o.s.d.r.core.RedisConnectionUtils - Closing Redis Connection.
22:34:05.114 [http-nio-8090-exec-5] DEBUG org.mybatis.spring.SqlSessionUtils - Creating a new SqlSession
22:34:05.114 [http-nio-8090-exec-5] DEBUG org.mybatis.spring.SqlSessionUtils - Registering transaction synchronization for SqlSession [org.apache.ibatis.session.defaults.DefaultSqlSession@12f12f80]
22:34:05.114 [http-nio-8090-exec-5] DEBUG o.m.s.t.SpringManagedTransaction - JDBC Connection [com.mysql.jdbc.JDBC4Connection@5af47924] will be managed by Spring
22:34:05.115 [http-nio-8090-exec-5] DEBUG c.m.d.I.selectByPrimaryKey - ==>  Preparing: select id, title, price, description, sales, img_url from item where id = ? 
22:34:05.115 [http-nio-8090-exec-5] DEBUG c.m.d.I.selectByPrimaryKey - ==> Parameters: 2(Integer)
22:34:05.116 [http-nio-8090-exec-5] DEBUG c.m.d.I.selectByPrimaryKey - <==      Total: 1
22:34:05.116 [http-nio-8090-exec-5] DEBUG org.mybatis.spring.SqlSessionUtils - Releasing transactional SqlSession [org.apache.ibatis.session.defaults.DefaultSqlSession@12f12f80]
22:34:05.116 [http-nio-8090-exec-5] DEBUG org.mybatis.spring.SqlSessionUtils - Fetched SqlSession [org.apache.ibatis.session.defaults.DefaultSqlSession@12f12f80] from current transaction
22:34:05.116 [http-nio-8090-exec-5] DEBUG c.m.d.I.selectByItemId - ==>  Preparing: select id, stock, item_id from item_stock where item_id = ? 
22:34:05.116 [http-nio-8090-exec-5] DEBUG c.m.d.I.selectByItemId - ==> Parameters: 2(Integer)
22:34:05.117 [http-nio-8090-exec-5] DEBUG c.m.d.I.selectByItemId - <==      Total: 1
22:34:05.117 [http-nio-8090-exec-5] DEBUG org.mybatis.spring.SqlSessionUtils - Releasing transactional SqlSession [org.apache.ibatis.session.defaults.DefaultSqlSession@12f12f80]
22:34:05.117 [http-nio-8090-exec-5] DEBUG org.mybatis.spring.SqlSessionUtils - Fetched SqlSession [org.apache.ibatis.session.defaults.DefaultSqlSession@12f12f80] from current transaction
22:34:05.117 [http-nio-8090-exec-5] DEBUG c.m.dao.PromoDOMapper.selectByItemId - ==>  Preparing: select id, promo_name, start_time, end_time, item_id, promo_item_price from promo where item_id = ? 
22:34:05.118 [http-nio-8090-exec-5] DEBUG c.m.dao.PromoDOMapper.selectByItemId - ==> Parameters: 2(Integer)
22:34:05.119 [http-nio-8090-exec-5] DEBUG c.m.dao.PromoDOMapper.selectByItemId - <==      Total: 1
22:34:05.119 [http-nio-8090-exec-5] DEBUG org.mybatis.spring.SqlSessionUtils - Releasing transactional SqlSession [org.apache.ibatis.session.defaults.DefaultSqlSession@12f12f80]
22:34:05.119 [http-nio-8090-exec-5] DEBUG o.s.d.r.core.RedisConnectionUtils - Opening RedisConnection
22:34:05.120 [http-nio-8090-exec-5] DEBUG o.s.d.r.core.RedisConnectionUtils - Closing Redis Connection.
22:34:05.120 [http-nio-8090-exec-5] DEBUG o.s.d.r.core.RedisConnectionUtils - Opening RedisConnection
22:34:05.121 [http-nio-8090-exec-5] DEBUG o.s.d.r.core.RedisConnectionUtils - Closing Redis Connection.
22:34:05.121 [http-nio-8090-exec-5] DEBUG o.s.d.r.core.RedisConnectionUtils - Opening RedisConnection
22:34:05.122 [http-nio-8090-exec-5] DEBUG o.s.d.r.core.RedisConnectionUtils - Closing Redis Connection.
22:34:05.123 [http-nio-8090-exec-5] DEBUG org.mybatis.spring.SqlSessionUtils - Fetched SqlSession [org.apache.ibatis.session.defaults.DefaultSqlSession@12f12f80] from current transaction
22:34:05.123 [http-nio-8090-exec-5] DEBUG c.m.d.U.selectByPrimaryKey - ==>  Preparing: select id, name, gender, age, telphone, register_mode, third_party_id from user_info where id = ? 
22:34:05.123 [http-nio-8090-exec-5] DEBUG c.m.d.U.selectByPrimaryKey - ==> Parameters: 8(Integer)
22:34:05.124 [http-nio-8090-exec-5] DEBUG c.m.d.U.selectByPrimaryKey - <==      Total: 1
22:34:05.124 [http-nio-8090-exec-5] DEBUG org.mybatis.spring.SqlSessionUtils - Releasing transactional SqlSession [org.apache.ibatis.session.defaults.DefaultSqlSession@12f12f80]
22:34:05.125 [http-nio-8090-exec-5] DEBUG org.mybatis.spring.SqlSessionUtils - Fetched SqlSession [org.apache.ibatis.session.defaults.DefaultSqlSession@12f12f80] from current transaction
22:34:05.125 [http-nio-8090-exec-5] DEBUG c.m.d.U.selectByUserId - ==>  Preparing: select id, encrpt_password, user_id from user_password where user_id = ? 
22:34:05.125 [http-nio-8090-exec-5] DEBUG c.m.d.U.selectByUserId - ==> Parameters: 8(Integer)
