20:19:33.829 [http-nio-8090-exec-1] DEBUG org.mybatis.spring.SqlSessionUtils - Creating a new SqlSession
20:19:33.833 [http-nio-8090-exec-1] DEBUG org.mybatis.spring.SqlSessionUtils - SqlSession [org.apache.ibatis.session.defaults.DefaultSqlSession@1a3b5f9b] was not registered for synchronization because synchronization is not active
20:19:33.833 [http-nio-8090-exec-1] DEBUG o.s.jdbc.datasource.DataSourceUtils - Fetching JDBC Connection from DataSource
20:19:33.833 [http-nio-8090-exec-1] DEBUG o.m.s.t.SpringManagedTransaction - JDBC Connection [com.mysql.jdbc.JDBC4Connection@289e913f] will not be managed by Spring
20:19:33.834 [http-nio-8090-exec-1] DEBUG c.m.d.I.selectByItemId - ==>  Preparing: select id, stock, item_id from item_stock where item_id = ? 
20:19:33.834 [http-nio-8090-exec-1] DEBUG c.m.d.I.selectByItemId - ==> Parameters: 2(Integer)
20:19:33.835 [http-nio-8090-exec-1] DEBUG c.m.d.I.selectByItemId - <==      Total: 1
20:19:33.835 [http-nio-8090-exec-1] DEBUG org.mybatis.spring.SqlSessionUtils - Closing non transactional SqlSession [org.apache.ibatis.session.defaults.DefaultSqlSession@1a3b5f9b]
20:19:33.835 [http-nio-8090-exec-1] DEBUG org.mybatis.spring.SqlSessionUtils - Creating a new SqlSession
20:19:33.835 [http-nio-8090-exec-1] DEBUG org.mybatis.spring.SqlSessionUtils - SqlSession [org.apache.ibatis.session.defaults.DefaultSqlSession@776ff37f] was not registered for synchronization because synchronization is not active
20:19:33.835 [http-nio-8090-exec-1] DEBUG o.s.jdbc.datasource.DataSourceUtils - Fetching JDBC Connection from DataSource
20:19:33.835 [http-nio-8090-exec-1] DEBUG o.m.s.t.SpringManagedTransaction - JDBC Connection [com.mysql.jdbc.JDBC4Connection@289e913f] will not be managed by Spring
20:19:33.836 [http-nio-8090-exec-1] DEBUG c.m.dao.PromoDOMapper.selectByItemId - ==>  Preparing: select id, promo_name, start_time, end_time, item_id, promo_item_price from promo where item_id = ? 
20:19:33.836 [http-nio-8090-exec-1] DEBUG c.m.dao.PromoDOMapper.selectByItemId - ==> Parameters: 2(Integer)
20:19:33.837 [http-nio-8090-exec-1] DEBUG c.m.dao.PromoDOMapper.selectByItemId - <==      Total: 1
20:19:33.838 [http-nio-8090-exec-1] DEBUG org.mybatis.spring.SqlSessionUtils - Closing non transactional SqlSession [org.apache.ibatis.session.defaults.DefaultSqlSession@776ff37f]
20:19:33.838 [http-nio-8090-exec-1] DEBUG o.s.d.r.core.RedisConnectionUtils - Opening RedisConnection
20:19:33.839 [http-nio-8090-exec-1] DEBUG o.s.d.r.core.RedisConnectionUtils - Closing Redis Connection.
20:19:33.839 [http-nio-8090-exec-1] DEBUG o.s.d.r.core.RedisConnectionUtils - Opening RedisConnection
20:19:33.839 [http-nio-8090-exec-1] DEBUG o.s.d.r.core.RedisConnectionUtils - Closing Redis Connection.
20:19:33.839 [http-nio-8090-exec-1] DEBUG o.s.w.s.m.m.a.RequestResponseBodyMethodProcessor - Using 'application/json', given [*/*] and supported [application/json, application/*+json, application/json, application/*+json]
20:19:33.840 [http-nio-8090-exec-1] DEBUG o.s.w.s.m.m.a.RequestResponseBodyMethodProcessor - Writing [com.miaoshaproject.response.CommonReturnType@2c6e98db]
20:19:33.840 [http-nio-8090-exec-1] DEBUG o.s.web.servlet.DispatcherServlet - Completed 200 OK
20:19:33.840 [http-nio-8090-exec-1] DEBUG o.s.s.w.h.S.SESSION_LOGGER - No session found by id: Caching result for getSession(false) for this HttpServletRequest.
