15:56:04.971 [http-nio-8090-exec-3] DEBUG o.m.s.t.SpringManagedTransaction - JDBC Connection [com.mysql.jdbc.JDBC4Connection@789fc5f] will not be managed by Spring
15:56:04.975 [http-nio-8090-exec-3] DEBUG c.m.d.I.selectByItemId - ==>  Preparing: select id, stock, item_id from item_stock where item_id = ? 
15:56:04.975 [http-nio-8090-exec-3] DEBUG c.m.d.I.selectByItemId - ==> Parameters: 2(Integer)
15:56:04.983 [http-nio-8090-exec-3] DEBUG c.m.d.I.selectByItemId - <==      Total: 1
15:56:04.984 [http-nio-8090-exec-3] DEBUG org.mybatis.spring.SqlSessionUtils - Closing non transactional SqlSession [org.apache.ibatis.session.defaults.DefaultSqlSession@2641a21f]
15:56:04.989 [http-nio-8090-exec-3] DEBUG org.mybatis.spring.SqlSessionUtils - Creating a new SqlSession
15:56:04.989 [http-nio-8090-exec-3] DEBUG org.mybatis.spring.SqlSessionUtils - SqlSession [org.apache.ibatis.session.defaults.DefaultSqlSession@7d99842a] was not registered for synchronization because synchronization is not active
15:56:04.989 [http-nio-8090-exec-3] DEBUG o.s.jdbc.datasource.DataSourceUtils - Fetching JDBC Connection from DataSource
15:56:04.989 [http-nio-8090-exec-3] DEBUG o.m.s.t.SpringManagedTransaction - JDBC Connection [com.mysql.jdbc.JDBC4Connection@789fc5f] will not be managed by Spring
15:56:04.989 [http-nio-8090-exec-3] DEBUG c.m.dao.PromoDOMapper.selectByItemId - ==>  Preparing: select id, promo_name, start_time, end_time, item_id, promo_item_price from promo where item_id = ? 
15:56:04.989 [http-nio-8090-exec-3] DEBUG c.m.dao.PromoDOMapper.selectByItemId - ==> Parameters: 2(Integer)
15:56:05.001 [http-nio-8090-exec-3] DEBUG c.m.dao.PromoDOMapper.selectByItemId - <==      Total: 1
15:56:05.001 [http-nio-8090-exec-3] DEBUG org.mybatis.spring.SqlSessionUtils - Closing non transactional SqlSession [org.apache.ibatis.session.defaults.DefaultSqlSession@7d99842a]
15:56:05.076 [http-nio-8090-exec-3] DEBUG o.s.d.r.core.RedisConnectionUtils - Opening RedisConnection
15:56:05.077 [http-nio-8090-exec-3] DEBUG o.s.d.r.core.RedisConnectionUtils - Closing Redis Connection.
15:56:05.077 [http-nio-8090-exec-3] DEBUG o.s.d.r.core.RedisConnectionUtils - Opening RedisConnection
15:56:05.078 [http-nio-8090-exec-3] DEBUG o.s.d.r.core.RedisConnectionUtils - Closing Redis Connection.
15:56:05.085 [http-nio-8090-exec-3] DEBUG o.s.w.s.m.m.a.RequestResponseBodyMethodProcessor - Using 'application/json', given [*/*] and supported [application/json, application/*+json, application/json, application/*+json]
15:56:05.085 [http-nio-8090-exec-3] DEBUG o.s.w.s.m.m.a.RequestResponseBodyMethodProcessor - Writing [com.miaoshaproject.response.CommonReturnType@716b800e]
15:56:05.091 [http-nio-8090-exec-3] DEBUG o.s.web.servlet.DispatcherServlet - Completed 200 OK
15:56:05.091 [http-nio-8090-exec-3] DEBUG o.s.s.w.h.S.SESSION_LOGGER - No session found by id: Caching result for getSession(false) for this HttpServletRequest.
