16:23:50.565 [http-nio-8090-exec-3] INFO  o.a.c.c.C.[Tomcat].[localhost].[/] - Initializing Spring DispatcherServlet 'dispatcherServlet'
16:23:50.569 [http-nio-8090-exec-3] INFO  o.s.web.servlet.DispatcherServlet - Initializing Servlet 'dispatcherServlet'
16:23:50.569 [http-nio-8090-exec-3] DEBUG o.s.web.servlet.DispatcherServlet - Detected StandardServletMultipartResolver
16:23:50.579 [http-nio-8090-exec-3] DEBUG o.s.web.servlet.DispatcherServlet - enableLoggingRequestDetails='false': request parameters and headers will be masked to prevent unsafe logging of potentially sensitive data
16:23:50.580 [http-nio-8090-exec-3] INFO  o.s.web.servlet.DispatcherServlet - Completed initialization in 11 ms
16:23:50.606 [http-nio-8090-exec-3] DEBUG o.s.web.servlet.DispatcherServlet - GET "/item/publishpromo?id=1", parameters={masked}
16:23:50.607 [http-nio-8090-exec-3] DEBUG o.s.s.w.h.S.SESSION_LOGGER - No session found by id: Caching result for getSession(false) for this HttpServletRequest.
16:23:50.610 [http-nio-8090-exec-3] DEBUG o.s.w.s.m.m.a.RequestMappingHandlerMapping - Mapped to com.miaoshaproject.controller.ItemController#publishpromo(Integer)
16:23:50.636 [http-nio-8090-exec-3] DEBUG org.mybatis.spring.SqlSessionUtils - Creating a new SqlSession
16:23:50.641 [http-nio-8090-exec-3] DEBUG org.mybatis.spring.SqlSessionUtils - SqlSession [org.apache.ibatis.session.defaults.DefaultSqlSession@796b2c1d] was not registered for synchronization because synchronization is not active
16:23:50.654 [http-nio-8090-exec-3] DEBUG o.s.jdbc.datasource.DataSourceUtils - Fetching JDBC Connection from DataSource
16:23:50.740 [http-nio-8090-exec-3] INFO  c.alibaba.druid.pool.DruidDataSource - {dataSource-1} inited
16:23:50.987 [http-nio-8090-exec-3] DEBUG o.m.s.t.SpringManagedTransaction - JDBC Connection [com.mysql.jdbc.JDBC4Connection@463bf978] will not be managed by Spring
16:23:50.990 [http-nio-8090-exec-3] DEBUG c.m.d.P.selectByPrimaryKey - ==>  Preparing: select id, promo_name, start_time, end_time, item_id, promo_item_price from promo where id = ? 
16:23:51.149 [http-nio-8090-exec-3] DEBUG c.m.d.P.selectByPrimaryKey - ==> Parameters: 1(Integer)
16:23:51.169 [http-nio-8090-exec-3] DEBUG c.m.d.P.selectByPrimaryKey - <==      Total: 1
16:23:51.170 [http-nio-8090-exec-3] DEBUG org.mybatis.spring.SqlSessionUtils - Closing non transactional SqlSession [org.apache.ibatis.session.defaults.DefaultSqlSession@796b2c1d]
16:23:51.178 [http-nio-8090-exec-3] DEBUG org.mybatis.spring.SqlSessionUtils - Creating a new SqlSession
16:23:51.178 [http-nio-8090-exec-3] DEBUG org.mybatis.spring.SqlSessionUtils - SqlSession [org.apache.ibatis.session.defaults.DefaultSqlSession@4f8c3a47] was not registered for synchronization because synchronization is not active
16:23:51.178 [http-nio-8090-exec-3] DEBUG o.s.jdbc.datasource.DataSourceUtils - Fetching JDBC Connection from DataSource
16:23:51.178 [http-nio-8090-exec-3] DEBUG o.m.s.t.SpringManagedTransaction - JDBC Connection [com.mysql.jdbc.JDBC4Connection@463bf978] will not be managed by Spring
16:23:51.178 [http-nio-8090-exec-3] DEBUG c.m.d.I.selectByPrimaryKey - ==>  Preparing: select id, title, price, description, sales, img_url from item where id = ? 
16:23:51.179 [http-nio-8090-exec-3] DEBUG c.m.d.I.selectByPrimaryKey - ==> Parameters: 2(Integer)
16:23:51.181 [http-nio-8090-exec-3] DEBUG c.m.d.I.selectByPrimaryKey - <==      Total: 1
16:23:51.182 [http-nio-8090-exec-3] DEBUG org.mybatis.spring.SqlSessionUtils - Closing non transactional SqlSession [org.apache.ibatis.session.defaults.DefaultSqlSession@4f8c3a47]
