16:23:51.182 [http-nio-8090-exec-3] DEBUG org.mybatis.spring.SqlSessionUtils - Creating a new SqlSession
16:23:51.186 [http-nio-8090-exec-3] DEBUG org.mybatis.spring.SqlSessionUtils - SqlSession [org.apache.ibatis.session.defaults.DefaultSqlSession@7b4769a7] was not registered for synchronization because synchronization is not active
16:23:51.187 [http-nio-8090-exec-3] DEBUG o.s.jdbc.datasource.DataSourceUtils - Fetching JDBC Connection from DataSource
16:23:51.187 [http-nio-8090-exec-3] DEBUG o.m.s.t.SpringManagedTransaction - JDBC Connection [com.mysql.jdbc.JDBC4Connection@463bf978] will not be managed by Spring
16:23:51.189 [http-nio-8090-exec-3] DEBUG c.m.d.I.selectByItemId - ==>  Preparing: select id, stock, item_id from item_stock where item_id = ? 
16:23:51.189 [http-nio-8090-exec-3] DEBUG c.m.d.I.selectByItemId - ==> Parameters: 2(Integer)
16:23:51.191 [http-nio-8090-exec-3] DEBUG c.m.d.I.selectByItemId - <==      Total: 1
16:23:51.191 [http-nio-8090-exec-3] DEBUG org.mybatis.spring.SqlSessionUtils - Closing non transactional SqlSession [org.apache.ibatis.session.defaults.DefaultSqlSession@7b4769a7]
16:23:51.197 [http-nio-8090-exec-3] DEBUG org.mybatis.spring.SqlSessionUtils - Creating a new SqlSession
16:23:51.197 [http-nio-8090-exec-3] DEBUG org.mybatis.spring.SqlSessionUtils - SqlSession [org.apache.ibatis.session.defaults.DefaultSqlSession@2519c9cc] was not registered for synchronization because synchronization is not active
16:23:51.197 [http-nio-8090-exec-3] DEBUG o.s.jdbc.datasource.DataSourceUtils - Fetching JDBC Connection from DataSource
16:23:51.197 [http-nio-8090-exec-3] DEBUG o.m.s.t.SpringManagedTransaction - JDBC Connection [com.mysql.jdbc.JDBC4Connection@463bf978] will not be managed by Spring
16:23:51.197 [http-nio-8090-exec-3] DEBUG c.m.dao.PromoDOMapper.selectByItemId - ==>  Preparing: select id, promo_name, start_time, end_time, item_id, promo_item_price from promo where item_id = ? 
16:23:51.197 [http-nio-8090-exec-3] DEBUG c.m.dao.PromoDOMapper.selectByItemId - ==> Parameters: 2(Integer)
16:23:51.200 [http-nio-8090-exec-3] DEBUG c.m.dao.PromoDOMapper.selectByItemId - <==      Total: 1
16:23:51.201 [http-nio-8090-exec-3] DEBUG org.mybatis.spring.SqlSessionUtils - Closing non transactional SqlSession [org.apache.ibatis.session.defaults.DefaultSqlSession@2519c9cc]
16:23:51.294 [http-nio-8090-exec-3] DEBUG o.s.d.r.core.RedisConnectionUtils - Opening RedisConnection
16:23:51.301 [http-nio-8090-exec-3] DEBUG o.s.d.r.core.RedisConnectionUtils - Closing Redis Connection.
16:23:51.341 [http-nio-8090-exec-3] DEBUG o.s.w.s.m.m.a.RequestResponseBodyMethodProcessor - Using 'application/json;q=0.8', given [text/html, application/xhtml+xml, image/webp, image/apng, application/signed-exchange;v=b3, application/xml;q=0.9, */*;q=0.8] and supported [application/json, application/*+json, application/json, application/*+json]
16:23:51.342 [http-nio-8090-exec-3] DEBUG o.s.w.s.m.m.a.RequestResponseBodyMethodProcessor - Writing [com.miaoshaproject.response.CommonReturnType@288dccdd]
16:23:51.356 [http-nio-8090-exec-3] DEBUG o.s.web.servlet.DispatcherServlet - Completed 200 OK
16:23:51.356 [http-nio-8090-exec-3] DEBUG o.s.s.w.h.S.SESSION_LOGGER - No session found by id: Caching result for getSession(false) for this HttpServletRequest.
16:23:51.369 [http-nio-8090-exec-2] DEBUG o.s.web.servlet.DispatcherServlet - GET "/favicon.ico", parameters={}
16:23:51.369 [http-nio-8090-exec-2] DEBUG o.s.s.w.h.S.SESSION_LOGGER - No session found by id: Caching result for getSession(false) for this HttpServletRequest.
16:23:51.371 [http-nio-8090-exec-2] WARN  o.s.web.servlet.PageNotFound - No mapping for GET /favicon.ico
16:23:51.375 [http-nio-8090-exec-2] DEBUG o.s.w.s.m.m.a.ExceptionHandlerExceptionResolver - Using @ExceptionHandler com.miaoshaproject.controller.GlobalExceptionHandler#doError(HttpServletRequest, HttpServletResponse, Exception)
16:23:51.381 [http-nio-8090-exec-2] DEBUG o.s.w.s.m.m.a.RequestResponseBodyMethodProcessor - Using 'application/json;q=0.8', given [image/webp, image/apng, image/*, */*;q=0.8] and supported [application/json, application/*+json, application/json, application/*+json]
16:23:51.381 [http-nio-8090-exec-2] DEBUG o.s.w.s.m.m.a.RequestResponseBodyMethodProcessor - Writing [com.miaoshaproject.response.CommonReturnType@469c5495]
16:23:51.424 [http-nio-8090-exec-2] DEBUG o.s.w.s.m.m.a.ExceptionHandlerExceptionResolver - Resolved [org.springframework.web.servlet.NoHandlerFoundException: No handler found for GET /favicon.ico]
16:23:51.425 [http-nio-8090-exec-2] DEBUG o.s.web.servlet.DispatcherServlet - Completed 200 OK
16:23:51.425 [http-nio-8090-exec-2] DEBUG o.s.s.w.h.S.SESSION_LOGGER - No session found by id: Caching result for getSession(false) for this HttpServletRequest.
