10:38:24.099 [http-nio-8090-exec-6] DEBUG o.s.jdbc.datasource.DataSourceUtils - Fetching JDBC Connection from DataSource
10:38:24.103 [http-nio-8090-exec-6] DEBUG o.m.s.t.SpringManagedTransaction - JDBC Connection [com.mysql.jdbc.JDBC4Connection@35bc682f] will not be managed by Spring
10:38:24.103 [http-nio-8090-exec-6] DEBUG c.m.d.I.selectByPrimaryKey - ==>  Preparing: select id, title, price, description, sales, img_url from item where id = ? 
10:38:24.103 [http-nio-8090-exec-6] DEBUG c.m.d.I.selectByPrimaryKey - ==> Parameters: 2(Integer)
10:38:24.104 [http-nio-8090-exec-6] DEBUG c.m.d.I.selectByPrimaryKey - <==      Total: 1
10:38:24.104 [http-nio-8090-exec-6] DEBUG org.mybatis.spring.SqlSessionUtils - Closing non transactional SqlSession [org.apache.ibatis.session.defaults.DefaultSqlSession@1063fca6]
10:38:24.104 [http-nio-8090-exec-6] DEBUG org.mybatis.spring.SqlSessionUtils - Creating a new SqlSession
10:38:24.104 [http-nio-8090-exec-6] DEBUG org.mybatis.spring.SqlSessionUtils - SqlSession [org.apache.ibatis.session.defaults.DefaultSqlSession@5600a7b5] was not registered for synchronization because synchronization is not active
10:38:24.104 [http-nio-8090-exec-6] DEBUG o.s.jdbc.datasource.DataSourceUtils - Fetching JDBC Connection from DataSource
10:38:24.104 [http-nio-8090-exec-6] DEBUG o.m.s.t.SpringManagedTransaction - JDBC Connection [com.mysql.jdbc.JDBC4Connection@35bc682f] will not be managed by Spring
10:38:24.104 [http-nio-8090-exec-6] DEBUG c.m.d.I.selectByItemId - ==>  Preparing: select id, stock, item_id from item_stock where item_id = ? 
10:38:24.105 [http-nio-8090-exec-6] DEBUG c.m.d.I.selectByItemId - ==> Parameters: 2(Integer)
10:38:24.105 [http-nio-8090-exec-6] DEBUG c.m.d.I.selectByItemId - <==      Total: 1
10:38:24.105 [http-nio-8090-exec-6] DEBUG org.mybatis.spring.SqlSessionUtils - Closing non transactional SqlSession [org.apache.ibatis.session.defaults.DefaultSqlSession@5600a7b5]
10:38:24.105 [http-nio-8090-exec-6] DEBUG org.mybatis.spring.SqlSessionUtils - Creating a new SqlSession
10:38:24.105 [http-nio-8090-exec-6] DEBUG org.mybatis.spring.SqlSessionUtils - SqlSession [org.apache.ibatis.session.defaults.DefaultSqlSession@4c907bea] was not registered for synchronization because synchronization is not active
10:38:24.106 [http-nio-8090-exec-6] DEBUG o.s.jdbc.datasource.DataSourceUtils - Fetching JDBC Connection from DataSource
10:38:24.106 [http-nio-8090-exec-6] DEBUG o.m.s.t.SpringManagedTransaction - JDBC Connection [com.mysql.jdbc.JDBC4Connection@35bc682f] will not be managed by Spring
10:38:24.106 [http-nio-8090-exec-6] DEBUG c.m.dao.PromoDOMapper.selectByItemId - ==>  Preparing: select id, promo_name, start_time, end_time, item_id, promo_item_price from promo where item_id = ? 
10:38:24.106 [http-nio-8090-exec-6] DEBUG c.m.dao.PromoDOMapper.selectByItemId - ==> Parameters: 2(Integer)
10:38:24.107 [http-nio-8090-exec-6] DEBUG c.m.dao.PromoDOMapper.selectByItemId - <==      Total: 1
10:38:24.107 [http-nio-8090-exec-6] DEBUG org.mybatis.spring.SqlSessionUtils - Closing non transactional SqlSession [org.apache.ibatis.session.defaults.DefaultSqlSession@4c907bea]
10:38:24.107 [http-nio-8090-exec-6] DEBUG o.s.d.r.core.RedisConnectionUtils - Opening RedisConnection
10:38:24.108 [http-nio-8090-exec-6] DEBUG o.s.d.r.core.RedisConnectionUtils - Closing Redis Connection.
10:38:24.109 [http-nio-8090-exec-6] DEBUG o.s.w.s.m.m.a.RequestResponseBodyMethodProcessor - Using 'application/json;q=0.8', given [text/html, application/xhtml+xml, image/webp, image/apng, application/signed-exchange;v=b3, application/xml;q=0.9, */*;q=0.8] and supported [application/json, application/*+json, application/json, application/*+json]
10:38:24.109 [http-nio-8090-exec-6] DEBUG o.s.w.s.m.m.a.RequestResponseBodyMethodProcessor - Writing [com.miaoshaproject.response.CommonReturnType@324d5f22]
10:38:24.109 [http-nio-8090-exec-6] DEBUG o.s.web.servlet.DispatcherServlet - Completed 200 OK
10:38:24.109 [http-nio-8090-exec-6] DEBUG o.s.s.w.h.S.SESSION_LOGGER - No session found by id: Caching result for getSession(false) for this HttpServletRequest.
10:38:24.121 [http-nio-8090-exec-9] DEBUG o.s.web.servlet.DispatcherServlet - GET "/favicon.ico", parameters={}
10:38:24.121 [http-nio-8090-exec-9] DEBUG o.s.s.w.h.S.SESSION_LOGGER - No session found by id: Caching result for getSession(false) for this HttpServletRequest.
10:38:24.123 [http-nio-8090-exec-9] WARN  o.s.web.servlet.PageNotFound - No mapping for GET /favicon.ico
10:38:24.124 [http-nio-8090-exec-9] DEBUG o.s.w.s.m.m.a.ExceptionHandlerExceptionResolver - Using @ExceptionHandler com.miaoshaproject.controller.GlobalExceptionHandler#doError(HttpServletRequest, HttpServletResponse, Exception)
