11:31:22.656 [http-nio-8090-exec-9] DEBUG c.m.d.I.selectByPrimaryKey - ==>  Preparing: select id, title, price, description, sales, img_url from item where id = ? 
11:31:22.662 [http-nio-8090-exec-9] DEBUG c.m.d.I.selectByPrimaryKey - ==> Parameters: 2(Integer)
11:31:22.664 [http-nio-8090-exec-9] DEBUG c.m.d.I.selectByPrimaryKey - <==      Total: 1
11:31:22.664 [http-nio-8090-exec-9] DEBUG org.mybatis.spring.SqlSessionUtils - Closing non transactional SqlSession [org.apache.ibatis.session.defaults.DefaultSqlSession@11459ac9]
11:31:22.664 [http-nio-8090-exec-9] DEBUG org.mybatis.spring.SqlSessionUtils - Creating a new SqlSession
11:31:22.664 [http-nio-8090-exec-9] DEBUG org.mybatis.spring.SqlSessionUtils - SqlSession [org.apache.ibatis.session.defaults.DefaultSqlSession@412d893b] was not registered for synchronization because synchronization is not active
11:31:22.665 [http-nio-8090-exec-9] DEBUG o.s.jdbc.datasource.DataSourceUtils - Fetching JDBC Connection from DataSource
11:31:22.665 [http-nio-8090-exec-9] DEBUG o.m.s.t.SpringManagedTransaction - JDBC Connection [com.mysql.jdbc.JDBC4Connection@6ac8c624] will not be managed by Spring
11:31:22.665 [http-nio-8090-exec-9] DEBUG c.m.d.I.selectByItemId - ==>  Preparing: select id, stock, item_id from item_stock where item_id = ? 
11:31:22.665 [http-nio-8090-exec-9] DEBUG c.m.d.I.selectByItemId - ==> Parameters: 2(Integer)
11:31:22.666 [http-nio-8090-exec-9] DEBUG c.m.d.I.selectByItemId - <==      Total: 1
11:31:22.666 [http-nio-8090-exec-9] DEBUG org.mybatis.spring.SqlSessionUtils - Closing non transactional SqlSession [org.apache.ibatis.session.defaults.DefaultSqlSession@412d893b]
11:31:22.667 [http-nio-8090-exec-9] DEBUG org.mybatis.spring.SqlSessionUtils - Creating a new SqlSession
11:31:22.667 [http-nio-8090-exec-9] DEBUG org.mybatis.spring.SqlSessionUtils - SqlSession [org.apache.ibatis.session.defaults.DefaultSqlSession@5cc37f81] was not registered for synchronization because synchronization is not active
11:31:22.667 [http-nio-8090-exec-9] DEBUG o.s.jdbc.datasource.DataSourceUtils - Fetching JDBC Connection from DataSource
11:31:22.667 [http-nio-8090-exec-9] DEBUG o.m.s.t.SpringManagedTransaction - JDBC Connection [com.mysql.jdbc.JDBC4Connection@6ac8c624] will not be managed by Spring
11:31:22.667 [http-nio-8090-exec-9] DEBUG c.m.dao.PromoDOMapper.selectByItemId - ==>  Preparing: select id, promo_name, start_time, end_time, item_id, promo_item_price from promo where item_id = ? 
11:31:22.667 [http-nio-8090-exec-9] DEBUG c.m.dao.PromoDOMapper.selectByItemId - ==> Parameters: 2(Integer)
11:31:22.675 [http-nio-8090-exec-9] DEBUG c.m.dao.PromoDOMapper.selectByItemId - <==      Total: 1
11:31:22.676 [http-nio-8090-exec-9] DEBUG org.mybatis.spring.SqlSessionUtils - Closing non transactional SqlSession [org.apache.ibatis.session.defaults.DefaultSqlSession@5cc37f81]
11:31:22.676 [http-nio-8090-exec-9] DEBUG o.s.d.r.core.RedisConnectionUtils - Opening RedisConnection
11:31:22.677 [http-nio-8090-exec-9] DEBUG o.s.d.r.core.RedisConnectionUtils - Closing Redis Connection.
11:31:22.677 [http-nio-8090-exec-9] DEBUG o.s.w.s.m.m.a.RequestResponseBodyMethodProcessor - Using 'application/json;q=0.8', given [text/html, application/xhtml+xml, image/webp, image/apng, application/signed-exchange;v=b3, application/xml;q=0.9, */*;q=0.8] and supported [application/json, application/*+json, application/json, application/*+json]
11:31:22.677 [http-nio-8090-exec-9] DEBUG o.s.w.s.m.m.a.RequestResponseBodyMethodProcessor - Writing [com.miaoshaproject.response.CommonReturnType@30338d6]
11:31:22.678 [http-nio-8090-exec-9] DEBUG o.s.web.servlet.DispatcherServlet - Completed 200 OK
11:31:22.678 [http-nio-8090-exec-9] DEBUG o.s.s.w.h.S.SESSION_LOGGER - No session found by id: Caching result for getSession(false) for this HttpServletRequest.
11:31:22.693 [http-nio-8090-exec-10] DEBUG o.s.web.servlet.DispatcherServlet - GET "/favicon.ico", parameters={}
11:31:22.693 [http-nio-8090-exec-10] DEBUG o.s.s.w.h.S.SESSION_LOGGER - No session found by id: Caching result for getSession(false) for this HttpServletRequest.
11:31:22.694 [http-nio-8090-exec-10] WARN  o.s.web.servlet.PageNotFound - No mapping for GET /favicon.ico
11:31:22.694 [http-nio-8090-exec-10] DEBUG o.s.w.s.m.m.a.ExceptionHandlerExceptionResolver - Using @ExceptionHandler com.miaoshaproject.controller.GlobalExceptionHandler#doError(HttpServletRequest, HttpServletResponse, Exception)
