10:47:48.018 [main] DEBUG o.s.c.e.PropertySourcesPropertyResolver - Found key 'mq.topicname' in PropertySource 'configurationProperties' with value of type String
10:47:48.021 [main] DEBUG o.s.c.e.PropertySourcesPropertyResolver - Found key 'mq.topicname' in PropertySource 'environmentProperties' with value of type String
10:47:48.022 [main] DEBUG o.s.b.f.s.DefaultListableBeanFactory - Creating shared instance of singleton bean 'orderServiceImpl'
10:47:48.039 [main] DEBUG o.s.b.f.s.DefaultListableBeanFactory - Creating shared instance of singleton bean 'userServiceImpl'
10:47:48.042 [main] DEBUG o.s.b.f.s.DefaultListableBeanFactory - Creating shared instance of singleton bean 'userPasswordDOMapper'
10:47:48.044 [main] DEBUG o.s.b.f.s.DefaultListableBeanFactory - Creating shared instance of singleton bean 'validatorImpl'
10:47:48.046 [main] DEBUG o.h.v.i.e.r.TraversableResolvers - Cannot find javax.persistence.Persistence on classpath. Assuming non JPA 2 environment. All properties will per default be traversable.
10:47:48.047 [main] DEBUG o.h.v.i.x.config.ValidationXmlParser - Trying to load META-INF/validation.xml for XML based Validator configuration.
10:47:48.047 [main] DEBUG o.h.v.i.x.c.ResourceLoaderHelper - Trying to load META-INF/validation.xml via TCCL
10:47:48.048 [main] DEBUG o.h.v.i.x.c.ResourceLoaderHelper - Trying to load META-INF/validation.xml via Hibernate Validator's class loader
10:47:48.048 [main] DEBUG o.h.v.i.x.config.ValidationXmlParser - No META-INF/validation.xml found. Using annotation based configuration only.
10:47:48.048 [main] DEBUG o.h.v.m.ResourceBundleMessageInterpolator - Loaded expression factory via original TCCL
10:47:48.051 [main] DEBUG o.h.v.i.e.ValidatorFactoryConfigurationHelper - HV000252: Using org.hibernate.validator.internal.engine.DefaultPropertyNodeNameProvider as property node name provider.
10:47:48.051 [main] DEBUG o.h.v.i.e.ValidatorFactoryConfigurationHelper - HV000234: Using org.hibernate.validator.messageinterpolation.ResourceBundleMessageInterpolator as ValidatorFactory-scoped message interpolator.
10:47:48.051 [main] DEBUG o.h.v.i.e.ValidatorFactoryConfigurationHelper - HV000234: Using org.hibernate.validator.internal.engine.resolver.TraverseAllTraversableResolver as ValidatorFactory-scoped traversable resolver.
10:47:48.051 [main] DEBUG o.h.v.i.e.ValidatorFactoryConfigurationHelper - HV000234: Using org.hibernate.validator.internal.util.ExecutableParameterNameProvider as ValidatorFactory-scoped parameter name provider.
10:47:48.052 [main] DEBUG o.h.v.i.e.ValidatorFactoryConfigurationHelper - HV000234: Using org.hibernate.validator.internal.engine.DefaultClockProvider as ValidatorFactory-scoped clock provider.
10:47:48.052 [main] DEBUG o.h.v.i.e.ValidatorFactoryConfigurationHelper - HV000234: Using org.hibernate.validator.internal.engine.scripting.DefaultScriptEvaluatorFactory as ValidatorFactory-scoped script evaluator factory.
10:47:48.053 [main] DEBUG o.s.b.f.s.DefaultListableBeanFactory - Creating shared instance of singleton bean 'redisTemplate'
10:47:48.054 [main] DEBUG o.s.b.f.s.DefaultListableBeanFactory - Autowiring by type from bean name 'redisTemplate' via factory method to bean named 'redisConnectionFactory'
10:47:48.074 [main] DEBUG o.s.b.f.s.DefaultListableBeanFactory - Creating shared instance of singleton bean 'orderInfoDOMapper'
10:47:48.076 [main] DEBUG o.s.b.f.s.DefaultListableBeanFactory - Creating shared instance of singleton bean 'sequenceDoMapper'
10:47:48.078 [main] DEBUG o.s.b.f.s.DefaultListableBeanFactory - Creating shared instance of singleton bean 'stockLogDOMapper'
10:47:48.716 [main] DEBUG o.s.b.f.s.DefaultListableBeanFactory - Creating shared instance of singleton bean 'itemDOMapper'
10:47:48.718 [main] DEBUG o.s.b.f.s.DefaultListableBeanFactory - Creating shared instance of singleton bean 'itemStockDOMapper'
10:47:48.720 [main] DEBUG o.s.b.f.s.DefaultListableBeanFactory - Creating shared instance of singleton bean 'promoServiceImpl'
10:47:48.721 [main] DEBUG o.s.b.f.s.DefaultListableBeanFactory - Creating shared instance of singleton bean 'promoDOMapper'
10:47:48.725 [main] DEBUG o.s.b.f.s.DefaultListableBeanFactory - Creating shared instance of singleton bean 'cacheServiceImpl'
10:47:48.748 [main] DEBUG o.s.b.f.s.DefaultListableBeanFactory - Creating shared instance of singleton bean 'order'
10:47:48.754 [main] DEBUG o.s.b.f.s.DefaultListableBeanFactory - Creating shared instance of singleton bean 'user'
10:47:48.756 [main] DEBUG o.s.b.f.s.DefaultListableBeanFactory - Creating shared instance of singleton bean 'mqConsumer'
10:47:48.758 [main] DEBUG o.s.c.e.PropertySourcesPropertyResolver - Found key 'mq.nameserver.addr' in PropertySource 'configurationProperties' with value of type String
10:47:48.758 [main] DEBUG o.s.c.e.PropertySourcesPropertyResolver - Found key 'mq.nameserver.addr' in PropertySource 'environmentProperties' with value of type String
10:47:48.758 [main] DEBUG o.s.c.e.PropertySourcesPropertyResolver - Found key 'mq.topicname' in PropertySource 'configurationProperties' with value of type String
10:47:48.758 [main] DEBUG o.s.c.e.PropertySourcesPropertyResolver - Found key 'mq.topicname' in PropertySource 'environmentProperties' with value of type String
