11:21:58.602 [http-nio-8090-exec-10] DEBUG c.m.dao.ItemDOMapper.listItem - <==      Total: 2
11:21:58.610 [http-nio-8090-exec-10] DEBUG org.mybatis.spring.SqlSessionUtils - Closing non transactional SqlSession [org.apache.ibatis.session.defaults.DefaultSqlSession@20e983e2]
11:21:58.610 [http-nio-8090-exec-10] DEBUG org.mybatis.spring.SqlSessionUtils - Creating a new SqlSession
11:21:58.610 [http-nio-8090-exec-10] DEBUG org.mybatis.spring.SqlSessionUtils - SqlSession [org.apache.ibatis.session.defaults.DefaultSqlSession@63c997a9] was not registered for synchronization because synchronization is not active
11:21:58.610 [http-nio-8090-exec-10] DEBUG o.s.jdbc.datasource.DataSourceUtils - Fetching JDBC Connection from DataSource
11:21:58.611 [http-nio-8090-exec-10] DEBUG o.m.s.t.SpringManagedTransaction - JDBC Connection [com.mysql.jdbc.JDBC4Connection@6ac8c624] will not be managed by Spring
11:21:58.611 [http-nio-8090-exec-10] DEBUG c.m.d.I.selectByItemId - ==>  Preparing: select id, stock, item_id from item_stock where item_id = ? 
11:21:58.611 [http-nio-8090-exec-10] DEBUG c.m.d.I.selectByItemId - ==> Parameters: 2(Integer)
11:21:58.612 [http-nio-8090-exec-10] DEBUG c.m.d.I.selectByItemId - <==      Total: 1
11:21:58.612 [http-nio-8090-exec-10] DEBUG org.mybatis.spring.SqlSessionUtils - Closing non transactional SqlSession [org.apache.ibatis.session.defaults.DefaultSqlSession@63c997a9]
11:21:58.612 [http-nio-8090-exec-10] DEBUG org.mybatis.spring.SqlSessionUtils - Creating a new SqlSession
11:21:58.612 [http-nio-8090-exec-10] DEBUG org.mybatis.spring.SqlSessionUtils - SqlSession [org.apache.ibatis.session.defaults.DefaultSqlSession@e9fda4f] was not registered for synchronization because synchronization is not active
11:21:58.612 [http-nio-8090-exec-10] DEBUG o.s.jdbc.datasource.DataSourceUtils - Fetching JDBC Connection from DataSource
11:21:58.612 [http-nio-8090-exec-10] DEBUG o.m.s.t.SpringManagedTransaction - JDBC Connection [com.mysql.jdbc.JDBC4Connection@6ac8c624] will not be managed by Spring
11:21:58.612 [http-nio-8090-exec-10] DEBUG c.m.d.I.selectByItemId - ==>  Preparing: select id, stock, item_id from item_stock where item_id = ? 
11:21:58.613 [http-nio-8090-exec-10] DEBUG c.m.d.I.selectByItemId - ==> Parameters: 1(Integer)
11:21:58.613 [http-nio-8090-exec-10] DEBUG c.m.d.I.selectByItemId - <==      Total: 1
11:21:58.614 [http-nio-8090-exec-10] DEBUG org.mybatis.spring.SqlSessionUtils - Closing non transactional SqlSession [org.apache.ibatis.session.defaults.DefaultSqlSession@e9fda4f]
11:21:58.614 [http-nio-8090-exec-10] DEBUG o.s.w.s.m.m.a.RequestResponseBodyMethodProcessor - Using 'application/json', given [*/*] and supported [application/json, application/*+json, application/json, application/*+json]
11:21:58.615 [http-nio-8090-exec-10] DEBUG o.s.w.s.m.m.a.RequestResponseBodyMethodProcessor - Writing [com.miaoshaproject.response.CommonReturnType@319ecae3]
11:21:58.616 [http-nio-8090-exec-10] DEBUG o.s.web.servlet.DispatcherServlet - Completed 200 OK
11:21:58.616 [http-nio-8090-exec-10] DEBUG o.s.s.w.h.S.SESSION_LOGGER - No session found by id: Caching result for getSession(false) for this HttpServletRequest.
