11:18:57.433 [http-nio-8090-exec-9] DEBUG o.s.d.r.core.RedisConnectionUtils - Opening RedisConnection
11:18:57.437 [http-nio-8090-exec-9] DEBUG o.s.d.r.core.RedisConnectionUtils - Closing Redis Connection.
11:18:57.437 [http-nio-8090-exec-9] DEBUG o.s.d.r.core.RedisConnectionUtils - Opening RedisConnection
11:18:57.438 [http-nio-8090-exec-9] DEBUG o.s.d.r.core.RedisConnectionUtils - Closing Redis Connection.
11:18:57.438 [http-nio-8090-exec-9] DEBUG o.s.d.r.core.RedisConnectionUtils - Opening RedisConnection
11:18:57.438 [http-nio-8090-exec-9] DEBUG o.s.d.r.core.RedisConnectionUtils - Closing Redis Connection.
11:18:57.439 [http-nio-8090-exec-9] DEBUG org.mybatis.spring.SqlSessionUtils - Creating a new SqlSession
11:18:57.439 [http-nio-8090-exec-9] DEBUG org.mybatis.spring.SqlSessionUtils - SqlSession [org.apache.ibatis.session.defaults.DefaultSqlSession@52b81fec] was not registered for synchronization because synchronization is not active
11:18:57.439 [http-nio-8090-exec-9] DEBUG o.s.jdbc.datasource.DataSourceUtils - Fetching JDBC Connection from DataSource
11:18:57.439 [http-nio-8090-exec-9] DEBUG o.m.s.t.SpringManagedTransaction - JDBC Connection [com.mysql.jdbc.JDBC4Connection@6ac8c624] will not be managed by Spring
11:18:57.439 [http-nio-8090-exec-9] DEBUG c.m.d.U.selectByPrimaryKey - ==>  Preparing: select id, name, gender, age, telphone, register_mode, third_party_id from user_info where id = ? 
11:18:57.439 [http-nio-8090-exec-9] DEBUG c.m.d.U.selectByPrimaryKey - ==> Parameters: 8(Integer)
11:18:57.440 [http-nio-8090-exec-9] DEBUG c.m.d.U.selectByPrimaryKey - <==      Total: 1
11:18:57.440 [http-nio-8090-exec-9] DEBUG org.mybatis.spring.SqlSessionUtils - Closing non transactional SqlSession [org.apache.ibatis.session.defaults.DefaultSqlSession@52b81fec]
11:18:57.440 [http-nio-8090-exec-9] DEBUG org.mybatis.spring.SqlSessionUtils - Creating a new SqlSession
11:18:57.440 [http-nio-8090-exec-9] DEBUG org.mybatis.spring.SqlSessionUtils - SqlSession [org.apache.ibatis.session.defaults.DefaultSqlSession@3c02530a] was not registered for synchronization because synchronization is not active
11:18:57.440 [http-nio-8090-exec-9] DEBUG o.s.jdbc.datasource.DataSourceUtils - Fetching JDBC Connection from DataSource
11:18:57.440 [http-nio-8090-exec-9] DEBUG o.m.s.t.SpringManagedTransaction - JDBC Connection [com.mysql.jdbc.JDBC4Connection@6ac8c624] will not be managed by Spring
11:18:57.440 [http-nio-8090-exec-9] DEBUG c.m.d.U.selectByUserId - ==>  Preparing: select id, encrpt_password, user_id from user_password where user_id = ? 
11:18:57.441 [http-nio-8090-exec-9] DEBUG c.m.d.U.selectByUserId - ==> Parameters: 8(Integer)
11:18:57.441 [http-nio-8090-exec-9] DEBUG c.m.d.U.selectByUserId - <==      Total: 1
11:18:57.441 [http-nio-8090-exec-9] DEBUG org.mybatis.spring.SqlSessionUtils - Closing non transactional SqlSession [org.apache.ibatis.session.defaults.DefaultSqlSession@3c02530a]
11:18:57.442 [http-nio-8090-exec-9] DEBUG o.s.d.r.core.RedisConnectionUtils - Opening RedisConnection
11:18:57.442 [http-nio-8090-exec-9] DEBUG o.s.d.r.core.RedisConnectionUtils - Closing Redis Connection.
11:18:57.442 [http-nio-8090-exec-9] DEBUG o.s.d.r.core.RedisConnectionUtils - Opening RedisConnection
11:18:57.443 [http-nio-8090-exec-9] DEBUG o.s.d.r.core.RedisConnectionUtils - Closing Redis Connection.
11:18:57.443 [http-nio-8090-exec-9] DEBUG o.s.d.r.core.RedisConnectionUtils - Opening RedisConnection
11:18:57.444 [http-nio-8090-exec-9] DEBUG o.s.d.r.core.RedisConnectionUtils - Closing Redis Connection.
11:18:57.444 [http-nio-8090-exec-9] DEBUG o.s.d.r.core.RedisConnectionUtils - Opening RedisConnection
11:18:57.444 [http-nio-8090-exec-9] DEBUG o.s.d.r.core.RedisConnectionUtils - Closing Redis Connection.
