11:17:13.089 [http-nio-8090-exec-2] DEBUG c.m.d.I.selectByPrimaryKey - ==>  Preparing: select id, title, price, description, sales, img_url from item where id = ? 
11:17:13.093 [http-nio-8090-exec-2] DEBUG c.m.d.I.selectByPrimaryKey - ==> Parameters: 2(Integer)
11:17:13.096 [http-nio-8090-exec-2] DEBUG c.m.d.I.selectByPrimaryKey - <==      Total: 1
11:17:13.097 [http-nio-8090-exec-2] DEBUG org.mybatis.spring.SqlSessionUtils - Closing non transactional SqlSession [org.apache.ibatis.session.defaults.DefaultSqlSession@c2896e]
11:17:13.097 [http-nio-8090-exec-2] DEBUG org.mybatis.spring.SqlSessionUtils - Creating a new SqlSession
11:17:13.098 [http-nio-8090-exec-2] DEBUG org.mybatis.spring.SqlSessionUtils - SqlSession [org.apache.ibatis.session.defaults.DefaultSqlSession@5e75a0e2] was not registered for synchronization because synchronization is not active
11:17:13.098 [http-nio-8090-exec-2] DEBUG o.s.jdbc.datasource.DataSourceUtils - Fetching JDBC Connection from DataSource
11:17:13.098 [http-nio-8090-exec-2] DEBUG o.m.s.t.SpringManagedTransaction - JDBC Connection [com.mysql.jdbc.JDBC4Connection@6ac8c624] will not be managed by Spring
11:17:13.098 [http-nio-8090-exec-2] DEBUG c.m.d.I.selectByItemId - ==>  Preparing: select id, stock, item_id from item_stock where item_id = ? 
11:17:13.098 [http-nio-8090-exec-2] DEBUG c.m.d.I.selectByItemId - ==> Parameters: 2(Integer)
11:17:13.100 [http-nio-8090-exec-2] DEBUG c.m.d.I.selectByItemId - <==      Total: 1
11:17:13.100 [http-nio-8090-exec-2] DEBUG org.mybatis.spring.SqlSessionUtils - Closing non transactional SqlSession [org.apache.ibatis.session.defaults.DefaultSqlSession@5e75a0e2]
11:17:13.104 [http-nio-8090-exec-2] DEBUG org.mybatis.spring.SqlSessionUtils - Creating a new SqlSession
11:17:13.105 [http-nio-8090-exec-2] DEBUG org.mybatis.spring.SqlSessionUtils - SqlSession [org.apache.ibatis.session.defaults.DefaultSqlSession@418ee63c] was not registered for synchronization because synchronization is not active
11:17:13.105 [http-nio-8090-exec-2] DEBUG o.s.jdbc.datasource.DataSourceUtils - Fetching JDBC Connection from DataSource
11:17:13.105 [http-nio-8090-exec-2] DEBUG o.m.s.t.SpringManagedTransaction - JDBC Connection [com.mysql.jdbc.JDBC4Connection@6ac8c624] will not be managed by Spring
11:17:13.105 [http-nio-8090-exec-2] DEBUG c.m.dao.PromoDOMapper.selectByItemId - ==>  Preparing: select id, promo_name, start_time, end_time, item_id, promo_item_price from promo where item_id = ? 
11:17:13.105 [http-nio-8090-exec-2] DEBUG c.m.dao.PromoDOMapper.selectByItemId - ==> Parameters: 2(Integer)
11:17:13.106 [http-nio-8090-exec-2] DEBUG c.m.dao.PromoDOMapper.selectByItemId - <==      Total: 1
11:17:13.106 [http-nio-8090-exec-2] DEBUG org.mybatis.spring.SqlSessionUtils - Closing non transactional SqlSession [org.apache.ibatis.session.defaults.DefaultSqlSession@418ee63c]
11:17:13.175 [http-nio-8090-exec-2] DEBUG o.s.d.r.core.RedisConnectionUtils - Opening RedisConnection
11:17:13.177 [http-nio-8090-exec-2] DEBUG o.s.d.r.core.RedisConnectionUtils - Closing Redis Connection.
11:17:13.207 [http-nio-8090-exec-2] DEBUG o.s.w.s.m.m.a.RequestResponseBodyMethodProcessor - Using 'application/json;q=0.8', given [text/html, application/xhtml+xml, image/webp, image/apng, application/signed-exchange;v=b3, application/xml;q=0.9, */*;q=0.8] and supported [application/json, application/*+json, application/json, application/*+json]
11:17:13.208 [http-nio-8090-exec-2] DEBUG o.s.w.s.m.m.a.RequestResponseBodyMethodProcessor - Writing [com.miaoshaproject.response.CommonReturnType@3189d811]
11:17:13.216 [http-nio-8090-exec-2] DEBUG o.s.web.servlet.DispatcherServlet - Completed 200 OK
11:17:13.218 [http-nio-8090-exec-2] DEBUG o.s.s.w.h.S.SESSION_LOGGER - No session found by id: Caching result for getSession(false) for this HttpServletRequest.
11:17:13.234 [http-nio-8090-exec-1] DEBUG o.s.web.servlet.DispatcherServlet - GET "/favicon.ico", parameters={}
11:17:13.235 [http-nio-8090-exec-1] DEBUG o.s.s.w.h.S.SESSION_LOGGER - No session found by id: Caching result for getSession(false) for this HttpServletRequest.
11:17:13.237 [http-nio-8090-exec-1] WARN  o.s.web.servlet.PageNotFound - No mapping for GET /favicon.ico
11:17:13.240 [http-nio-8090-exec-1] DEBUG o.s.w.s.m.m.a.ExceptionHandlerExceptionResolver - Using @ExceptionHandler com.miaoshaproject.controller.GlobalExceptionHandler#doError(HttpServletRequest, HttpServletResponse, Exception)
11:17:13.244 [http-nio-8090-exec-1] DEBUG o.s.w.s.m.m.a.RequestResponseBodyMethodProcessor - Using 'application/json;q=0.8', given [image/webp, image/apng, image/*, */*;q=0.8] and supported [application/json, application/*+json, application/json, application/*+json]
11:17:13.244 [http-nio-8090-exec-1] DEBUG o.s.w.s.m.m.a.RequestResponseBodyMethodProcessor - Writing [com.miaoshaproject.response.CommonReturnType@61c72fa0]
