11:22:04.716 [http-nio-8090-exec-1] DEBUG org.mybatis.spring.SqlSessionUtils - Closing non transactional SqlSession [org.apache.ibatis.session.defaults.DefaultSqlSession@38b1a762]
11:22:04.719 [http-nio-8090-exec-1] DEBUG org.mybatis.spring.SqlSessionUtils - Creating a new SqlSession
11:22:04.719 [http-nio-8090-exec-1] DEBUG org.mybatis.spring.SqlSessionUtils - SqlSession [org.apache.ibatis.session.defaults.DefaultSqlSession@3d275917] was not registered for synchronization because synchronization is not active
11:22:04.719 [http-nio-8090-exec-1] DEBUG o.s.jdbc.datasource.DataSourceUtils - Fetching JDBC Connection from DataSource
11:22:04.720 [http-nio-8090-exec-1] DEBUG o.m.s.t.SpringManagedTransaction - JDBC Connection [com.mysql.jdbc.JDBC4Connection@6ac8c624] will not be managed by Spring
11:22:04.720 [http-nio-8090-exec-1] DEBUG c.m.dao.PromoDOMapper.selectByItemId - ==>  Preparing: select id, promo_name, start_time, end_time, item_id, promo_item_price from promo where item_id = ? 
11:22:04.720 [http-nio-8090-exec-1] DEBUG c.m.dao.PromoDOMapper.selectByItemId - ==> Parameters: 2(Integer)
11:22:04.721 [http-nio-8090-exec-1] DEBUG c.m.dao.PromoDOMapper.selectByItemId - <==      Total: 1
11:22:04.721 [http-nio-8090-exec-1] DEBUG org.mybatis.spring.SqlSessionUtils - Closing non transactional SqlSession [org.apache.ibatis.session.defaults.DefaultSqlSession@3d275917]
11:22:04.721 [http-nio-8090-exec-1] DEBUG o.s.d.r.core.RedisConnectionUtils - Opening RedisConnection
11:22:04.722 [http-nio-8090-exec-1] DEBUG o.s.d.r.core.RedisConnectionUtils - Closing Redis Connection.
11:22:04.722 [http-nio-8090-exec-1] DEBUG o.s.d.r.core.RedisConnectionUtils - Opening RedisConnection
11:22:04.722 [http-nio-8090-exec-1] DEBUG o.s.d.r.core.RedisConnectionUtils - Closing Redis Connection.
11:22:04.722 [http-nio-8090-exec-1] DEBUG o.s.d.r.core.RedisConnectionUtils - Opening RedisConnection
11:22:04.723 [http-nio-8090-exec-1] DEBUG o.s.d.r.core.RedisConnectionUtils - Closing Redis Connection.
11:22:04.723 [http-nio-8090-exec-1] DEBUG org.mybatis.spring.SqlSessionUtils - Creating a new SqlSession
11:22:04.723 [http-nio-8090-exec-1] DEBUG org.mybatis.spring.SqlSessionUtils - SqlSession [org.apache.ibatis.session.defaults.DefaultSqlSession@fff254b] was not registered for synchronization because synchronization is not active
11:22:04.723 [http-nio-8090-exec-1] DEBUG o.s.jdbc.datasource.DataSourceUtils - Fetching JDBC Connection from DataSource
11:22:04.723 [http-nio-8090-exec-1] DEBUG o.m.s.t.SpringManagedTransaction - JDBC Connection [com.mysql.jdbc.JDBC4Connection@6ac8c624] will not be managed by Spring
11:22:04.723 [http-nio-8090-exec-1] DEBUG c.m.d.U.selectByPrimaryKey - ==>  Preparing: select id, name, gender, age, telphone, register_mode, third_party_id from user_info where id = ? 
11:22:04.723 [http-nio-8090-exec-1] DEBUG c.m.d.U.selectByPrimaryKey - ==> Parameters: 8(Integer)
11:22:04.724 [http-nio-8090-exec-1] DEBUG c.m.d.U.selectByPrimaryKey - <==      Total: 1
11:22:04.724 [http-nio-8090-exec-1] DEBUG org.mybatis.spring.SqlSessionUtils - Closing non transactional SqlSession [org.apache.ibatis.session.defaults.DefaultSqlSession@fff254b]
11:22:04.724 [http-nio-8090-exec-1] DEBUG org.mybatis.spring.SqlSessionUtils - Creating a new SqlSession
11:22:04.724 [http-nio-8090-exec-1] DEBUG org.mybatis.spring.SqlSessionUtils - SqlSession [org.apache.ibatis.session.defaults.DefaultSqlSession@49bce016] was not registered for synchronization because synchronization is not active
11:22:04.724 [http-nio-8090-exec-1] DEBUG o.s.jdbc.datasource.DataSourceUtils - Fetching JDBC Connection from DataSource
11:22:04.724 [http-nio-8090-exec-1] DEBUG o.m.s.t.SpringManagedTransaction - JDBC Connection [com.mysql.jdbc.JDBC4Connection@6ac8c624] will not be managed by Spring
11:22:04.724 [http-nio-8090-exec-1] DEBUG c.m.d.U.selectByUserId - ==>  Preparing: select id, encrpt_password, user_id from user_password where user_id = ? 
11:22:04.724 [http-nio-8090-exec-1] DEBUG c.m.d.U.selectByUserId - ==> Parameters: 8(Integer)
11:22:04.725 [http-nio-8090-exec-1] DEBUG c.m.d.U.selectByUserId - <==      Total: 1
11:22:04.725 [http-nio-8090-exec-1] DEBUG org.mybatis.spring.SqlSessionUtils - Closing non transactional SqlSession [org.apache.ibatis.session.defaults.DefaultSqlSession@49bce016]
11:22:04.725 [http-nio-8090-exec-1] DEBUG o.s.d.r.core.RedisConnectionUtils - Opening RedisConnection
