11:37:25.464 [http-nio-8090-exec-9] DEBUG o.s.jdbc.datasource.DataSourceUtils - Fetching JDBC Connection from DataSource
11:37:25.471 [http-nio-8090-exec-9] DEBUG o.m.s.t.SpringManagedTransaction - JDBC Connection [com.mysql.jdbc.JDBC4Connection@6ac8c624] will not be managed by Spring
11:37:25.471 [http-nio-8090-exec-9] DEBUG c.m.d.U.selectByUserId - ==>  Preparing: select id, encrpt_password, user_id from user_password where user_id = ? 
11:37:25.471 [http-nio-8090-exec-9] DEBUG c.m.d.U.selectByUserId - ==> Parameters: 8(Integer)
11:37:25.472 [http-nio-8090-exec-9] DEBUG c.m.d.U.selectByUserId - <==      Total: 1
11:37:25.473 [http-nio-8090-exec-9] DEBUG org.mybatis.spring.SqlSessionUtils - Closing non transactional SqlSession [org.apache.ibatis.session.defaults.DefaultSqlSession@59618901]
11:37:25.473 [http-nio-8090-exec-9] DEBUG o.s.d.r.core.RedisConnectionUtils - Opening RedisConnection
11:37:25.473 [http-nio-8090-exec-9] DEBUG o.s.d.r.core.RedisConnectionUtils - Closing Redis Connection.
11:37:25.474 [http-nio-8090-exec-9] DEBUG o.s.d.r.core.RedisConnectionUtils - Opening RedisConnection
11:37:25.474 [http-nio-8090-exec-9] DEBUG o.s.d.r.core.RedisConnectionUtils - Closing Redis Connection.
11:37:25.474 [http-nio-8090-exec-9] DEBUG o.s.w.s.m.m.a.RequestResponseBodyMethodProcessor - Using 'application/json', given [*/*] and supported [application/json, application/*+json, application/json, application/*+json]
11:37:25.474 [http-nio-8090-exec-9] DEBUG o.s.w.s.m.m.a.RequestResponseBodyMethodProcessor - Writing [com.miaoshaproject.response.CommonReturnType@37a1a71]
11:37:25.475 [http-nio-8090-exec-9] DEBUG o.s.web.servlet.DispatcherServlet - Completed 200 OK
11:37:25.475 [http-nio-8090-exec-9] DEBUG o.s.s.w.h.S.SESSION_LOGGER - No session found by id: Caching result for getSession(false) for this HttpServletRequest.
11:37:25.892 [pool-2-thread-1] DEBUG org.mybatis.spring.SqlSessionUtils - Creating a new SqlSession
11:37:25.892 [pool-2-thread-1] DEBUG org.mybatis.spring.SqlSessionUtils - SqlSession [org.apache.ibatis.session.defaults.DefaultSqlSession@16f3807d] was not registered for synchronization because synchronization is not active
11:37:25.892 [pool-2-thread-1] DEBUG o.s.jdbc.datasource.DataSourceUtils - Fetching JDBC Connection from DataSource
11:37:25.892 [pool-2-thread-1] DEBUG o.m.s.t.SpringManagedTransaction - JDBC Connection [com.mysql.jdbc.JDBC4Connection@6ac8c624] will not be managed by Spring
11:37:25.892 [pool-2-thread-1] DEBUG c.m.d.S.selectByPrimaryKey - ==>  Preparing: select stock_log_id, item_id, amount, status from stock_log where stock_log_id = ? 
11:37:25.892 [pool-2-thread-1] DEBUG c.m.d.S.selectByPrimaryKey - ==> Parameters: 78c2d51e1bc34478b5f47a4411ab1b06(String)
11:37:25.892 [pool-2-thread-1] DEBUG c.m.d.S.selectByPrimaryKey - <==      Total: 1
11:37:25.893 [pool-2-thread-1] DEBUG org.mybatis.spring.SqlSessionUtils - Closing non transactional SqlSession [org.apache.ibatis.session.defaults.DefaultSqlSession@16f3807d]
11:37:25.893 [pool-2-thread-1] DEBUG org.mybatis.spring.SqlSessionUtils - Creating a new SqlSession
11:37:25.893 [pool-2-thread-1] DEBUG org.mybatis.spring.SqlSessionUtils - SqlSession [org.apache.ibatis.session.defaults.DefaultSqlSession@335a0c05] was not registered for synchronization because synchronization is not active
11:37:25.893 [pool-2-thread-1] DEBUG o.s.jdbc.datasource.DataSourceUtils - Fetching JDBC Connection from DataSource
11:37:25.893 [pool-2-thread-1] DEBUG o.m.s.t.SpringManagedTransaction - JDBC Connection [com.mysql.jdbc.JDBC4Connection@6ac8c624] will not be managed by Spring
11:37:25.893 [pool-2-thread-1] DEBUG c.m.d.S.selectByPrimaryKey - ==>  Preparing: select stock_log_id, item_id, amount, status from stock_log where stock_log_id = ? 
11:37:25.893 [pool-2-thread-1] DEBUG c.m.d.S.selectByPrimaryKey - ==> Parameters: 11de0380998a46e29c695606308d67ea(String)
11:37:25.894 [pool-2-thread-1] DEBUG c.m.d.S.selectByPrimaryKey - <==      Total: 1
11:37:25.894 [pool-2-thread-1] DEBUG org.mybatis.spring.SqlSessionUtils - Closing non transactional SqlSession [org.apache.ibatis.session.defaults.DefaultSqlSession@335a0c05]
