11:21:39.537 [http-nio-8090-exec-4] DEBUG c.m.d.I.selectByPrimaryKey - <==      Total: 1
11:21:39.541 [http-nio-8090-exec-4] DEBUG org.mybatis.spring.SqlSessionUtils - Closing non transactional SqlSession [org.apache.ibatis.session.defaults.DefaultSqlSession@3fcdb699]
11:21:39.541 [http-nio-8090-exec-4] DEBUG org.mybatis.spring.SqlSessionUtils - Creating a new SqlSession
11:21:39.541 [http-nio-8090-exec-4] DEBUG org.mybatis.spring.SqlSessionUtils - SqlSession [org.apache.ibatis.session.defaults.DefaultSqlSession@23992373] was not registered for synchronization because synchronization is not active
11:21:39.541 [http-nio-8090-exec-4] DEBUG o.s.jdbc.datasource.DataSourceUtils - Fetching JDBC Connection from DataSource
11:21:39.541 [http-nio-8090-exec-4] DEBUG o.m.s.t.SpringManagedTransaction - JDBC Connection [com.mysql.jdbc.JDBC4Connection@6ac8c624] will not be managed by Spring
11:21:39.541 [http-nio-8090-exec-4] DEBUG c.m.d.I.selectByItemId - ==>  Preparing: select id, stock, item_id from item_stock where item_id = ? 
11:21:39.541 [http-nio-8090-exec-4] DEBUG c.m.d.I.selectByItemId - ==> Parameters: 2(Integer)
11:21:39.542 [http-nio-8090-exec-4] DEBUG c.m.d.I.selectByItemId - <==      Total: 1
11:21:39.542 [http-nio-8090-exec-4] DEBUG org.mybatis.spring.SqlSessionUtils - Closing non transactional SqlSession [org.apache.ibatis.session.defaults.DefaultSqlSession@23992373]
11:21:39.542 [http-nio-8090-exec-4] DEBUG org.mybatis.spring.SqlSessionUtils - Creating a new SqlSession
11:21:39.542 [http-nio-8090-exec-4] DEBUG org.mybatis.spring.SqlSessionUtils - SqlSession [org.apache.ibatis.session.defaults.DefaultSqlSession@461a7aef] was not registered for synchronization because synchronization is not active
11:21:39.542 [http-nio-8090-exec-4] DEBUG o.s.jdbc.datasource.DataSourceUtils - Fetching JDBC Connection from DataSource
11:21:39.542 [http-nio-8090-exec-4] DEBUG o.m.s.t.SpringManagedTransaction - JDBC Connection [com.mysql.jdbc.JDBC4Connection@6ac8c624] will not be managed by Spring
11:21:39.542 [http-nio-8090-exec-4] DEBUG c.m.dao.PromoDOMapper.selectByItemId - ==>  Preparing: select id, promo_name, start_time, end_time, item_id, promo_item_price from promo where item_id = ? 
11:21:39.542 [http-nio-8090-exec-4] DEBUG c.m.dao.PromoDOMapper.selectByItemId - ==> Parameters: 2(Integer)
11:21:39.543 [http-nio-8090-exec-4] DEBUG c.m.dao.PromoDOMapper.selectByItemId - <==      Total: 1
11:21:39.543 [http-nio-8090-exec-4] DEBUG org.mybatis.spring.SqlSessionUtils - Closing non transactional SqlSession [org.apache.ibatis.session.defaults.DefaultSqlSession@461a7aef]
11:21:39.544 [http-nio-8090-exec-4] DEBUG o.s.d.r.core.RedisConnectionUtils - Opening RedisConnection
11:21:39.544 [http-nio-8090-exec-4] DEBUG o.s.d.r.core.RedisConnectionUtils - Closing Redis Connection.
11:21:39.544 [http-nio-8090-exec-4] DEBUG o.s.w.s.m.m.a.RequestResponseBodyMethodProcessor - Using 'application/json;q=0.8', given [text/html, application/xhtml+xml, image/webp, image/apng, application/signed-exchange;v=b3, application/xml;q=0.9, */*;q=0.8] and supported [application/json, application/*+json, application/json, application/*+json]
11:21:39.544 [http-nio-8090-exec-4] DEBUG o.s.w.s.m.m.a.RequestResponseBodyMethodProcessor - Writing [com.miaoshaproject.response.CommonReturnType@462b2f8b]
11:21:39.545 [http-nio-8090-exec-4] DEBUG o.s.web.servlet.DispatcherServlet - Completed 200 OK
11:21:39.545 [http-nio-8090-exec-4] DEBUG o.s.s.w.h.S.SESSION_LOGGER - No session found by id: Caching result for getSession(false) for this HttpServletRequest.
11:21:39.557 [http-nio-8090-exec-5] DEBUG o.s.web.servlet.DispatcherServlet - GET "/favicon.ico", parameters={}
11:21:39.557 [http-nio-8090-exec-5] DEBUG o.s.s.w.h.S.SESSION_LOGGER - No session found by id: Caching result for getSession(false) for this HttpServletRequest.
11:21:39.558 [http-nio-8090-exec-5] WARN  o.s.web.servlet.PageNotFound - No mapping for GET /favicon.ico
11:21:39.558 [http-nio-8090-exec-5] DEBUG o.s.w.s.m.m.a.ExceptionHandlerExceptionResolver - Using @ExceptionHandler com.miaoshaproject.controller.GlobalExceptionHandler#doError(HttpServletRequest, HttpServletResponse, Exception)
11:21:39.559 [http-nio-8090-exec-5] DEBUG o.s.w.s.m.m.a.RequestResponseBodyMethodProcessor - Using 'application/json;q=0.8', given [image/webp, image/apng, image/*, */*;q=0.8] and supported [application/json, application/*+json, application/json, application/*+json]
11:21:39.559 [http-nio-8090-exec-5] DEBUG o.s.w.s.m.m.a.RequestResponseBodyMethodProcessor - Writing [com.miaoshaproject.response.CommonReturnType@70d8b190]
11:21:39.559 [http-nio-8090-exec-5] DEBUG o.s.w.s.m.m.a.ExceptionHandlerExceptionResolver - Resolved [org.springframework.web.servlet.NoHandlerFoundException: No handler found for GET /favicon.ico]
11:21:39.559 [http-nio-8090-exec-5] DEBUG o.s.web.servlet.DispatcherServlet - Completed 200 OK
