10:38:39.398 [http-nio-8090-exec-7] DEBUG o.s.d.r.core.RedisConnectionUtils - Closing Redis Connection.
10:38:39.402 [http-nio-8090-exec-7] DEBUG o.s.d.r.core.RedisConnectionUtils - Opening RedisConnection
10:38:39.402 [http-nio-8090-exec-7] DEBUG o.s.d.r.core.RedisConnectionUtils - Closing Redis Connection.
10:38:39.407 [http-nio-8090-exec-7] DEBUG o.s.j.d.DataSourceTransactionManager - Creating new transaction with name [com.miaoshaproject.service.Impl.ItemServiceImpl.initStockLog]: PROPAGATION_REQUIRED,ISOLATION_DEFAULT
10:38:39.407 [http-nio-8090-exec-7] DEBUG o.s.j.d.DataSourceTransactionManager - Acquired Connection [com.mysql.jdbc.JDBC4Connection@35bc682f] for JDBC transaction
10:38:39.409 [http-nio-8090-exec-7] DEBUG o.s.j.d.DataSourceTransactionManager - Switching JDBC Connection [com.mysql.jdbc.JDBC4Connection@35bc682f] to manual commit
10:38:39.409 [http-nio-8090-exec-7] DEBUG org.mybatis.spring.SqlSessionUtils - Creating a new SqlSession
10:38:39.409 [http-nio-8090-exec-7] DEBUG org.mybatis.spring.SqlSessionUtils - Registering transaction synchronization for SqlSession [org.apache.ibatis.session.defaults.DefaultSqlSession@1182efd6]
10:38:39.426 [http-nio-8090-exec-7] DEBUG o.m.s.t.SpringManagedTransaction - JDBC Connection [com.mysql.jdbc.JDBC4Connection@35bc682f] will be managed by Spring
10:38:39.426 [http-nio-8090-exec-7] DEBUG c.m.d.S.insertSelective - ==>  Preparing: insert into stock_log ( stock_log_id, item_id, amount, status ) values ( ?, ?, ?, ? ) 
10:38:39.426 [http-nio-8090-exec-7] DEBUG c.m.d.S.insertSelective - ==> Parameters: 827dbe01f57e417bb5f7b756499a193d(String), 2(Integer), 1(Integer), 1(Integer)
10:38:39.433 [http-nio-8090-exec-7] DEBUG c.m.d.S.insertSelective - <==    Updates: 1
10:38:39.433 [http-nio-8090-exec-7] DEBUG org.mybatis.spring.SqlSessionUtils - Releasing transactional SqlSession [org.apache.ibatis.session.defaults.DefaultSqlSession@1182efd6]
10:38:39.433 [http-nio-8090-exec-7] DEBUG org.mybatis.spring.SqlSessionUtils - Transaction synchronization committing SqlSession [org.apache.ibatis.session.defaults.DefaultSqlSession@1182efd6]
10:38:39.433 [http-nio-8090-exec-7] DEBUG org.mybatis.spring.SqlSessionUtils - Transaction synchronization deregistering SqlSession [org.apache.ibatis.session.defaults.DefaultSqlSession@1182efd6]
10:38:39.433 [http-nio-8090-exec-7] DEBUG org.mybatis.spring.SqlSessionUtils - Transaction synchronization closing SqlSession [org.apache.ibatis.session.defaults.DefaultSqlSession@1182efd6]
10:38:39.433 [http-nio-8090-exec-7] DEBUG o.s.j.d.DataSourceTransactionManager - Initiating transaction commit
10:38:39.433 [http-nio-8090-exec-7] DEBUG o.s.j.d.DataSourceTransactionManager - Committing JDBC transaction on Connection [com.mysql.jdbc.JDBC4Connection@35bc682f]
10:38:39.435 [http-nio-8090-exec-7] DEBUG o.s.j.d.DataSourceTransactionManager - Releasing JDBC Connection [com.mysql.jdbc.JDBC4Connection@35bc682f] after transaction
10:38:39.548 [http-nio-8090-exec-7] DEBUG o.s.j.d.DataSourceTransactionManager - Creating new transaction with name [com.miaoshaproject.service.Impl.OrderServiceImpl.createOrder]: PROPAGATION_REQUIRES_NEW,ISOLATION_DEFAULT
10:38:39.549 [http-nio-8090-exec-7] DEBUG o.s.j.d.DataSourceTransactionManager - Acquired Connection [com.mysql.jdbc.JDBC4Connection@35bc682f] for JDBC transaction
10:38:39.549 [http-nio-8090-exec-7] DEBUG o.s.j.d.DataSourceTransactionManager - Switching JDBC Connection [com.mysql.jdbc.JDBC4Connection@35bc682f] to manual commit
10:38:39.551 [http-nio-8090-exec-7] DEBUG o.s.d.r.core.RedisConnectionUtils - Opening RedisConnection
10:38:39.566 [http-nio-8090-exec-7] DEBUG o.s.d.r.core.RedisConnectionUtils - Closing Redis Connection.
10:38:39.566 [http-nio-8090-exec-7] DEBUG o.s.j.d.DataSourceTransactionManager - Initiating transaction rollback
10:38:39.566 [http-nio-8090-exec-7] DEBUG o.s.j.d.DataSourceTransactionManager - Rolling back JDBC transaction on Connection [com.mysql.jdbc.JDBC4Connection@35bc682f]
10:38:39.566 [http-nio-8090-exec-7] DEBUG o.s.j.d.DataSourceTransactionManager - Releasing JDBC Connection [com.mysql.jdbc.JDBC4Connection@35bc682f] after transaction
10:38:39.569 [http-nio-8090-exec-7] DEBUG o.s.w.s.m.m.a.ExceptionHandlerExceptionResolver - Using @ExceptionHandler com.miaoshaproject.controller.OrderController#handlerException(HttpServletRequest, Exception)
10:38:39.569 [http-nio-8090-exec-7] DEBUG o.s.w.s.m.m.a.RequestResponseBodyMethodProcessor - Using 'application/json', given [*/*] and supported [application/json, application/*+json, application/json, application/*+json]
10:38:39.569 [http-nio-8090-exec-7] DEBUG o.s.w.s.m.m.a.RequestResponseBodyMethodProcessor - Writing [com.miaoshaproject.response.CommonReturnType@6a73726a]
10:38:39.569 [http-nio-8090-exec-7] DEBUG o.s.w.s.m.m.a.ExceptionHandlerExceptionResolver - Resolved [com.miaoshaproject.error.BusinessException]
10:38:39.570 [http-nio-8090-exec-7] DEBUG o.s.web.servlet.DispatcherServlet - Completed 200 OK
10:38:39.570 [http-nio-8090-exec-7] DEBUG o.s.s.w.h.S.SESSION_LOGGER - No session found by id: Caching result for getSession(false) for this HttpServletRequest.
