10:31:44.007 [main] DEBUG o.s.c.a.ClassPathBeanDefinitionScanner - Identified candidate component class: file [C:\Users\Lijian\Desktop\miaosha\target\classes\com\miaoshaproject\service\Impl\ItemServiceImpl.class]
10:31:44.013 [main] DEBUG o.s.c.a.ClassPathBeanDefinitionScanner - Identified candidate component class: file [C:\Users\Lijian\Desktop\miaosha\target\classes\com\miaoshaproject\service\Impl\OrderServiceImpl.class]
10:31:44.014 [main] DEBUG o.s.c.a.ClassPathBeanDefinitionScanner - Identified candidate component class: file [C:\Users\Lijian\Desktop\miaosha\target\classes\com\miaoshaproject\service\Impl\PromoServiceImpl.class]
10:31:44.015 [main] DEBUG o.s.c.a.ClassPathBeanDefinitionScanner - Identified candidate component class: file [C:\Users\Lijian\Desktop\miaosha\target\classes\com\miaoshaproject\service\Impl\UserServiceImpl.class]
10:31:44.017 [main] DEBUG o.s.c.a.ClassPathBeanDefinitionScanner - Identified candidate component class: file [C:\Users\Lijian\Desktop\miaosha\target\classes\com\miaoshaproject\validator\ValidatorImpl.class]
10:31:44.230 [main] DEBUG o.s.c.e.PropertySourcesPropertyResolver - Found key 'spring.datasource.type' in PropertySource 'configurationProperties' with value of type String
10:31:44.232 [main] DEBUG o.s.c.e.PropertySourcesPropertyResolver - Found key 'spring.datasource.type' in PropertySource 'configurationProperties' with value of type String
10:31:44.234 [main] DEBUG o.s.c.e.PropertySourcesPropertyResolver - Found key 'spring.datasource.type' in PropertySource 'configurationProperties' with value of type String
10:31:44.235 [main] DEBUG o.s.c.e.PropertySourcesPropertyResolver - Found key 'spring.jmx.enabled' in PropertySource 'configurationProperties' with value of type String
10:31:44.240 [main] DEBUG o.s.c.e.PropertySourcesPropertyResolver - Found key 'spring.datasource.type' in PropertySource 'configurationProperties' with value of type String
10:31:44.253 [main] DEBUG o.s.c.e.PropertySourcesPropertyResolver - Found key 'spring.jmx.enabled' in PropertySource 'configurationProperties' with value of type String
10:31:44.255 [main] DEBUG o.s.c.e.PropertySourcesPropertyResolver - Found key 'spring.application.admin.enabled' in PropertySource 'configurationProperties' with value of type String
10:31:44.383 [main] DEBUG o.m.s.mapper.ClassPathMapperScanner - Identified candidate component class: file [C:\Users\Lijian\Desktop\miaosha\target\classes\com\miaoshaproject\dao\ItemDOMapper.class]
10:31:44.383 [main] DEBUG o.m.s.mapper.ClassPathMapperScanner - Identified candidate component class: file [C:\Users\Lijian\Desktop\miaosha\target\classes\com\miaoshaproject\dao\ItemStockDOMapper.class]
10:31:44.383 [main] DEBUG o.m.s.mapper.ClassPathMapperScanner - Identified candidate component class: file [C:\Users\Lijian\Desktop\miaosha\target\classes\com\miaoshaproject\dao\OrderInfoDOMapper.class]
10:31:44.384 [main] DEBUG o.m.s.mapper.ClassPathMapperScanner - Identified candidate component class: file [C:\Users\Lijian\Desktop\miaosha\target\classes\com\miaoshaproject\dao\PromoDOMapper.class]
10:31:44.384 [main] DEBUG o.m.s.mapper.ClassPathMapperScanner - Identified candidate component class: file [C:\Users\Lijian\Desktop\miaosha\target\classes\com\miaoshaproject\dao\SequenceDoMapper.class]
10:31:44.384 [main] DEBUG o.m.s.mapper.ClassPathMapperScanner - Identified candidate component class: file [C:\Users\Lijian\Desktop\miaosha\target\classes\com\miaoshaproject\dao\StockLogDOMapper.class]
10:31:44.384 [main] DEBUG o.m.s.mapper.ClassPathMapperScanner - Identified candidate component class: file [C:\Users\Lijian\Desktop\miaosha\target\classes\com\miaoshaproject\dao\UserDOMapper.class]
10:31:44.384 [main] DEBUG o.m.s.mapper.ClassPathMapperScanner - Identified candidate component class: file [C:\Users\Lijian\Desktop\miaosha\target\classes\com\miaoshaproject\dao\UserPasswordDOMapper.class]
10:31:44.385 [main] DEBUG o.m.s.mapper.ClassPathMapperScanner - Creating MapperFactoryBean with name 'itemDOMapper' and 'com.miaoshaproject.dao.ItemDOMapper' mapperInterface
10:31:44.385 [main] DEBUG o.m.s.mapper.ClassPathMapperScanner - Enabling autowire by type for MapperFactoryBean with name 'itemDOMapper'.
10:31:44.385 [main] DEBUG o.m.s.mapper.ClassPathMapperScanner - Creating MapperFactoryBean with name 'itemStockDOMapper' and 'com.miaoshaproject.dao.ItemStockDOMapper' mapperInterface
10:31:44.385 [main] DEBUG o.m.s.mapper.ClassPathMapperScanner - Enabling autowire by type for MapperFactoryBean with name 'itemStockDOMapper'.
10:31:44.385 [main] DEBUG o.m.s.mapper.ClassPathMapperScanner - Creating MapperFactoryBean with name 'orderInfoDOMapper' and 'com.miaoshaproject.dao.OrderInfoDOMapper' mapperInterface
10:31:44.385 [main] DEBUG o.m.s.mapper.ClassPathMapperScanner - Enabling autowire by type for MapperFactoryBean with name 'orderInfoDOMapper'.
10:31:44.385 [main] DEBUG o.m.s.mapper.ClassPathMapperScanner - Creating MapperFactoryBean with name 'promoDOMapper' and 'com.miaoshaproject.dao.PromoDOMapper' mapperInterface
10:31:44.385 [main] DEBUG o.m.s.mapper.ClassPathMapperScanner - Enabling autowire by type for MapperFactoryBean with name 'promoDOMapper'.
10:31:44.385 [main] DEBUG o.m.s.mapper.ClassPathMapperScanner - Creating MapperFactoryBean with name 'sequenceDoMapper' and 'com.miaoshaproject.dao.SequenceDoMapper' mapperInterface
10:31:44.385 [main] DEBUG o.m.s.mapper.ClassPathMapperScanner - Enabling autowire by type for MapperFactoryBean with name 'sequenceDoMapper'.
10:31:44.385 [main] DEBUG o.m.s.mapper.ClassPathMapperScanner - Creating MapperFactoryBean with name 'stockLogDOMapper' and 'com.miaoshaproject.dao.StockLogDOMapper' mapperInterface
10:31:44.385 [main] DEBUG o.m.s.mapper.ClassPathMapperScanner - Enabling autowire by type for MapperFactoryBean with name 'stockLogDOMapper'.
