11:31:29.544 [http-nio-8090-exec-2] DEBUG org.mybatis.spring.SqlSessionUtils - Creating a new SqlSession
11:31:29.550 [http-nio-8090-exec-2] DEBUG org.mybatis.spring.SqlSessionUtils - SqlSession [org.apache.ibatis.session.defaults.DefaultSqlSession@1005e118] was not registered for synchronization because synchronization is not active
11:31:29.550 [http-nio-8090-exec-2] DEBUG o.s.jdbc.datasource.DataSourceUtils - Fetching JDBC Connection from DataSource
11:31:29.550 [http-nio-8090-exec-2] DEBUG o.m.s.t.SpringManagedTransaction - JDBC Connection [com.mysql.jdbc.JDBC4Connection@6ac8c624] will not be managed by Spring
11:31:29.550 [http-nio-8090-exec-2] DEBUG c.m.d.I.selectByItemId - ==>  Preparing: select id, stock, item_id from item_stock where item_id = ? 
11:31:29.551 [http-nio-8090-exec-2] DEBUG c.m.d.I.selectByItemId - ==> Parameters: 2(Integer)
11:31:29.551 [http-nio-8090-exec-2] DEBUG c.m.d.I.selectByItemId - <==      Total: 1
11:31:29.552 [http-nio-8090-exec-2] DEBUG org.mybatis.spring.SqlSessionUtils - Closing non transactional SqlSession [org.apache.ibatis.session.defaults.DefaultSqlSession@1005e118]
11:31:29.552 [http-nio-8090-exec-2] DEBUG org.mybatis.spring.SqlSessionUtils - Creating a new SqlSession
11:31:29.552 [http-nio-8090-exec-2] DEBUG org.mybatis.spring.SqlSessionUtils - SqlSession [org.apache.ibatis.session.defaults.DefaultSqlSession@4b3d578a] was not registered for synchronization because synchronization is not active
11:31:29.552 [http-nio-8090-exec-2] DEBUG o.s.jdbc.datasource.DataSourceUtils - Fetching JDBC Connection from DataSource
11:31:29.552 [http-nio-8090-exec-2] DEBUG o.m.s.t.SpringManagedTransaction - JDBC Connection [com.mysql.jdbc.JDBC4Connection@6ac8c624] will not be managed by Spring
11:31:29.552 [http-nio-8090-exec-2] DEBUG c.m.dao.PromoDOMapper.selectByItemId - ==>  Preparing: select id, promo_name, start_time, end_time, item_id, promo_item_price from promo where item_id = ? 
11:31:29.552 [http-nio-8090-exec-2] DEBUG c.m.dao.PromoDOMapper.selectByItemId - ==> Parameters: 2(Integer)
11:31:29.554 [http-nio-8090-exec-2] DEBUG c.m.dao.PromoDOMapper.selectByItemId - <==      Total: 1
11:31:29.554 [http-nio-8090-exec-2] DEBUG org.mybatis.spring.SqlSessionUtils - Closing non transactional SqlSession [org.apache.ibatis.session.defaults.DefaultSqlSession@4b3d578a]
11:31:29.555 [http-nio-8090-exec-2] DEBUG o.s.d.r.core.RedisConnectionUtils - Opening RedisConnection
11:31:29.555 [http-nio-8090-exec-2] DEBUG o.s.d.r.core.RedisConnectionUtils - Closing Redis Connection.
11:31:29.555 [http-nio-8090-exec-2] DEBUG o.s.d.r.core.RedisConnectionUtils - Opening RedisConnection
11:31:29.556 [http-nio-8090-exec-2] DEBUG o.s.d.r.core.RedisConnectionUtils - Closing Redis Connection.
11:31:29.556 [http-nio-8090-exec-2] DEBUG o.s.w.s.m.m.a.RequestResponseBodyMethodProcessor - Using 'application/json', given [*/*] and supported [application/json, application/*+json, application/json, application/*+json]
11:31:29.556 [http-nio-8090-exec-2] DEBUG o.s.w.s.m.m.a.RequestResponseBodyMethodProcessor - Writing [com.miaoshaproject.response.CommonReturnType@448b6675]
11:31:29.557 [http-nio-8090-exec-2] DEBUG o.s.web.servlet.DispatcherServlet - Completed 200 OK
11:31:29.557 [http-nio-8090-exec-2] DEBUG o.s.s.w.h.S.SESSION_LOGGER - No session found by id: Caching result for getSession(false) for this HttpServletRequest.
