11:39:02.150 [http-nio-8090-exec-5] DEBUG org.mybatis.spring.SqlSessionUtils - Closing non transactional SqlSession [org.apache.ibatis.session.defaults.DefaultSqlSession@1cb7abd4]
11:39:02.154 [http-nio-8090-exec-5] DEBUG org.mybatis.spring.SqlSessionUtils - Creating a new SqlSession
11:39:02.154 [http-nio-8090-exec-5] DEBUG org.mybatis.spring.SqlSessionUtils - SqlSession [org.apache.ibatis.session.defaults.DefaultSqlSession@3492aa87] was not registered for synchronization because synchronization is not active
11:39:02.154 [http-nio-8090-exec-5] DEBUG o.s.jdbc.datasource.DataSourceUtils - Fetching JDBC Connection from DataSource
11:39:02.154 [http-nio-8090-exec-5] DEBUG o.m.s.t.SpringManagedTransaction - JDBC Connection [com.mysql.jdbc.JDBC4Connection@15a72c60] will not be managed by Spring
11:39:02.154 [http-nio-8090-exec-5] DEBUG c.m.d.I.selectByItemId - ==>  Preparing: select id, stock, item_id from item_stock where item_id = ? 
11:39:02.155 [http-nio-8090-exec-5] DEBUG c.m.d.I.selectByItemId - ==> Parameters: 2(Integer)
11:39:02.155 [http-nio-8090-exec-5] DEBUG c.m.d.I.selectByItemId - <==      Total: 1
11:39:02.155 [http-nio-8090-exec-5] DEBUG org.mybatis.spring.SqlSessionUtils - Closing non transactional SqlSession [org.apache.ibatis.session.defaults.DefaultSqlSession@3492aa87]
11:39:02.155 [http-nio-8090-exec-5] DEBUG org.mybatis.spring.SqlSessionUtils - Creating a new SqlSession
11:39:02.155 [http-nio-8090-exec-5] DEBUG org.mybatis.spring.SqlSessionUtils - SqlSession [org.apache.ibatis.session.defaults.DefaultSqlSession@7f876fac] was not registered for synchronization because synchronization is not active
11:39:02.155 [http-nio-8090-exec-5] DEBUG o.s.jdbc.datasource.DataSourceUtils - Fetching JDBC Connection from DataSource
11:39:02.155 [http-nio-8090-exec-5] DEBUG o.m.s.t.SpringManagedTransaction - JDBC Connection [com.mysql.jdbc.JDBC4Connection@15a72c60] will not be managed by Spring
11:39:02.155 [http-nio-8090-exec-5] DEBUG c.m.dao.PromoDOMapper.selectByItemId - ==>  Preparing: select id, promo_name, start_time, end_time, item_id, promo_item_price from promo where item_id = ? 
11:39:02.155 [http-nio-8090-exec-5] DEBUG c.m.dao.PromoDOMapper.selectByItemId - ==> Parameters: 2(Integer)
11:39:02.156 [http-nio-8090-exec-5] DEBUG c.m.dao.PromoDOMapper.selectByItemId - <==      Total: 1
11:39:02.156 [http-nio-8090-exec-5] DEBUG org.mybatis.spring.SqlSessionUtils - Closing non transactional SqlSession [org.apache.ibatis.session.defaults.DefaultSqlSession@7f876fac]
11:39:02.157 [http-nio-8090-exec-5] DEBUG o.s.d.r.core.RedisConnectionUtils - Opening RedisConnection
11:39:02.157 [http-nio-8090-exec-5] DEBUG o.s.d.r.core.RedisConnectionUtils - Closing Redis Connection.
11:39:02.157 [http-nio-8090-exec-5] DEBUG o.s.w.s.m.m.a.RequestResponseBodyMethodProcessor - Using 'application/json;q=0.8', given [text/html, application/xhtml+xml, image/webp, image/apng, application/signed-exchange;v=b3, application/xml;q=0.9, */*;q=0.8] and supported [application/json, application/*+json, application/json, application/*+json]
11:39:02.157 [http-nio-8090-exec-5] DEBUG o.s.w.s.m.m.a.RequestResponseBodyMethodProcessor - Writing [com.miaoshaproject.response.CommonReturnType@7975c340]
11:39:02.158 [http-nio-8090-exec-5] DEBUG o.s.web.servlet.DispatcherServlet - Completed 200 OK
11:39:02.158 [http-nio-8090-exec-5] DEBUG o.s.s.w.h.S.SESSION_LOGGER - No session found by id: Caching result for getSession(false) for this HttpServletRequest.
11:39:02.169 [http-nio-8090-exec-6] DEBUG o.s.web.servlet.DispatcherServlet - GET "/favicon.ico", parameters={}
11:39:02.169 [http-nio-8090-exec-6] DEBUG o.s.s.w.h.S.SESSION_LOGGER - No session found by id: Caching result for getSession(false) for this HttpServletRequest.
11:39:02.169 [http-nio-8090-exec-6] WARN  o.s.web.servlet.PageNotFound - No mapping for GET /favicon.ico
11:39:02.169 [http-nio-8090-exec-6] DEBUG o.s.w.s.m.m.a.ExceptionHandlerExceptionResolver - Using @ExceptionHandler com.miaoshaproject.controller.GlobalExceptionHandler#doError(HttpServletRequest, HttpServletResponse, Exception)
