10:31:45.349 [main] DEBUG o.s.b.f.s.DefaultListableBeanFactory - Creating shared instance of singleton bean 'org.springframework.boot.autoconfigure.session.SessionAutoConfiguration$ServletSessionConfiguration'
10:31:45.354 [main] DEBUG o.s.b.f.s.DefaultListableBeanFactory - Autowiring by type from bean name 'cookieSerializer' via factory method to bean named 'server-org.springframework.boot.autoconfigure.web.ServerProperties'
10:31:45.361 [main] DEBUG o.s.b.f.s.DefaultListableBeanFactory - Creating shared instance of singleton bean 'redisConnectionFactory'
10:31:45.361 [main] DEBUG o.s.b.f.s.DefaultListableBeanFactory - Creating shared instance of singleton bean 'org.springframework.boot.autoconfigure.data.redis.LettuceConnectionConfiguration'
10:31:45.362 [main] DEBUG o.s.b.f.s.DefaultListableBeanFactory - Creating shared instance of singleton bean 'spring.redis-org.springframework.boot.autoconfigure.data.redis.RedisProperties'
10:31:45.368 [main] DEBUG o.s.b.f.s.DefaultListableBeanFactory - Autowiring by type from bean name 'org.springframework.boot.autoconfigure.data.redis.LettuceConnectionConfiguration' via constructor to bean named 'spring.redis-org.springframework.boot.autoconfigure.data.redis.RedisProperties'
10:31:45.369 [main] DEBUG o.s.b.f.s.DefaultListableBeanFactory - Creating shared instance of singleton bean 'lettuceClientResources'
10:31:45.372 [main] DEBUG i.n.u.i.l.InternalLoggerFactory - Using SLF4J as the default logging framework
10:31:45.374 [main] DEBUG i.l.c.r.DefaultClientResources - -Dio.netty.eventLoopThreads: 8
10:31:45.383 [main] DEBUG i.l.c.r.DefaultEventLoopGroupProvider - Creating executor io.netty.util.concurrent.DefaultEventExecutorGroup
10:31:45.402 [main] DEBUG i.n.u.i.InternalThreadLocalMap - -Dio.netty.threadLocalMap.stringBuilder.initialSize: 1024
10:31:45.402 [main] DEBUG i.n.u.i.InternalThreadLocalMap - -Dio.netty.threadLocalMap.stringBuilder.maxSize: 4096
10:31:45.409 [main] DEBUG io.netty.util.ResourceLeakDetector - -Dio.netty.leakDetection.level: simple
10:31:45.409 [main] DEBUG io.netty.util.ResourceLeakDetector - -Dio.netty.leakDetection.targetRecords: 4
10:31:45.412 [main] DEBUG i.n.util.internal.PlatformDependent - Platform: Windows
10:31:45.413 [main] DEBUG i.n.util.internal.PlatformDependent0 - -Dio.netty.noUnsafe: false
10:31:45.413 [main] DEBUG i.n.util.internal.PlatformDependent0 - Java version: 8
10:31:45.414 [main] DEBUG i.n.util.internal.PlatformDependent0 - sun.misc.Unsafe.theUnsafe: available
10:31:45.415 [main] DEBUG i.n.util.internal.PlatformDependent0 - sun.misc.Unsafe.copyMemory: available
10:31:45.415 [main] DEBUG i.n.util.internal.PlatformDependent0 - java.nio.Buffer.address: available
10:31:45.416 [main] DEBUG i.n.util.internal.PlatformDependent0 - direct buffer constructor: available
10:31:45.417 [main] DEBUG i.n.util.internal.PlatformDependent0 - java.nio.Bits.unaligned: available, true
10:31:45.417 [main] DEBUG i.n.util.internal.PlatformDependent0 - jdk.internal.misc.Unsafe.allocateUninitializedArray(int): unavailable prior to Java9
10:31:45.417 [main] DEBUG i.n.util.internal.PlatformDependent0 - java.nio.DirectByteBuffer.<init>(long, int): available
10:31:45.417 [main] DEBUG i.n.util.internal.PlatformDependent - sun.misc.Unsafe: available
10:31:45.417 [main] DEBUG i.n.util.internal.PlatformDependent - -Dio.netty.tmpdir: C:\Users\Lijian\AppData\Local\Temp (java.io.tmpdir)
10:31:45.417 [main] DEBUG i.n.util.internal.PlatformDependent - -Dio.netty.bitMode: 64 (sun.arch.data.model)
10:31:45.419 [main] DEBUG i.n.util.internal.PlatformDependent - -Dio.netty.maxDirectMemory: 1883242496 bytes
10:31:45.419 [main] DEBUG i.n.util.internal.PlatformDependent - -Dio.netty.uninitializedArrayAllocationThreshold: -1
10:31:45.420 [main] DEBUG io.netty.util.internal.CleanerJava6 - java.nio.ByteBuffer.cleaner(): available
10:31:45.420 [main] DEBUG i.n.util.internal.PlatformDependent - -Dio.netty.noPreferDirect: false
10:31:45.421 [main] DEBUG i.n.util.ResourceLeakDetectorFactory - Loaded default ResourceLeakDetector: io.netty.util.ResourceLeakDetector@7c52fc81
