10:38:39.373 [http-nio-8090-exec-8] DEBUG org.mybatis.spring.SqlSessionUtils - Creating a new SqlSession
10:38:39.376 [http-nio-8090-exec-8] DEBUG org.mybatis.spring.SqlSessionUtils - SqlSession [org.apache.ibatis.session.defaults.DefaultSqlSession@49b59dbb] was not registered for synchronization because synchronization is not active
10:38:39.376 [http-nio-8090-exec-8] DEBUG o.s.jdbc.datasource.DataSourceUtils - Fetching JDBC Connection from DataSource
10:38:39.376 [http-nio-8090-exec-8] DEBUG o.m.s.t.SpringManagedTransaction - JDBC Connection [com.mysql.jdbc.JDBC4Connection@35bc682f] will not be managed by Spring
10:38:39.377 [http-nio-8090-exec-8] DEBUG c.m.d.I.selectByPrimaryKey - ==>  Preparing: select id, title, price, description, sales, img_url from item where id = ? 
10:38:39.377 [http-nio-8090-exec-8] DEBUG c.m.d.I.selectByPrimaryKey - ==> Parameters: 2(Integer)
10:38:39.377 [http-nio-8090-exec-8] DEBUG c.m.d.I.selectByPrimaryKey - <==      Total: 1
10:38:39.377 [http-nio-8090-exec-8] DEBUG org.mybatis.spring.SqlSessionUtils - Closing non transactional SqlSession [org.apache.ibatis.session.defaults.DefaultSqlSession@49b59dbb]
10:38:39.378 [http-nio-8090-exec-8] DEBUG org.mybatis.spring.SqlSessionUtils - Creating a new SqlSession
10:38:39.378 [http-nio-8090-exec-8] DEBUG org.mybatis.spring.SqlSessionUtils - SqlSession [org.apache.ibatis.session.defaults.DefaultSqlSession@409e4214] was not registered for synchronization because synchronization is not active
10:38:39.378 [http-nio-8090-exec-8] DEBUG o.s.jdbc.datasource.DataSourceUtils - Fetching JDBC Connection from DataSource
10:38:39.378 [http-nio-8090-exec-8] DEBUG o.m.s.t.SpringManagedTransaction - JDBC Connection [com.mysql.jdbc.JDBC4Connection@35bc682f] will not be managed by Spring
10:38:39.378 [http-nio-8090-exec-8] DEBUG c.m.d.I.selectByItemId - ==>  Preparing: select id, stock, item_id from item_stock where item_id = ? 
10:38:39.378 [http-nio-8090-exec-8] DEBUG c.m.d.I.selectByItemId - ==> Parameters: 2(Integer)
10:38:39.378 [http-nio-8090-exec-8] DEBUG c.m.d.I.selectByItemId - <==      Total: 1
10:38:39.379 [http-nio-8090-exec-8] DEBUG org.mybatis.spring.SqlSessionUtils - Closing non transactional SqlSession [org.apache.ibatis.session.defaults.DefaultSqlSession@409e4214]
10:38:39.379 [http-nio-8090-exec-8] DEBUG org.mybatis.spring.SqlSessionUtils - Creating a new SqlSession
10:38:39.379 [http-nio-8090-exec-8] DEBUG org.mybatis.spring.SqlSessionUtils - SqlSession [org.apache.ibatis.session.defaults.DefaultSqlSession@c4ff58c] was not registered for synchronization because synchronization is not active
10:38:39.379 [http-nio-8090-exec-8] DEBUG o.s.jdbc.datasource.DataSourceUtils - Fetching JDBC Connection from DataSource
10:38:39.379 [http-nio-8090-exec-8] DEBUG o.m.s.t.SpringManagedTransaction - JDBC Connection [com.mysql.jdbc.JDBC4Connection@35bc682f] will not be managed by Spring
10:38:39.379 [http-nio-8090-exec-8] DEBUG c.m.dao.PromoDOMapper.selectByItemId - ==>  Preparing: select id, promo_name, start_time, end_time, item_id, promo_item_price from promo where item_id = ? 
10:38:39.380 [http-nio-8090-exec-8] DEBUG c.m.dao.PromoDOMapper.selectByItemId - ==> Parameters: 2(Integer)
10:38:39.381 [http-nio-8090-exec-8] DEBUG c.m.dao.PromoDOMapper.selectByItemId - <==      Total: 1
10:38:39.382 [http-nio-8090-exec-8] DEBUG org.mybatis.spring.SqlSessionUtils - Closing non transactional SqlSession [org.apache.ibatis.session.defaults.DefaultSqlSession@c4ff58c]
10:38:39.382 [http-nio-8090-exec-8] DEBUG o.s.d.r.core.RedisConnectionUtils - Opening RedisConnection
10:38:39.383 [http-nio-8090-exec-8] DEBUG o.s.d.r.core.RedisConnectionUtils - Closing Redis Connection.
10:38:39.383 [http-nio-8090-exec-8] DEBUG o.s.d.r.core.RedisConnectionUtils - Opening RedisConnection
10:38:39.383 [http-nio-8090-exec-8] DEBUG o.s.d.r.core.RedisConnectionUtils - Closing Redis Connection.
10:38:39.383 [http-nio-8090-exec-8] DEBUG o.s.d.r.core.RedisConnectionUtils - Opening RedisConnection
10:38:39.384 [http-nio-8090-exec-8] DEBUG o.s.d.r.core.RedisConnectionUtils - Closing Redis Connection.
10:38:39.384 [http-nio-8090-exec-8] DEBUG org.mybatis.spring.SqlSessionUtils - Creating a new SqlSession
10:38:39.384 [http-nio-8090-exec-8] DEBUG org.mybatis.spring.SqlSessionUtils - SqlSession [org.apache.ibatis.session.defaults.DefaultSqlSession@43fe3be1] was not registered for synchronization because synchronization is not active
