11:36:55.281 [http-nio-8090-exec-3] DEBUG o.s.w.s.m.m.a.ExceptionHandlerExceptionResolver - Resolved [org.springframework.web.servlet.NoHandlerFoundException: No handler found for GET /favicon.ico]
11:36:55.283 [http-nio-8090-exec-4] DEBUG o.s.d.r.core.RedisConnectionUtils - Closing Redis Connection.
11:36:55.283 [pool-2-thread-1] DEBUG c.m.d.S.selectByPrimaryKey - <==      Total: 1
11:36:55.292 [http-nio-8090-exec-3] DEBUG o.s.web.servlet.DispatcherServlet - Completed 200 OK
11:36:55.292 [http-nio-8090-exec-4] DEBUG org.mybatis.spring.SqlSessionUtils - Creating a new SqlSession
11:36:55.292 [http-nio-8090-exec-3] DEBUG o.s.s.w.h.S.SESSION_LOGGER - No session found by id: Caching result for getSession(false) for this HttpServletRequest.
11:36:55.292 [http-nio-8090-exec-4] DEBUG org.mybatis.spring.SqlSessionUtils - SqlSession [org.apache.ibatis.session.defaults.DefaultSqlSession@2a8f15d1] was not registered for synchronization because synchronization is not active
11:36:55.292 [pool-2-thread-1] DEBUG org.mybatis.spring.SqlSessionUtils - Closing non transactional SqlSession [org.apache.ibatis.session.defaults.DefaultSqlSession@6d2d0f2d]
11:36:55.293 [http-nio-8090-exec-4] DEBUG o.s.jdbc.datasource.DataSourceUtils - Fetching JDBC Connection from DataSource
11:36:55.293 [http-nio-8090-exec-4] DEBUG o.m.s.t.SpringManagedTransaction - JDBC Connection [com.mysql.jdbc.JDBC4Connection@15a72c60] will not be managed by Spring
11:36:55.293 [pool-2-thread-1] DEBUG org.mybatis.spring.SqlSessionUtils - Creating a new SqlSession
11:36:55.293 [pool-2-thread-1] DEBUG org.mybatis.spring.SqlSessionUtils - SqlSession [org.apache.ibatis.session.defaults.DefaultSqlSession@79a47096] was not registered for synchronization because synchronization is not active
11:36:55.293 [http-nio-8090-exec-4] DEBUG c.m.d.I.selectByPrimaryKey - ==>  Preparing: select id, title, price, description, sales, img_url from item where id = ? 
11:36:55.293 [pool-2-thread-1] DEBUG o.s.jdbc.datasource.DataSourceUtils - Fetching JDBC Connection from DataSource
11:36:55.293 [http-nio-8090-exec-4] DEBUG c.m.d.I.selectByPrimaryKey - ==> Parameters: 2(Integer)
11:36:55.293 [pool-2-thread-1] DEBUG o.m.s.t.SpringManagedTransaction - JDBC Connection [com.mysql.jdbc.JDBC4Connection@6ac8c624] will not be managed by Spring
11:36:55.294 [pool-2-thread-1] DEBUG c.m.d.S.selectByPrimaryKey - ==>  Preparing: select stock_log_id, item_id, amount, status from stock_log where stock_log_id = ? 
11:36:55.294 [pool-2-thread-1] DEBUG c.m.d.S.selectByPrimaryKey - ==> Parameters: 11de0380998a46e29c695606308d67ea(String)
11:36:55.295 [http-nio-8090-exec-4] DEBUG c.m.d.I.selectByPrimaryKey - <==      Total: 1
11:36:55.295 [pool-2-thread-1] DEBUG c.m.d.S.selectByPrimaryKey - <==      Total: 1
11:36:55.297 [http-nio-8090-exec-4] DEBUG org.mybatis.spring.SqlSessionUtils - Closing non transactional SqlSession [org.apache.ibatis.session.defaults.DefaultSqlSession@2a8f15d1]
11:36:55.297 [pool-2-thread-1] DEBUG org.mybatis.spring.SqlSessionUtils - Closing non transactional SqlSession [org.apache.ibatis.session.defaults.DefaultSqlSession@79a47096]
11:36:55.297 [http-nio-8090-exec-4] DEBUG org.mybatis.spring.SqlSessionUtils - Creating a new SqlSession
11:36:55.297 [http-nio-8090-exec-4] DEBUG org.mybatis.spring.SqlSessionUtils - SqlSession [org.apache.ibatis.session.defaults.DefaultSqlSession@12b6fa57] was not registered for synchronization because synchronization is not active
11:36:55.297 [http-nio-8090-exec-4] DEBUG o.s.jdbc.datasource.DataSourceUtils - Fetching JDBC Connection from DataSource
11:36:55.297 [http-nio-8090-exec-4] DEBUG o.m.s.t.SpringManagedTransaction - JDBC Connection [com.mysql.jdbc.JDBC4Connection@6ac8c624] will not be managed by Spring
11:36:55.297 [http-nio-8090-exec-4] DEBUG c.m.d.I.selectByItemId - ==>  Preparing: select id, stock, item_id from item_stock where item_id = ? 
11:36:55.298 [http-nio-8090-exec-4] DEBUG c.m.d.I.selectByItemId - ==> Parameters: 2(Integer)
11:36:55.299 [http-nio-8090-exec-4] DEBUG c.m.d.I.selectByItemId - <==      Total: 1
11:36:55.299 [http-nio-8090-exec-4] DEBUG org.mybatis.spring.SqlSessionUtils - Closing non transactional SqlSession [org.apache.ibatis.session.defaults.DefaultSqlSession@12b6fa57]
11:36:55.300 [http-nio-8090-exec-4] DEBUG org.mybatis.spring.SqlSessionUtils - Creating a new SqlSession
11:36:55.300 [http-nio-8090-exec-4] DEBUG org.mybatis.spring.SqlSessionUtils - SqlSession [org.apache.ibatis.session.defaults.DefaultSqlSession@d0d7b2c] was not registered for synchronization because synchronization is not active
