20:52:21.351 [http-nio-8090-exec-3] DEBUG c.m.d.I.selectByItemId - <==      Total: 1
20:52:21.355 [http-nio-8090-exec-3] DEBUG org.mybatis.spring.SqlSessionUtils - Closing non transactional SqlSession [org.apache.ibatis.session.defaults.DefaultSqlSession@7449465f]
20:52:21.356 [http-nio-8090-exec-3] DEBUG org.mybatis.spring.SqlSessionUtils - Creating a new SqlSession
20:52:21.356 [http-nio-8090-exec-3] DEBUG org.mybatis.spring.SqlSessionUtils - SqlSession [org.apache.ibatis.session.defaults.DefaultSqlSession@5755430b] was not registered for synchronization because synchronization is not active
20:52:21.356 [http-nio-8090-exec-3] DEBUG o.s.jdbc.datasource.DataSourceUtils - Fetching JDBC Connection from DataSource
20:52:21.356 [http-nio-8090-exec-3] DEBUG o.m.s.t.SpringManagedTransaction - JDBC Connection [com.mysql.jdbc.JDBC4Connection@433d7483] will not be managed by Spring
20:52:21.356 [http-nio-8090-exec-3] DEBUG c.m.dao.PromoDOMapper.selectByItemId - ==>  Preparing: select id, promo_name, start_time, end_time, item_id, promo_item_price from promo where item_id = ? 
20:52:21.356 [http-nio-8090-exec-3] DEBUG c.m.dao.PromoDOMapper.selectByItemId - ==> Parameters: 2(Integer)
20:52:21.357 [http-nio-8090-exec-3] DEBUG c.m.dao.PromoDOMapper.selectByItemId - <==      Total: 1
20:52:21.357 [http-nio-8090-exec-3] DEBUG org.mybatis.spring.SqlSessionUtils - Closing non transactional SqlSession [org.apache.ibatis.session.defaults.DefaultSqlSession@5755430b]
20:52:21.357 [http-nio-8090-exec-3] DEBUG o.s.d.r.core.RedisConnectionUtils - Opening RedisConnection
20:52:21.358 [http-nio-8090-exec-3] DEBUG o.s.d.r.core.RedisConnectionUtils - Closing Redis Connection.
20:52:21.360 [http-nio-8090-exec-3] DEBUG o.s.w.s.m.m.a.RequestResponseBodyMethodProcessor - Using 'application/json;q=0.8', given [text/html, application/xhtml+xml, image/webp, image/apng, application/signed-exchange;v=b3, application/xml;q=0.9, */*;q=0.8] and supported [application/json, application/*+json, application/json, application/*+json]
20:52:21.360 [http-nio-8090-exec-3] DEBUG o.s.w.s.m.m.a.RequestResponseBodyMethodProcessor - Writing [com.miaoshaproject.response.CommonReturnType@375657c9]
20:52:21.360 [http-nio-8090-exec-3] DEBUG o.s.web.servlet.DispatcherServlet - Completed 200 OK
20:52:21.360 [http-nio-8090-exec-3] DEBUG o.s.s.w.h.S.SESSION_LOGGER - No session found by id: Caching result for getSession(false) for this HttpServletRequest.
20:52:21.372 [http-nio-8090-exec-4] DEBUG o.s.web.servlet.DispatcherServlet - GET "/favicon.ico", parameters={}
20:52:21.373 [http-nio-8090-exec-4] DEBUG o.s.s.w.h.S.SESSION_LOGGER - No session found by id: Caching result for getSession(false) for this HttpServletRequest.
20:52:21.373 [http-nio-8090-exec-4] WARN  o.s.web.servlet.PageNotFound - No mapping for GET /favicon.ico
20:52:21.373 [http-nio-8090-exec-4] DEBUG o.s.w.s.m.m.a.ExceptionHandlerExceptionResolver - Using @ExceptionHandler com.miaoshaproject.controller.GlobalExceptionHandler#doError(HttpServletRequest, HttpServletResponse, Exception)
20:52:21.374 [http-nio-8090-exec-4] DEBUG o.s.w.s.m.m.a.RequestResponseBodyMethodProcessor - Using 'application/json;q=0.8', given [image/webp, image/apng, image/*, */*;q=0.8] and supported [application/json, application/*+json, application/json, application/*+json]
20:52:21.374 [http-nio-8090-exec-4] DEBUG o.s.w.s.m.m.a.RequestResponseBodyMethodProcessor - Writing [com.miaoshaproject.response.CommonReturnType@2cf79c67]
20:52:21.374 [http-nio-8090-exec-4] DEBUG o.s.w.s.m.m.a.ExceptionHandlerExceptionResolver - Resolved [org.springframework.web.servlet.NoHandlerFoundException: No handler found for GET /favicon.ico]
20:52:21.374 [http-nio-8090-exec-4] DEBUG o.s.web.servlet.DispatcherServlet - Completed 200 OK
20:52:21.374 [http-nio-8090-exec-4] DEBUG o.s.s.w.h.S.SESSION_LOGGER - No session found by id: Caching result for getSession(false) for this HttpServletRequest.
