20:55:12.187 [http-nio-8090-exec-7] DEBUG c.m.d.I.selectByPrimaryKey - <==      Total: 1
20:55:12.193 [http-nio-8090-exec-7] DEBUG org.mybatis.spring.SqlSessionUtils - Releasing transactional SqlSession [org.apache.ibatis.session.defaults.DefaultSqlSession@7cd8a07f]
20:55:12.193 [http-nio-8090-exec-7] DEBUG org.mybatis.spring.SqlSessionUtils - Fetched SqlSession [org.apache.ibatis.session.defaults.DefaultSqlSession@7cd8a07f] from current transaction
20:55:12.193 [http-nio-8090-exec-7] DEBUG c.m.d.I.selectByItemId - ==>  Preparing: select id, stock, item_id from item_stock where item_id = ? 
20:55:12.193 [http-nio-8090-exec-7] DEBUG c.m.d.I.selectByItemId - ==> Parameters: 2(Integer)
20:55:12.195 [http-nio-8090-exec-7] DEBUG c.m.d.I.selectByItemId - <==      Total: 1
20:55:12.195 [http-nio-8090-exec-7] DEBUG org.mybatis.spring.SqlSessionUtils - Releasing transactional SqlSession [org.apache.ibatis.session.defaults.DefaultSqlSession@7cd8a07f]
20:55:12.196 [http-nio-8090-exec-7] DEBUG org.mybatis.spring.SqlSessionUtils - Fetched SqlSession [org.apache.ibatis.session.defaults.DefaultSqlSession@7cd8a07f] from current transaction
20:55:12.196 [http-nio-8090-exec-7] DEBUG c.m.dao.PromoDOMapper.selectByItemId - ==>  Preparing: select id, promo_name, start_time, end_time, item_id, promo_item_price from promo where item_id = ? 
20:55:12.196 [http-nio-8090-exec-7] DEBUG c.m.dao.PromoDOMapper.selectByItemId - ==> Parameters: 2(Integer)
20:55:12.197 [http-nio-8090-exec-7] DEBUG c.m.dao.PromoDOMapper.selectByItemId - <==      Total: 1
20:55:12.197 [http-nio-8090-exec-7] DEBUG org.mybatis.spring.SqlSessionUtils - Releasing transactional SqlSession [org.apache.ibatis.session.defaults.DefaultSqlSession@7cd8a07f]
20:55:12.197 [http-nio-8090-exec-7] DEBUG o.s.d.r.core.RedisConnectionUtils - Opening RedisConnection
20:55:12.198 [http-nio-8090-exec-7] DEBUG o.s.d.r.core.RedisConnectionUtils - Closing Redis Connection.
20:55:12.198 [http-nio-8090-exec-7] DEBUG o.s.d.r.core.RedisConnectionUtils - Opening RedisConnection
20:55:12.199 [http-nio-8090-exec-7] DEBUG o.s.d.r.core.RedisConnectionUtils - Closing Redis Connection.
20:55:12.199 [http-nio-8090-exec-7] DEBUG o.s.d.r.core.RedisConnectionUtils - Opening RedisConnection
20:55:12.199 [http-nio-8090-exec-7] DEBUG o.s.d.r.core.RedisConnectionUtils - Closing Redis Connection.
20:55:12.200 [http-nio-8090-exec-7] DEBUG org.mybatis.spring.SqlSessionUtils - Fetched SqlSession [org.apache.ibatis.session.defaults.DefaultSqlSession@7cd8a07f] from current transaction
20:55:12.200 [http-nio-8090-exec-7] DEBUG c.m.d.U.selectByPrimaryKey - ==>  Preparing: select id, name, gender, age, telphone, register_mode, third_party_id from user_info where id = ? 
20:55:12.200 [http-nio-8090-exec-7] DEBUG c.m.d.U.selectByPrimaryKey - ==> Parameters: 8(Integer)
20:55:12.201 [http-nio-8090-exec-7] DEBUG c.m.d.U.selectByPrimaryKey - <==      Total: 1
20:55:12.201 [http-nio-8090-exec-7] DEBUG org.mybatis.spring.SqlSessionUtils - Releasing transactional SqlSession [org.apache.ibatis.session.defaults.DefaultSqlSession@7cd8a07f]
20:55:12.202 [http-nio-8090-exec-7] DEBUG org.mybatis.spring.SqlSessionUtils - Fetched SqlSession [org.apache.ibatis.session.defaults.DefaultSqlSession@7cd8a07f] from current transaction
20:55:12.202 [http-nio-8090-exec-7] DEBUG c.m.d.U.selectByUserId - ==>  Preparing: select id, encrpt_password, user_id from user_password where user_id = ? 
20:55:12.202 [http-nio-8090-exec-7] DEBUG c.m.d.U.selectByUserId - ==> Parameters: 8(Integer)
20:55:12.202 [http-nio-8090-exec-7] DEBUG c.m.d.U.selectByUserId - <==      Total: 1
20:55:12.203 [http-nio-8090-exec-7] DEBUG org.mybatis.spring.SqlSessionUtils - Releasing transactional SqlSession [org.apache.ibatis.session.defaults.DefaultSqlSession@7cd8a07f]
20:55:12.203 [http-nio-8090-exec-7] DEBUG o.s.d.r.core.RedisConnectionUtils - Opening RedisConnection
20:55:12.204 [http-nio-8090-exec-7] DEBUG o.s.d.r.core.RedisConnectionUtils - Closing Redis Connection.
20:55:12.204 [http-nio-8090-exec-7] DEBUG o.s.d.r.core.RedisConnectionUtils - Opening RedisConnection
20:55:12.205 [http-nio-8090-exec-7] DEBUG o.s.d.r.core.RedisConnectionUtils - Closing Redis Connection.
