20:55:00.881 [http-nio-8090-exec-2] DEBUG org.mybatis.spring.SqlSessionUtils - Creating a new SqlSession
20:55:00.885 [http-nio-8090-exec-2] DEBUG org.mybatis.spring.SqlSessionUtils - SqlSession [org.apache.ibatis.session.defaults.DefaultSqlSession@2ffb0a8a] was not registered for synchronization because synchronization is not active
20:55:00.885 [http-nio-8090-exec-2] DEBUG o.s.jdbc.datasource.DataSourceUtils - Fetching JDBC Connection from DataSource
20:55:00.885 [http-nio-8090-exec-2] DEBUG o.m.s.t.SpringManagedTransaction - JDBC Connection [com.mysql.jdbc.JDBC4Connection@277680ee] will not be managed by Spring
20:55:00.885 [http-nio-8090-exec-2] DEBUG c.m.dao.PromoDOMapper.selectByItemId - ==>  Preparing: select id, promo_name, start_time, end_time, item_id, promo_item_price from promo where item_id = ? 
20:55:00.885 [http-nio-8090-exec-2] DEBUG c.m.dao.PromoDOMapper.selectByItemId - ==> Parameters: 2(Integer)
20:55:00.886 [http-nio-8090-exec-2] DEBUG c.m.dao.PromoDOMapper.selectByItemId - <==      Total: 1
20:55:00.886 [http-nio-8090-exec-2] DEBUG org.mybatis.spring.SqlSessionUtils - Closing non transactional SqlSession [org.apache.ibatis.session.defaults.DefaultSqlSession@2ffb0a8a]
20:55:00.967 [http-nio-8090-exec-2] DEBUG o.s.d.r.core.RedisConnectionUtils - Opening RedisConnection
20:55:00.970 [http-nio-8090-exec-2] DEBUG o.s.d.r.core.RedisConnectionUtils - Closing Redis Connection.
20:55:01.006 [http-nio-8090-exec-2] DEBUG o.s.w.s.m.m.a.RequestResponseBodyMethodProcessor - Using 'application/json;q=0.8', given [text/html, application/xhtml+xml, image/webp, image/apng, application/signed-exchange;v=b3, application/xml;q=0.9, */*;q=0.8] and supported [application/json, application/*+json, application/json, application/*+json]
20:55:01.007 [http-nio-8090-exec-2] DEBUG o.s.w.s.m.m.a.RequestResponseBodyMethodProcessor - Writing [com.miaoshaproject.response.CommonReturnType@3fc4aaf6]
20:55:01.018 [http-nio-8090-exec-2] DEBUG o.s.web.servlet.DispatcherServlet - Completed 200 OK
20:55:01.020 [http-nio-8090-exec-2] DEBUG o.s.s.w.h.S.SESSION_LOGGER - No session found by id: Caching result for getSession(false) for this HttpServletRequest.
20:55:01.034 [http-nio-8090-exec-1] DEBUG o.s.web.servlet.DispatcherServlet - GET "/favicon.ico", parameters={}
20:55:01.035 [http-nio-8090-exec-1] DEBUG o.s.s.w.h.S.SESSION_LOGGER - No session found by id: Caching result for getSession(false) for this HttpServletRequest.
20:55:01.038 [http-nio-8090-exec-1] WARN  o.s.web.servlet.PageNotFound - No mapping for GET /favicon.ico
20:55:01.045 [http-nio-8090-exec-1] DEBUG o.s.w.s.m.m.a.ExceptionHandlerExceptionResolver - Using @ExceptionHandler com.miaoshaproject.controller.GlobalExceptionHandler#doError(HttpServletRequest, HttpServletResponse, Exception)
20:55:01.054 [http-nio-8090-exec-1] DEBUG o.s.w.s.m.m.a.RequestResponseBodyMethodProcessor - Using 'application/json;q=0.8', given [image/webp, image/apng, image/*, */*;q=0.8] and supported [application/json, application/*+json, application/json, application/*+json]
20:55:01.054 [http-nio-8090-exec-1] DEBUG o.s.w.s.m.m.a.RequestResponseBodyMethodProcessor - Writing [com.miaoshaproject.response.CommonReturnType@45d8091f]
20:55:01.103 [http-nio-8090-exec-1] DEBUG o.s.w.s.m.m.a.ExceptionHandlerExceptionResolver - Resolved [org.springframework.web.servlet.NoHandlerFoundException: No handler found for GET /favicon.ico]
20:55:01.103 [http-nio-8090-exec-1] DEBUG o.s.web.servlet.DispatcherServlet - Completed 200 OK
20:55:01.103 [http-nio-8090-exec-1] DEBUG o.s.s.w.h.S.SESSION_LOGGER - No session found by id: Caching result for getSession(false) for this HttpServletRequest.
