20:45:57.467 [http-nio-8090-exec-5] DEBUG c.m.dao.ItemDOMapper.listItem - <==      Total: 2
20:45:57.472 [http-nio-8090-exec-5] DEBUG org.mybatis.spring.SqlSessionUtils - Closing non transactional SqlSession [org.apache.ibatis.session.defaults.DefaultSqlSession@38290957]
20:45:57.473 [http-nio-8090-exec-5] DEBUG org.mybatis.spring.SqlSessionUtils - Creating a new SqlSession
20:45:57.473 [http-nio-8090-exec-5] DEBUG org.mybatis.spring.SqlSessionUtils - SqlSession [org.apache.ibatis.session.defaults.DefaultSqlSession@243cfb7e] was not registered for synchronization because synchronization is not active
20:45:57.473 [http-nio-8090-exec-5] DEBUG o.s.jdbc.datasource.DataSourceUtils - Fetching JDBC Connection from DataSource
20:45:57.473 [http-nio-8090-exec-5] DEBUG o.m.s.t.SpringManagedTransaction - JDBC Connection [com.mysql.jdbc.JDBC4Connection@44f147d1] will not be managed by Spring
20:45:57.474 [http-nio-8090-exec-5] DEBUG c.m.d.I.selectByItemId - ==>  Preparing: select id, stock, item_id from item_stock where item_id = ? 
20:45:57.474 [http-nio-8090-exec-5] DEBUG c.m.d.I.selectByItemId - ==> Parameters: 2(Integer)
20:45:57.475 [http-nio-8090-exec-5] DEBUG c.m.d.I.selectByItemId - <==      Total: 1
20:45:57.475 [http-nio-8090-exec-5] DEBUG org.mybatis.spring.SqlSessionUtils - Closing non transactional SqlSession [org.apache.ibatis.session.defaults.DefaultSqlSession@243cfb7e]
20:45:57.475 [http-nio-8090-exec-5] DEBUG org.mybatis.spring.SqlSessionUtils - Creating a new SqlSession
20:45:57.475 [http-nio-8090-exec-5] DEBUG org.mybatis.spring.SqlSessionUtils - SqlSession [org.apache.ibatis.session.defaults.DefaultSqlSession@3fd2cc81] was not registered for synchronization because synchronization is not active
20:45:57.475 [http-nio-8090-exec-5] DEBUG o.s.jdbc.datasource.DataSourceUtils - Fetching JDBC Connection from DataSource
20:45:57.475 [http-nio-8090-exec-5] DEBUG o.m.s.t.SpringManagedTransaction - JDBC Connection [com.mysql.jdbc.JDBC4Connection@44f147d1] will not be managed by Spring
20:45:57.475 [http-nio-8090-exec-5] DEBUG c.m.d.I.selectByItemId - ==>  Preparing: select id, stock, item_id from item_stock where item_id = ? 
20:45:57.476 [http-nio-8090-exec-5] DEBUG c.m.d.I.selectByItemId - ==> Parameters: 1(Integer)
20:45:57.476 [http-nio-8090-exec-5] DEBUG c.m.d.I.selectByItemId - <==      Total: 1
20:45:57.476 [http-nio-8090-exec-5] DEBUG org.mybatis.spring.SqlSessionUtils - Closing non transactional SqlSession [org.apache.ibatis.session.defaults.DefaultSqlSession@3fd2cc81]
20:45:57.479 [http-nio-8090-exec-5] DEBUG o.s.w.s.m.m.a.RequestResponseBodyMethodProcessor - Using 'application/json', given [*/*] and supported [application/json, application/*+json, application/json, application/*+json]
20:45:57.479 [http-nio-8090-exec-5] DEBUG o.s.w.s.m.m.a.RequestResponseBodyMethodProcessor - Writing [com.miaoshaproject.response.CommonReturnType@1d3dcb7d]
20:45:57.491 [http-nio-8090-exec-5] DEBUG o.s.web.servlet.DispatcherServlet - Completed 200 OK
20:45:57.491 [http-nio-8090-exec-5] DEBUG o.s.s.w.h.S.SESSION_LOGGER - No session found by id: Caching result for getSession(false) for this HttpServletRequest.
20:45:58.228 [http-nio-8090-exec-6] DEBUG o.s.web.servlet.DispatcherServlet - GET "/item/get?id=2", parameters={masked}
20:45:58.228 [http-nio-8090-exec-6] DEBUG o.s.s.w.h.S.SESSION_LOGGER - No session found by id: Caching result for getSession(false) for this HttpServletRequest.
20:45:58.229 [http-nio-8090-exec-6] DEBUG o.s.w.s.m.m.a.RequestMappingHandlerMapping - Mapped to com.miaoshaproject.controller.ItemController#get(Integer)
20:45:58.230 [http-nio-8090-exec-6] DEBUG o.s.d.r.core.RedisConnectionUtils - Opening RedisConnection
20:45:58.231 [http-nio-8090-exec-6] DEBUG o.s.d.r.core.RedisConnectionUtils - Closing Redis Connection.
20:45:58.231 [http-nio-8090-exec-6] DEBUG org.mybatis.spring.SqlSessionUtils - Creating a new SqlSession
20:45:58.231 [http-nio-8090-exec-6] DEBUG org.mybatis.spring.SqlSessionUtils - SqlSession [org.apache.ibatis.session.defaults.DefaultSqlSession@31b8e43f] was not registered for synchronization because synchronization is not active
20:45:58.231 [http-nio-8090-exec-6] DEBUG o.s.jdbc.datasource.DataSourceUtils - Fetching JDBC Connection from DataSource
20:45:58.231 [http-nio-8090-exec-6] DEBUG o.m.s.t.SpringManagedTransaction - JDBC Connection [com.mysql.jdbc.JDBC4Connection@44f147d1] will not be managed by Spring
20:45:58.231 [http-nio-8090-exec-6] DEBUG c.m.d.I.selectByPrimaryKey - ==>  Preparing: select id, title, price, description, sales, img_url from item where id = ? 
