20:48:38.767 [http-nio-8090-exec-1] DEBUG o.s.jdbc.datasource.DataSourceUtils - Fetching JDBC Connection from DataSource
20:48:38.771 [http-nio-8090-exec-1] DEBUG o.m.s.t.SpringManagedTransaction - JDBC Connection [com.mysql.jdbc.JDBC4Connection@433d7483] will not be managed by Spring
20:48:38.771 [http-nio-8090-exec-1] DEBUG c.m.d.I.selectByItemId - ==>  Preparing: select id, stock, item_id from item_stock where item_id = ? 
20:48:38.771 [http-nio-8090-exec-1] DEBUG c.m.d.I.selectByItemId - ==> Parameters: 2(Integer)
20:48:38.773 [http-nio-8090-exec-1] DEBUG c.m.d.I.selectByItemId - <==      Total: 1
20:48:38.773 [http-nio-8090-exec-1] DEBUG org.mybatis.spring.SqlSessionUtils - Closing non transactional SqlSession [org.apache.ibatis.session.defaults.DefaultSqlSession@520173bb]
20:48:38.778 [http-nio-8090-exec-1] DEBUG org.mybatis.spring.SqlSessionUtils - Creating a new SqlSession
20:48:38.778 [http-nio-8090-exec-1] DEBUG org.mybatis.spring.SqlSessionUtils - SqlSession [org.apache.ibatis.session.defaults.DefaultSqlSession@12d4894a] was not registered for synchronization because synchronization is not active
20:48:38.778 [http-nio-8090-exec-1] DEBUG o.s.jdbc.datasource.DataSourceUtils - Fetching JDBC Connection from DataSource
20:48:38.778 [http-nio-8090-exec-1] DEBUG o.m.s.t.SpringManagedTransaction - JDBC Connection [com.mysql.jdbc.JDBC4Connection@433d7483] will not be managed by Spring
20:48:38.779 [http-nio-8090-exec-1] DEBUG c.m.dao.PromoDOMapper.selectByItemId - ==>  Preparing: select id, promo_name, start_time, end_time, item_id, promo_item_price from promo where item_id = ? 
20:48:38.779 [http-nio-8090-exec-1] DEBUG c.m.dao.PromoDOMapper.selectByItemId - ==> Parameters: 2(Integer)
20:48:38.780 [http-nio-8090-exec-1] DEBUG c.m.dao.PromoDOMapper.selectByItemId - <==      Total: 1
20:48:38.780 [http-nio-8090-exec-1] DEBUG org.mybatis.spring.SqlSessionUtils - Closing non transactional SqlSession [org.apache.ibatis.session.defaults.DefaultSqlSession@12d4894a]
20:48:38.841 [http-nio-8090-exec-1] DEBUG o.s.d.r.core.RedisConnectionUtils - Opening RedisConnection
20:48:38.845 [http-nio-8090-exec-1] DEBUG o.s.d.r.core.RedisConnectionUtils - Closing Redis Connection.
20:48:38.870 [http-nio-8090-exec-1] DEBUG o.s.w.s.m.m.a.RequestResponseBodyMethodProcessor - Using 'application/json;q=0.8', given [text/html, application/xhtml+xml, image/webp, image/apng, application/signed-exchange;v=b3, application/xml;q=0.9, */*;q=0.8] and supported [application/json, application/*+json, application/json, application/*+json]
20:48:38.871 [http-nio-8090-exec-1] DEBUG o.s.w.s.m.m.a.RequestResponseBodyMethodProcessor - Writing [com.miaoshaproject.response.CommonReturnType@648592a0]
20:48:38.879 [http-nio-8090-exec-1] DEBUG o.s.web.servlet.DispatcherServlet - Completed 200 OK
20:48:38.880 [http-nio-8090-exec-1] DEBUG o.s.s.w.h.S.SESSION_LOGGER - No session found by id: Caching result for getSession(false) for this HttpServletRequest.
20:48:38.902 [http-nio-8090-exec-2] DEBUG o.s.web.servlet.DispatcherServlet - GET "/favicon.ico", parameters={}
20:48:38.903 [http-nio-8090-exec-2] DEBUG o.s.s.w.h.S.SESSION_LOGGER - No session found by id: Caching result for getSession(false) for this HttpServletRequest.
20:48:38.907 [http-nio-8090-exec-2] WARN  o.s.web.servlet.PageNotFound - No mapping for GET /favicon.ico
20:48:38.912 [http-nio-8090-exec-2] DEBUG o.s.w.s.m.m.a.ExceptionHandlerExceptionResolver - Using @ExceptionHandler com.miaoshaproject.controller.GlobalExceptionHandler#doError(HttpServletRequest, HttpServletResponse, Exception)
20:48:38.917 [http-nio-8090-exec-2] DEBUG o.s.w.s.m.m.a.RequestResponseBodyMethodProcessor - Using 'application/json;q=0.8', given [image/webp, image/apng, image/*, */*;q=0.8] and supported [application/json, application/*+json, application/json, application/*+json]
20:48:38.917 [http-nio-8090-exec-2] DEBUG o.s.w.s.m.m.a.RequestResponseBodyMethodProcessor - Writing [com.miaoshaproject.response.CommonReturnType@61c72fa0]
20:48:38.948 [http-nio-8090-exec-2] DEBUG o.s.w.s.m.m.a.ExceptionHandlerExceptionResolver - Resolved [org.springframework.web.servlet.NoHandlerFoundException: No handler found for GET /favicon.ico]
20:48:38.949 [http-nio-8090-exec-2] DEBUG o.s.web.servlet.DispatcherServlet - Completed 200 OK
20:48:38.949 [http-nio-8090-exec-2] DEBUG o.s.s.w.h.S.SESSION_LOGGER - No session found by id: Caching result for getSession(false) for this HttpServletRequest.
