21:01:06.146 [http-nio-8090-exec-6] DEBUG org.mybatis.spring.SqlSessionUtils - Creating a new SqlSession
21:01:06.150 [http-nio-8090-exec-6] DEBUG org.mybatis.spring.SqlSessionUtils - SqlSession [org.apache.ibatis.session.defaults.DefaultSqlSession@25dd6bb2] was not registered for synchronization because synchronization is not active
21:01:06.150 [http-nio-8090-exec-6] DEBUG o.s.jdbc.datasource.DataSourceUtils - Fetching JDBC Connection from DataSource
21:01:06.150 [http-nio-8090-exec-6] DEBUG o.m.s.t.SpringManagedTransaction - JDBC Connection [com.mysql.jdbc.JDBC4Connection@324a6a12] will not be managed by Spring
21:01:06.150 [http-nio-8090-exec-6] DEBUG c.m.d.I.selectByItemId - ==>  Preparing: select id, stock, item_id from item_stock where item_id = ? 
21:01:06.150 [http-nio-8090-exec-6] DEBUG c.m.d.I.selectByItemId - ==> Parameters: 2(Integer)
21:01:06.151 [http-nio-8090-exec-6] DEBUG c.m.d.I.selectByItemId - <==      Total: 1
21:01:06.151 [http-nio-8090-exec-6] DEBUG org.mybatis.spring.SqlSessionUtils - Closing non transactional SqlSession [org.apache.ibatis.session.defaults.DefaultSqlSession@25dd6bb2]
21:01:06.151 [http-nio-8090-exec-6] DEBUG org.mybatis.spring.SqlSessionUtils - Creating a new SqlSession
21:01:06.151 [http-nio-8090-exec-6] DEBUG org.mybatis.spring.SqlSessionUtils - SqlSession [org.apache.ibatis.session.defaults.DefaultSqlSession@827f023] was not registered for synchronization because synchronization is not active
21:01:06.152 [http-nio-8090-exec-6] DEBUG o.s.jdbc.datasource.DataSourceUtils - Fetching JDBC Connection from DataSource
21:01:06.152 [http-nio-8090-exec-6] DEBUG o.m.s.t.SpringManagedTransaction - JDBC Connection [com.mysql.jdbc.JDBC4Connection@324a6a12] will not be managed by Spring
21:01:06.152 [http-nio-8090-exec-6] DEBUG c.m.d.I.selectByItemId - ==>  Preparing: select id, stock, item_id from item_stock where item_id = ? 
21:01:06.152 [http-nio-8090-exec-6] DEBUG c.m.d.I.selectByItemId - ==> Parameters: 1(Integer)
21:01:06.152 [http-nio-8090-exec-6] DEBUG c.m.d.I.selectByItemId - <==      Total: 1
21:01:06.152 [http-nio-8090-exec-6] DEBUG org.mybatis.spring.SqlSessionUtils - Closing non transactional SqlSession [org.apache.ibatis.session.defaults.DefaultSqlSession@827f023]
21:01:06.158 [http-nio-8090-exec-6] DEBUG o.s.w.s.m.m.a.RequestResponseBodyMethodProcessor - Using 'application/json', given [*/*] and supported [application/json, application/*+json, application/json, application/*+json]
21:01:06.158 [http-nio-8090-exec-6] DEBUG o.s.w.s.m.m.a.RequestResponseBodyMethodProcessor - Writing [com.miaoshaproject.response.CommonReturnType@2fcc73bd]
21:01:06.167 [http-nio-8090-exec-6] DEBUG o.s.web.servlet.DispatcherServlet - Completed 200 OK
21:01:06.167 [http-nio-8090-exec-6] DEBUG o.s.s.w.h.S.SESSION_LOGGER - No session found by id: Caching result for getSession(false) for this HttpServletRequest.
