20:45:58.231 [http-nio-8090-exec-6] DEBUG c.m.d.I.selectByPrimaryKey - ==> Parameters: 2(Integer)
20:45:58.240 [http-nio-8090-exec-6] DEBUG c.m.d.I.selectByPrimaryKey - <==      Total: 1
20:45:58.241 [http-nio-8090-exec-6] DEBUG org.mybatis.spring.SqlSessionUtils - Closing non transactional SqlSession [org.apache.ibatis.session.defaults.DefaultSqlSession@31b8e43f]
20:45:58.241 [http-nio-8090-exec-6] DEBUG org.mybatis.spring.SqlSessionUtils - Creating a new SqlSession
20:45:58.241 [http-nio-8090-exec-6] DEBUG org.mybatis.spring.SqlSessionUtils - SqlSession [org.apache.ibatis.session.defaults.DefaultSqlSession@33ebc02e] was not registered for synchronization because synchronization is not active
20:45:58.241 [http-nio-8090-exec-6] DEBUG o.s.jdbc.datasource.DataSourceUtils - Fetching JDBC Connection from DataSource
20:45:58.241 [http-nio-8090-exec-6] DEBUG o.m.s.t.SpringManagedTransaction - JDBC Connection [com.mysql.jdbc.JDBC4Connection@44f147d1] will not be managed by Spring
20:45:58.242 [http-nio-8090-exec-6] DEBUG c.m.d.I.selectByItemId - ==>  Preparing: select id, stock, item_id from item_stock where item_id = ? 
20:45:58.242 [http-nio-8090-exec-6] DEBUG c.m.d.I.selectByItemId - ==> Parameters: 2(Integer)
20:45:58.242 [http-nio-8090-exec-6] DEBUG c.m.d.I.selectByItemId - <==      Total: 1
20:45:58.243 [http-nio-8090-exec-6] DEBUG org.mybatis.spring.SqlSessionUtils - Closing non transactional SqlSession [org.apache.ibatis.session.defaults.DefaultSqlSession@33ebc02e]
20:45:58.243 [http-nio-8090-exec-6] DEBUG org.mybatis.spring.SqlSessionUtils - Creating a new SqlSession
20:45:58.243 [http-nio-8090-exec-6] DEBUG org.mybatis.spring.SqlSessionUtils - SqlSession [org.apache.ibatis.session.defaults.DefaultSqlSession@2266f345] was not registered for synchronization because synchronization is not active
20:45:58.243 [http-nio-8090-exec-6] DEBUG o.s.jdbc.datasource.DataSourceUtils - Fetching JDBC Connection from DataSource
20:45:58.243 [http-nio-8090-exec-6] DEBUG o.m.s.t.SpringManagedTransaction - JDBC Connection [com.mysql.jdbc.JDBC4Connection@44f147d1] will not be managed by Spring
20:45:58.243 [http-nio-8090-exec-6] DEBUG c.m.dao.PromoDOMapper.selectByItemId - ==>  Preparing: select id, promo_name, start_time, end_time, item_id, promo_item_price from promo where item_id = ? 
20:45:58.243 [http-nio-8090-exec-6] DEBUG c.m.dao.PromoDOMapper.selectByItemId - ==> Parameters: 2(Integer)
20:45:58.245 [http-nio-8090-exec-6] DEBUG c.m.dao.PromoDOMapper.selectByItemId - <==      Total: 1
20:45:58.245 [http-nio-8090-exec-6] DEBUG org.mybatis.spring.SqlSessionUtils - Closing non transactional SqlSession [org.apache.ibatis.session.defaults.DefaultSqlSession@2266f345]
20:45:58.257 [http-nio-8090-exec-6] DEBUG o.s.d.r.core.RedisConnectionUtils - Opening RedisConnection
20:45:58.258 [http-nio-8090-exec-6] DEBUG o.s.d.r.core.RedisConnectionUtils - Closing Redis Connection.
20:45:58.258 [http-nio-8090-exec-6] DEBUG o.s.d.r.core.RedisConnectionUtils - Opening RedisConnection
20:45:58.258 [http-nio-8090-exec-6] DEBUG o.s.d.r.core.RedisConnectionUtils - Closing Redis Connection.
20:45:58.262 [http-nio-8090-exec-6] DEBUG o.s.w.s.m.m.a.RequestResponseBodyMethodProcessor - Using 'application/json', given [*/*] and supported [application/json, application/*+json, application/json, application/*+json]
20:45:58.262 [http-nio-8090-exec-6] DEBUG o.s.w.s.m.m.a.RequestResponseBodyMethodProcessor - Writing [com.miaoshaproject.response.CommonReturnType@345b9afc]
20:45:58.262 [http-nio-8090-exec-6] DEBUG o.s.web.servlet.DispatcherServlet - Completed 200 OK
20:45:58.262 [http-nio-8090-exec-6] DEBUG o.s.s.w.h.S.SESSION_LOGGER - No session found by id: Caching result for getSession(false) for this HttpServletRequest.
