20:46:15.987 [http-nio-8090-exec-8] DEBUG org.mybatis.spring.SqlSessionUtils - Releasing transactional SqlSession [org.apache.ibatis.session.defaults.DefaultSqlSession@59eec30c]
20:46:15.993 [http-nio-8090-exec-8] DEBUG org.mybatis.spring.SqlSessionUtils - Fetched SqlSession [org.apache.ibatis.session.defaults.DefaultSqlSession@59eec30c] from current transaction
20:46:15.993 [http-nio-8090-exec-8] DEBUG c.m.d.I.selectByItemId - ==>  Preparing: select id, stock, item_id from item_stock where item_id = ? 
20:46:15.994 [http-nio-8090-exec-8] DEBUG c.m.d.I.selectByItemId - ==> Parameters: 2(Integer)
20:46:15.997 [http-nio-8090-exec-8] DEBUG c.m.d.I.selectByItemId - <==      Total: 1
20:46:15.998 [http-nio-8090-exec-8] DEBUG org.mybatis.spring.SqlSessionUtils - Releasing transactional SqlSession [org.apache.ibatis.session.defaults.DefaultSqlSession@59eec30c]
20:46:15.999 [http-nio-8090-exec-8] DEBUG org.mybatis.spring.SqlSessionUtils - Fetched SqlSession [org.apache.ibatis.session.defaults.DefaultSqlSession@59eec30c] from current transaction
20:46:16.001 [http-nio-8090-exec-8] DEBUG c.m.dao.PromoDOMapper.selectByItemId - ==>  Preparing: select id, promo_name, start_time, end_time, item_id, promo_item_price from promo where item_id = ? 
20:46:16.009 [http-nio-8090-exec-8] DEBUG c.m.dao.PromoDOMapper.selectByItemId - ==> Parameters: 2(Integer)
20:46:16.015 [http-nio-8090-exec-8] DEBUG c.m.dao.PromoDOMapper.selectByItemId - <==      Total: 1
20:46:16.020 [http-nio-8090-exec-8] DEBUG org.mybatis.spring.SqlSessionUtils - Releasing transactional SqlSession [org.apache.ibatis.session.defaults.DefaultSqlSession@59eec30c]
20:46:16.021 [http-nio-8090-exec-8] DEBUG o.s.d.r.core.RedisConnectionUtils - Opening RedisConnection
20:46:16.022 [http-nio-8090-exec-8] DEBUG o.s.d.r.core.RedisConnectionUtils - Closing Redis Connection.
20:46:16.023 [http-nio-8090-exec-8] DEBUG o.s.d.r.core.RedisConnectionUtils - Opening RedisConnection
20:46:16.024 [http-nio-8090-exec-8] DEBUG o.s.d.r.core.RedisConnectionUtils - Closing Redis Connection.
20:46:16.025 [http-nio-8090-exec-8] DEBUG o.s.d.r.core.RedisConnectionUtils - Opening RedisConnection
20:46:16.026 [http-nio-8090-exec-8] DEBUG o.s.d.r.core.RedisConnectionUtils - Closing Redis Connection.
20:46:16.027 [http-nio-8090-exec-8] DEBUG org.mybatis.spring.SqlSessionUtils - Fetched SqlSession [org.apache.ibatis.session.defaults.DefaultSqlSession@59eec30c] from current transaction
20:46:16.028 [http-nio-8090-exec-8] DEBUG c.m.d.U.selectByPrimaryKey - ==>  Preparing: select id, name, gender, age, telphone, register_mode, third_party_id from user_info where id = ? 
20:46:16.029 [http-nio-8090-exec-8] DEBUG c.m.d.U.selectByPrimaryKey - ==> Parameters: 8(Integer)
20:46:16.038 [http-nio-8090-exec-8] DEBUG c.m.d.U.selectByPrimaryKey - <==      Total: 1
20:46:16.044 [http-nio-8090-exec-8] DEBUG org.mybatis.spring.SqlSessionUtils - Releasing transactional SqlSession [org.apache.ibatis.session.defaults.DefaultSqlSession@59eec30c]
20:46:16.044 [http-nio-8090-exec-8] DEBUG org.mybatis.spring.SqlSessionUtils - Fetched SqlSession [org.apache.ibatis.session.defaults.DefaultSqlSession@59eec30c] from current transaction
20:46:16.046 [http-nio-8090-exec-8] DEBUG c.m.d.U.selectByUserId - ==>  Preparing: select id, encrpt_password, user_id from user_password where user_id = ? 
20:46:16.047 [http-nio-8090-exec-8] DEBUG c.m.d.U.selectByUserId - ==> Parameters: 8(Integer)
20:46:16.050 [http-nio-8090-exec-8] DEBUG c.m.d.U.selectByUserId - <==      Total: 1
20:46:16.050 [http-nio-8090-exec-8] DEBUG org.mybatis.spring.SqlSessionUtils - Releasing transactional SqlSession [org.apache.ibatis.session.defaults.DefaultSqlSession@59eec30c]
20:46:16.051 [http-nio-8090-exec-8] DEBUG o.s.d.r.core.RedisConnectionUtils - Opening RedisConnection
20:46:16.052 [http-nio-8090-exec-8] DEBUG o.s.d.r.core.RedisConnectionUtils - Closing Redis Connection.
20:46:16.053 [http-nio-8090-exec-8] DEBUG o.s.d.r.core.RedisConnectionUtils - Opening RedisConnection
20:46:16.054 [http-nio-8090-exec-8] DEBUG o.s.d.r.core.RedisConnectionUtils - Closing Redis Connection.
20:46:16.055 [http-nio-8090-exec-8] DEBUG o.s.j.d.DataSourceTransactionManager - Participating in existing transaction
