22:25:33.768 [main] DEBUG o.s.c.a.ClassPathBeanDefinitionScanner - Identified candidate component class: file [C:\Users\Lijian\Desktop\miaosha\target\classes\com\miaoshaproject\service\Impl\ItemServiceImpl.class]
22:25:33.774 [main] DEBUG o.s.c.a.ClassPathBeanDefinitionScanner - Identified candidate component class: file [C:\Users\Lijian\Desktop\miaosha\target\classes\com\miaoshaproject\service\Impl\OrderServiceImpl.class]
22:25:33.775 [main] DEBUG o.s.c.a.ClassPathBeanDefinitionScanner - Identified candidate component class: file [C:\Users\Lijian\Desktop\miaosha\target\classes\com\miaoshaproject\service\Impl\PromoServiceImpl.class]
22:25:33.776 [main] DEBUG o.s.c.a.ClassPathBeanDefinitionScanner - Identified candidate component class: file [C:\Users\Lijian\Desktop\miaosha\target\classes\com\miaoshaproject\service\Impl\UserServiceImpl.class]
22:25:33.780 [main] DEBUG o.s.c.a.ClassPathBeanDefinitionScanner - Identified candidate component class: file [C:\Users\Lijian\Desktop\miaosha\target\classes\com\miaoshaproject\validator\ValidatorImpl.class]
22:25:34.001 [main] DEBUG o.s.c.e.PropertySourcesPropertyResolver - Found key 'spring.datasource.type' in PropertySource 'configurationProperties' with value of type String
22:25:34.004 [main] DEBUG o.s.c.e.PropertySourcesPropertyResolver - Found key 'spring.datasource.type' in PropertySource 'configurationProperties' with value of type String
22:25:34.005 [main] DEBUG o.s.c.e.PropertySourcesPropertyResolver - Found key 'spring.datasource.type' in PropertySource 'configurationProperties' with value of type String
22:25:34.006 [main] DEBUG o.s.c.e.PropertySourcesPropertyResolver - Found key 'spring.jmx.enabled' in PropertySource 'configurationProperties' with value of type String
22:25:34.011 [main] DEBUG o.s.c.e.PropertySourcesPropertyResolver - Found key 'spring.datasource.type' in PropertySource 'configurationProperties' with value of type String
22:25:34.026 [main] DEBUG o.s.c.e.PropertySourcesPropertyResolver - Found key 'spring.jmx.enabled' in PropertySource 'configurationProperties' with value of type String
22:25:34.027 [main] DEBUG o.s.c.e.PropertySourcesPropertyResolver - Found key 'spring.application.admin.enabled' in PropertySource 'configurationProperties' with value of type String
22:25:34.189 [main] DEBUG o.m.s.mapper.ClassPathMapperScanner - Identified candidate component class: file [C:\Users\Lijian\Desktop\miaosha\target\classes\com\miaoshaproject\dao\ItemDOMapper.class]
22:25:34.189 [main] DEBUG o.m.s.mapper.ClassPathMapperScanner - Identified candidate component class: file [C:\Users\Lijian\Desktop\miaosha\target\classes\com\miaoshaproject\dao\ItemStockDOMapper.class]
22:25:34.189 [main] DEBUG o.m.s.mapper.ClassPathMapperScanner - Identified candidate component class: file [C:\Users\Lijian\Desktop\miaosha\target\classes\com\miaoshaproject\dao\OrderInfoDOMapper.class]
22:25:34.189 [main] DEBUG o.m.s.mapper.ClassPathMapperScanner - Identified candidate component class: file [C:\Users\Lijian\Desktop\miaosha\target\classes\com\miaoshaproject\dao\PromoDOMapper.class]
22:25:34.190 [main] DEBUG o.m.s.mapper.ClassPathMapperScanner - Identified candidate component class: file [C:\Users\Lijian\Desktop\miaosha\target\classes\com\miaoshaproject\dao\SequenceDoMapper.class]
22:25:34.190 [main] DEBUG o.m.s.mapper.ClassPathMapperScanner - Identified candidate component class: file [C:\Users\Lijian\Desktop\miaosha\target\classes\com\miaoshaproject\dao\StockLogDOMapper.class]
22:25:34.190 [main] DEBUG o.m.s.mapper.ClassPathMapperScanner - Identified candidate component class: file [C:\Users\Lijian\Desktop\miaosha\target\classes\com\miaoshaproject\dao\UserDOMapper.class]
22:25:34.190 [main] DEBUG o.m.s.mapper.ClassPathMapperScanner - Identified candidate component class: file [C:\Users\Lijian\Desktop\miaosha\target\classes\com\miaoshaproject\dao\UserPasswordDOMapper.class]
22:25:34.191 [main] DEBUG o.m.s.mapper.ClassPathMapperScanner - Creating MapperFactoryBean with name 'itemDOMapper' and 'com.miaoshaproject.dao.ItemDOMapper' mapperInterface
22:25:34.192 [main] DEBUG o.m.s.mapper.ClassPathMapperScanner - Enabling autowire by type for MapperFactoryBean with name 'itemDOMapper'.
22:25:34.192 [main] DEBUG o.m.s.mapper.ClassPathMapperScanner - Creating MapperFactoryBean with name 'itemStockDOMapper' and 'com.miaoshaproject.dao.ItemStockDOMapper' mapperInterface
22:25:34.192 [main] DEBUG o.m.s.mapper.ClassPathMapperScanner - Enabling autowire by type for MapperFactoryBean with name 'itemStockDOMapper'.
22:25:34.192 [main] DEBUG o.m.s.mapper.ClassPathMapperScanner - Creating MapperFactoryBean with name 'orderInfoDOMapper' and 'com.miaoshaproject.dao.OrderInfoDOMapper' mapperInterface
22:25:34.192 [main] DEBUG o.m.s.mapper.ClassPathMapperScanner - Enabling autowire by type for MapperFactoryBean with name 'orderInfoDOMapper'.
22:25:34.192 [main] DEBUG o.m.s.mapper.ClassPathMapperScanner - Creating MapperFactoryBean with name 'promoDOMapper' and 'com.miaoshaproject.dao.PromoDOMapper' mapperInterface
22:25:34.192 [main] DEBUG o.m.s.mapper.ClassPathMapperScanner - Enabling autowire by type for MapperFactoryBean with name 'promoDOMapper'.
22:25:34.192 [main] DEBUG o.m.s.mapper.ClassPathMapperScanner - Creating MapperFactoryBean with name 'sequenceDoMapper' and 'com.miaoshaproject.dao.SequenceDoMapper' mapperInterface
22:25:34.192 [main] DEBUG o.m.s.mapper.ClassPathMapperScanner - Enabling autowire by type for MapperFactoryBean with name 'sequenceDoMapper'.
22:25:34.192 [main] DEBUG o.m.s.mapper.ClassPathMapperScanner - Creating MapperFactoryBean with name 'stockLogDOMapper' and 'com.miaoshaproject.dao.StockLogDOMapper' mapperInterface
22:25:34.192 [main] DEBUG o.m.s.mapper.ClassPathMapperScanner - Enabling autowire by type for MapperFactoryBean with name 'stockLogDOMapper'.
